.....
----------------------------------------------------------------------
Ran 5 tests in 0.003s

OK
......
----------------------------------------------------------------------
Ran 6 tests in 0.003s

OK
.....
----------------------------------------------------------------------
Ran 5 tests in 0.004s

OK
.
----------------------------------------------------------------------
Ran 1 test in 0.002s

OK
.....
----------------------------------------------------------------------
Ran 5 tests in 0.039s

OK
.....
----------------------------------------------------------------------
Ran 5 tests in 0.011s

OK
.....
----------------------------------------------------------------------
Ran 5 tests in 0.007s

OK
.....
----------------------------------------------------------------------
Ran 5 tests in 0.008s

OK
.....
----------------------------------------------------------------------
Ran 5 tests in 0.010s

OK
.
----------------------------------------------------------------------
Ran 1 test in 0.003s

OK
.....
----------------------------------------------------------------------
Ran 5 tests in 0.002s

OK
.....
----------------------------------------------------------------------
Ran 5 tests in 0.004s

OK
.....
----------------------------------------------------------------------
Ran 5 tests in 0.003s

OK
.
----------------------------------------------------------------------
Ran 1 test in 0.001s

OK
.....
----------------------------------------------------------------------
Ran 5 tests in 0.007s

OK
.....
----------------------------------------------------------------------
Ran 5 tests in 0.006s

OK
.....
----------------------------------------------------------------------
Ran 5 tests in 0.004s

OK
.....
----------------------------------------------------------------------
Ran 5 tests in 0.003s

OK
.
----------------------------------------------------------------------
Ran 1 test in 0.001s

OK
......
----------------------------------------------------------------------
Ran 6 tests in 0.004s

OK
......
----------------------------------------------------------------------
Ran 6 tests in 0.006s

OK
FFFFF
======================================================================
FAIL: test_process_xml_data_1 (ClassEval_98_0.XMLProcessorTestProcessXmlData.test_process_xml_data_1)
----------------------------------------------------------------------
Traceback (most recent call last):
  File "/Users/snigdhaghoshdastidar/Desktop/CS540/classeval_evaluation/ClassEval_98_0.py", line 346, in test_process_xml_data_1
    self.assertEqual(lst[0].text, 'APPLE')
AssertionError: 'Modified: apple' != 'APPLE'
- Modified: apple
+ APPLE


======================================================================
FAIL: test_process_xml_data_2 (ClassEval_98_0.XMLProcessorTestProcessXmlData.test_process_xml_data_2)
----------------------------------------------------------------------
Traceback (most recent call last):
  File "/Users/snigdhaghoshdastidar/Desktop/CS540/classeval_evaluation/ClassEval_98_0.py", line 371, in test_process_xml_data_2
    self.assertEqual(lst[0].text, 'APPLE')
AssertionError: 'Modified: apple' != 'APPLE'
- Modified: apple
+ APPLE


======================================================================
FAIL: test_process_xml_data_3 (ClassEval_98_0.XMLProcessorTestProcessXmlData.test_process_xml_data_3)
----------------------------------------------------------------------
Traceback (most recent call last):
  File "/Users/snigdhaghoshdastidar/Desktop/CS540/classeval_evaluation/ClassEval_98_0.py", line 395, in test_process_xml_data_3
    self.assertEqual(lst[0].text, 'APPLE')
AssertionError: 'Modified: apple' != 'APPLE'
- Modified: apple
+ APPLE


======================================================================
FAIL: test_process_xml_data_4 (ClassEval_98_0.XMLProcessorTestProcessXmlData.test_process_xml_data_4)
----------------------------------------------------------------------
Traceback (most recent call last):
  File "/Users/snigdhaghoshdastidar/Desktop/CS540/classeval_evaluation/ClassEval_98_0.py", line 418, in test_process_xml_data_4
    self.assertEqual(lst[0].text, 'APPLE')
AssertionError: 'Modified: apple' != 'APPLE'
- Modified: apple
+ APPLE


======================================================================
FAIL: test_process_xml_data_5 (ClassEval_98_0.XMLProcessorTestProcessXmlData.test_process_xml_data_5)
----------------------------------------------------------------------
Traceback (most recent call last):
  File "/Users/snigdhaghoshdastidar/Desktop/CS540/classeval_evaluation/ClassEval_98_0.py", line 442, in test_process_xml_data_5
    self.assertEqual(lst[0].text, 'AAA')
AssertionError: 'Modified: aaa' != 'AAA'
- Modified: aaa
+ AAA


----------------------------------------------------------------------
Ran 5 tests in 0.008s

FAILED (failures=5)
.....
----------------------------------------------------------------------
Ran 5 tests in 0.004s

OK
F
======================================================================
FAIL: test_XMLProcessor (ClassEval_98_0.XMLProcessorTest.test_XMLProcessor)
----------------------------------------------------------------------
Traceback (most recent call last):
  File "/Users/snigdhaghoshdastidar/Desktop/CS540/classeval_evaluation/ClassEval_98_0.py", line 580, in test_XMLProcessor
    self.assertEqual(lst[0].text, 'APPLE')
AssertionError: 'Modified: apple' != 'APPLE'
- Modified: apple
+ APPLE


----------------------------------------------------------------------
Ran 1 test in 0.003s

FAILED (failures=1)
......
----------------------------------------------------------------------
Ran 6 tests in 0.009s

OK
......
----------------------------------------------------------------------
Ran 6 tests in 0.010s

OK
......
----------------------------------------------------------------------
Ran 6 tests in 0.009s

OK
......
----------------------------------------------------------------------
Ran 6 tests in 0.009s

OK
.
----------------------------------------------------------------------
Ran 1 test in 0.003s

OK
