.....
----------------------------------------------------------------------
Ran 5 tests in 0.000s

OK
.....
----------------------------------------------------------------------
Ran 5 tests in 0.000s

OK
.....
----------------------------------------------------------------------
Ran 5 tests in 0.000s

OK
.....
----------------------------------------------------------------------
Ran 5 tests in 0.000s

OK
.
----------------------------------------------------------------------
Ran 1 test in 0.000s

OK
.....
----------------------------------------------------------------------
Ran 5 tests in 0.000s

OK
.....
----------------------------------------------------------------------
Ran 5 tests in 0.000s

OK
.
----------------------------------------------------------------------
Ran 1 test in 0.000s

OK
.....
----------------------------------------------------------------------
Ran 5 tests in 0.000s

OK
.......
----------------------------------------------------------------------
Ran 7 tests in 0.001s

OK
...
----------------------------------------------------------------------
Ran 3 tests in 0.000s

OK
.....
----------------------------------------------------------------------
Ran 5 tests in 0.000s

OK
.FF.F
======================================================================
FAIL: test_calculate_binary_info_2 (ClassEval_10_0.BinaryDataProcessorTestCalculateBinaryInfo.test_calculate_binary_info_2)
----------------------------------------------------------------------
Traceback (most recent call last):
  File "/Users/snigdhaghoshdastidar/Desktop/CS540/classeval_evaluation/ClassEval_10_0.py", line 107, in test_calculate_binary_info_2
    self.assertEqual(bdp.calculate_binary_info(), {'Bit length': 28, 'Ones': 0.5357142857142857, 'Zeroes': 0.4642857142857143})
AssertionError: {'Zeroes': 0.464, 'Ones': 0.536, 'Bit length': 28} != {'Bit length': 28, 'Ones': 0.5357142857142857, 'Zeroes': 0.4642857142857143}
- {'Bit length': 28, 'Ones': 0.536, 'Zeroes': 0.464}
?                                ^

+ {'Bit length': 28, 'Ones': 0.5357142857142857, 'Zeroes': 0.4642857142857143}
?                                ^^^^^^^^^^^^^^                 +++++++++++++


======================================================================
FAIL: test_calculate_binary_info_3 (ClassEval_10_0.BinaryDataProcessorTestCalculateBinaryInfo.test_calculate_binary_info_3)
----------------------------------------------------------------------
Traceback (most recent call last):
  File "/Users/snigdhaghoshdastidar/Desktop/CS540/classeval_evaluation/ClassEval_10_0.py", line 111, in test_calculate_binary_info_3
    self.assertEqual(bdp.calculate_binary_info(), {'Bit length': 29, 'Ones': 0.6206896551724138, 'Zeroes': 0.3793103448275862})
AssertionError: {'Zeroes': 0.379, 'Ones': 0.621, 'Bit length': 29} != {'Bit length': 29, 'Ones': 0.6206896551724138, 'Zeroes': 0.3793103448275862}
- {'Bit length': 29, 'Ones': 0.621, 'Zeroes': 0.379}
+ {'Bit length': 29, 'Ones': 0.6206896551724138, 'Zeroes': 0.3793103448275862}
?                                +++++++ ++++++                 +++++++++++++


======================================================================
FAIL: test_calculate_binary_info_5 (ClassEval_10_0.BinaryDataProcessorTestCalculateBinaryInfo.test_calculate_binary_info_5)
----------------------------------------------------------------------
Traceback (most recent call last):
  File "/Users/snigdhaghoshdastidar/Desktop/CS540/classeval_evaluation/ClassEval_10_0.py", line 119, in test_calculate_binary_info_5
    self.assertEqual(bdp.calculate_binary_info(), {'Bit length': 16, 'Ones': 0.5625, 'Zeroes': 0.4375})
AssertionError: {'Zeroes': 0.438, 'Ones': 0.562, 'Bit length': 16} != {'Bit length': 16, 'Ones': 0.5625, 'Zeroes': 0.4375}
- {'Bit length': 16, 'Ones': 0.562, 'Zeroes': 0.438}
?                                                 ^

+ {'Bit length': 16, 'Ones': 0.5625, 'Zeroes': 0.4375}
?                                 +                ^^


----------------------------------------------------------------------
Ran 5 tests in 0.003s

FAILED (failures=3)
.....
----------------------------------------------------------------------
Ran 5 tests in 0.000s

OK
.....
----------------------------------------------------------------------
Ran 5 tests in 0.000s

OK
.
----------------------------------------------------------------------
Ran 1 test in 0.001s

OK
.....
----------------------------------------------------------------------
Ran 5 tests in 0.001s

OK
E.EEE
======================================================================
ERROR: test_has (ClassEval_11_0.BitStatusUtilTestHas.test_has)
----------------------------------------------------------------------
Traceback (most recent call last):
  File "/Users/snigdhaghoshdastidar/Desktop/CS540/classeval_evaluation/ClassEval_11_0.py", line 97, in test_has
    self.assertTrue(bit_status_util.has(6, 2))
                    ^^^^^^^^^^^^^^^^^^^^^^^^^
  File "/Users/snigdhaghoshdastidar/Desktop/CS540/classeval_evaluation/ClassEval_11_0.py", line 33, in has
    BitStatusUtil.check([states, stat])
  File "/Users/snigdhaghoshdastidar/Desktop/CS540/classeval_evaluation/ClassEval_11_0.py", line 67, in check
    raise ValueError(f"{arg} is not a power of 2")
ValueError: 6 is not a power of 2

======================================================================
ERROR: test_has_3 (ClassEval_11_0.BitStatusUtilTestHas.test_has_3)
----------------------------------------------------------------------
Traceback (most recent call last):
  File "/Users/snigdhaghoshdastidar/Desktop/CS540/classeval_evaluation/ClassEval_11_0.py", line 105, in test_has_3
    self.assertTrue(bit_status_util.has(6, 4))
                    ^^^^^^^^^^^^^^^^^^^^^^^^^
  File "/Users/snigdhaghoshdastidar/Desktop/CS540/classeval_evaluation/ClassEval_11_0.py", line 33, in has
    BitStatusUtil.check([states, stat])
  File "/Users/snigdhaghoshdastidar/Desktop/CS540/classeval_evaluation/ClassEval_11_0.py", line 67, in check
    raise ValueError(f"{arg} is not a power of 2")
ValueError: 6 is not a power of 2

======================================================================
ERROR: test_has_4 (ClassEval_11_0.BitStatusUtilTestHas.test_has_4)
----------------------------------------------------------------------
Traceback (most recent call last):
  File "/Users/snigdhaghoshdastidar/Desktop/CS540/classeval_evaluation/ClassEval_11_0.py", line 109, in test_has_4
    self.assertFalse(bit_status_util.has(8, 6))
                     ^^^^^^^^^^^^^^^^^^^^^^^^^
  File "/Users/snigdhaghoshdastidar/Desktop/CS540/classeval_evaluation/ClassEval_11_0.py", line 33, in has
    BitStatusUtil.check([states, stat])
  File "/Users/snigdhaghoshdastidar/Desktop/CS540/classeval_evaluation/ClassEval_11_0.py", line 67, in check
    raise ValueError(f"{arg} is not a power of 2")
ValueError: 6 is not a power of 2

======================================================================
ERROR: test_has_5 (ClassEval_11_0.BitStatusUtilTestHas.test_has_5)
----------------------------------------------------------------------
Traceback (most recent call last):
  File "/Users/snigdhaghoshdastidar/Desktop/CS540/classeval_evaluation/ClassEval_11_0.py", line 113, in test_has_5
    self.assertTrue(bit_status_util.has(6, 6))
                    ^^^^^^^^^^^^^^^^^^^^^^^^^
  File "/Users/snigdhaghoshdastidar/Desktop/CS540/classeval_evaluation/ClassEval_11_0.py", line 33, in has
    BitStatusUtil.check([states, stat])
  File "/Users/snigdhaghoshdastidar/Desktop/CS540/classeval_evaluation/ClassEval_11_0.py", line 67, in check
    raise ValueError(f"{arg} is not a power of 2")
ValueError: 6 is not a power of 2

----------------------------------------------------------------------
Ran 5 tests in 0.002s

FAILED (errors=4)
E.EEE
======================================================================
ERROR: test_remove (ClassEval_11_0.BitStatusUtilTestRemove.test_remove)
----------------------------------------------------------------------
Traceback (most recent call last):
  File "/Users/snigdhaghoshdastidar/Desktop/CS540/classeval_evaluation/ClassEval_11_0.py", line 119, in test_remove
    self.assertEqual(bit_status_util.remove(6, 2), 4)
                     ^^^^^^^^^^^^^^^^^^^^^^^^^^^^
  File "/Users/snigdhaghoshdastidar/Desktop/CS540/classeval_evaluation/ClassEval_11_0.py", line 47, in remove
    BitStatusUtil.check([states, stat])
  File "/Users/snigdhaghoshdastidar/Desktop/CS540/classeval_evaluation/ClassEval_11_0.py", line 67, in check
    raise ValueError(f"{arg} is not a power of 2")
ValueError: 6 is not a power of 2

======================================================================
ERROR: test_remove_3 (ClassEval_11_0.BitStatusUtilTestRemove.test_remove_3)
----------------------------------------------------------------------
Traceback (most recent call last):
  File "/Users/snigdhaghoshdastidar/Desktop/CS540/classeval_evaluation/ClassEval_11_0.py", line 127, in test_remove_3
    self.assertEqual(bit_status_util.remove(6, 4), 2)
                     ^^^^^^^^^^^^^^^^^^^^^^^^^^^^
  File "/Users/snigdhaghoshdastidar/Desktop/CS540/classeval_evaluation/ClassEval_11_0.py", line 47, in remove
    BitStatusUtil.check([states, stat])
  File "/Users/snigdhaghoshdastidar/Desktop/CS540/classeval_evaluation/ClassEval_11_0.py", line 67, in check
    raise ValueError(f"{arg} is not a power of 2")
ValueError: 6 is not a power of 2

======================================================================
ERROR: test_remove_4 (ClassEval_11_0.BitStatusUtilTestRemove.test_remove_4)
----------------------------------------------------------------------
Traceback (most recent call last):
  File "/Users/snigdhaghoshdastidar/Desktop/CS540/classeval_evaluation/ClassEval_11_0.py", line 131, in test_remove_4
    self.assertEqual(bit_status_util.remove(8, 6), 8)
                     ^^^^^^^^^^^^^^^^^^^^^^^^^^^^
  File "/Users/snigdhaghoshdastidar/Desktop/CS540/classeval_evaluation/ClassEval_11_0.py", line 47, in remove
    BitStatusUtil.check([states, stat])
  File "/Users/snigdhaghoshdastidar/Desktop/CS540/classeval_evaluation/ClassEval_11_0.py", line 67, in check
    raise ValueError(f"{arg} is not a power of 2")
ValueError: 6 is not a power of 2

======================================================================
ERROR: test_remove_5 (ClassEval_11_0.BitStatusUtilTestRemove.test_remove_5)
----------------------------------------------------------------------
Traceback (most recent call last):
  File "/Users/snigdhaghoshdastidar/Desktop/CS540/classeval_evaluation/ClassEval_11_0.py", line 135, in test_remove_5
    self.assertEqual(bit_status_util.remove(6, 6), 0)
                     ^^^^^^^^^^^^^^^^^^^^^^^^^^^^
  File "/Users/snigdhaghoshdastidar/Desktop/CS540/classeval_evaluation/ClassEval_11_0.py", line 47, in remove
    BitStatusUtil.check([states, stat])
  File "/Users/snigdhaghoshdastidar/Desktop/CS540/classeval_evaluation/ClassEval_11_0.py", line 67, in check
    raise ValueError(f"{arg} is not a power of 2")
ValueError: 6 is not a power of 2

----------------------------------------------------------------------
Ran 5 tests in 0.002s

FAILED (errors=4)
.....
----------------------------------------------------------------------
Ran 5 tests in 0.000s

OK
E
======================================================================
ERROR: test_main (ClassEval_11_0.BitStatusUtilTestMain.test_main)
----------------------------------------------------------------------
Traceback (most recent call last):
  File "/Users/snigdhaghoshdastidar/Desktop/CS540/classeval_evaluation/ClassEval_11_0.py", line 168, in test_main
    self.assertTrue(bit_status_util.has(6, 2))
                    ^^^^^^^^^^^^^^^^^^^^^^^^^
  File "/Users/snigdhaghoshdastidar/Desktop/CS540/classeval_evaluation/ClassEval_11_0.py", line 33, in has
    BitStatusUtil.check([states, stat])
  File "/Users/snigdhaghoshdastidar/Desktop/CS540/classeval_evaluation/ClassEval_11_0.py", line 67, in check
    raise ValueError(f"{arg} is not a power of 2")
ValueError: 6 is not a power of 2

----------------------------------------------------------------------
Ran 1 test in 0.000s

FAILED (errors=1)
.....
----------------------------------------------------------------------
Ran 5 tests in 0.000s

OK
..F.F
======================================================================
FAIL: test_mismatch_in_text_3 (ClassEval_15_0.BoyerMooreSearchTestMismatchInText.test_mismatch_in_text_3)
----------------------------------------------------------------------
Traceback (most recent call last):
  File "/Users/snigdhaghoshdastidar/Desktop/CS540/classeval_evaluation/ClassEval_15_0.py", line 108, in test_mismatch_in_text_3
    self.assertEqual(boyerMooreSearch.mismatch_in_text(0), 2)
AssertionError: 1 != 2

======================================================================
FAIL: test_mismatch_in_text_5 (ClassEval_15_0.BoyerMooreSearchTestMismatchInText.test_mismatch_in_text_5)
----------------------------------------------------------------------
Traceback (most recent call last):
  File "/Users/snigdhaghoshdastidar/Desktop/CS540/classeval_evaluation/ClassEval_15_0.py", line 116, in test_mismatch_in_text_5
    self.assertEqual(boyerMooreSearch.mismatch_in_text(3), 5)
AssertionError: 2 != 5

----------------------------------------------------------------------
Ran 5 tests in 0.001s

FAILED (failures=2)
.....
----------------------------------------------------------------------
Ran 5 tests in 0.000s

OK
.
----------------------------------------------------------------------
Ran 1 test in 0.000s

OK
.....
----------------------------------------------------------------------
Ran 5 tests in 0.000s

OK
.....
----------------------------------------------------------------------
Ran 5 tests in 0.001s

OK
.....
----------------------------------------------------------------------
Ran 5 tests in 0.000s

OK
.....
----------------------------------------------------------------------
Ran 5 tests in 0.000s

OK
.....
----------------------------------------------------------------------
Ran 5 tests in 0.000s

OK
.....E
======================================================================
ERROR: test_convert_key_6 (ClassEval_18_0.CamelCaseMapTestConvertKey.test_convert_key_6)
----------------------------------------------------------------------
Traceback (most recent call last):
  File "/Users/snigdhaghoshdastidar/Desktop/CS540/classeval_evaluation/ClassEval_18_0.py", line 327, in test_convert_key_6
    self.assertEqual(camelize_map._convert_key(1234), 1234)
                     ^^^^^^^^^^^^^^^^^^^^^^^^^^^^^^^
  File "/Users/snigdhaghoshdastidar/Desktop/CS540/classeval_evaluation/ClassEval_18_0.py", line 93, in _convert_key
    return self._to_camel_case(key)
           ^^^^^^^^^^^^^^^^^^^^^^^^
  File "/Users/snigdhaghoshdastidar/Desktop/CS540/classeval_evaluation/ClassEval_18_0.py", line 104, in _to_camel_case
    components = key.split('_')
                 ^^^^^^^^^
AttributeError: 'int' object has no attribute 'split'

----------------------------------------------------------------------
Ran 6 tests in 0.002s

FAILED (errors=1)
.....
----------------------------------------------------------------------
Ran 5 tests in 0.000s

OK
.
----------------------------------------------------------------------
Ran 1 test in 0.000s

OK
.....E
======================================================================
ERROR: test_convert_6 (ClassEval_27_0.CurrencyConverterTestConvert.test_convert_6)
----------------------------------------------------------------------
Traceback (most recent call last):
  File "/Users/snigdhaghoshdastidar/Desktop/CS540/classeval_evaluation/ClassEval_27_0.py", line 124, in test_convert_6
    res = cc.convert(64, '???', 'USD')
          ^^^^^^^^^^^^^^^^^^^^^^^^^^^^
  File "/Users/snigdhaghoshdastidar/Desktop/CS540/classeval_evaluation/ClassEval_27_0.py", line 35, in convert
    raise ValueError("Unsupported currency")
ValueError: Unsupported currency

----------------------------------------------------------------------
Ran 6 tests in 0.001s

FAILED (errors=1)
.....
----------------------------------------------------------------------
Ran 5 tests in 0.000s

OK
......
----------------------------------------------------------------------
Ran 6 tests in 0.000s

OK
......
----------------------------------------------------------------------
Ran 6 tests in 0.001s

OK
.
----------------------------------------------------------------------
Ran 1 test in 0.000s

OK
.......
----------------------------------------------------------------------
Ran 7 tests in 0.001s

OK
......
----------------------------------------------------------------------
Ran 6 tests in 0.000s

OK
FFFFF
======================================================================
FAIL: test_rail_fence_decipher (ClassEval_32_0.DecryptionUtilsTestRailFenceDecipher.test_rail_fence_decipher)
----------------------------------------------------------------------
Traceback (most recent call last):
  File "/Users/snigdhaghoshdastidar/Desktop/CS540/classeval_evaluation/ClassEval_32_0.py", line 156, in test_rail_fence_decipher
    self.assertEqual(d.rail_fence_decipher('Hoo!el,Wrdl l', 3), 'Hello, World!')
AssertionError: 'Hoo!el,Wrdl l' != 'Hello, World!'
- Hoo!el,Wrdl l
+ Hello, World!


======================================================================
FAIL: test_rail_fence_decipher_2 (ClassEval_32_0.DecryptionUtilsTestRailFenceDecipher.test_rail_fence_decipher_2)
----------------------------------------------------------------------
Traceback (most recent call last):
  File "/Users/snigdhaghoshdastidar/Desktop/CS540/classeval_evaluation/ClassEval_32_0.py", line 160, in test_rail_fence_decipher_2
    self.assertEqual(d.rail_fence_decipher('Hoo!el,Wrdl l', 4), 'H!W reoldll,o')
AssertionError: 'Hoo!el,Wrdl l' != 'H!W reoldll,o'
- Hoo!el,Wrdl l
+ H!W reoldll,o


======================================================================
FAIL: test_rail_fence_decipher_3 (ClassEval_32_0.DecryptionUtilsTestRailFenceDecipher.test_rail_fence_decipher_3)
----------------------------------------------------------------------
Traceback (most recent call last):
  File "/Users/snigdhaghoshdastidar/Desktop/CS540/classeval_evaluation/ClassEval_32_0.py", line 164, in test_rail_fence_decipher_3
    self.assertEqual(d.rail_fence_decipher('Hoo!el,Wrdl l', 5), 'Holr d,!oeWll')
AssertionError: 'Hoo!el,Wrdl l' != 'Holr d,!oeWll'
- Hoo!el,Wrdl l
+ Holr d,!oeWll


======================================================================
FAIL: test_rail_fence_decipher_4 (ClassEval_32_0.DecryptionUtilsTestRailFenceDecipher.test_rail_fence_decipher_4)
----------------------------------------------------------------------
Traceback (most recent call last):
  File "/Users/snigdhaghoshdastidar/Desktop/CS540/classeval_evaluation/ClassEval_32_0.py", line 168, in test_rail_fence_decipher_4
    self.assertEqual(d.rail_fence_decipher('Hoo!el,Wrdl l', 6), 'Holrll d,!oeW')
AssertionError: 'Hoo!el,Wrdl l' != 'Holrll d,!oeW'
- Hoo!el,Wrdl l
+ Holrll d,!oeW


======================================================================
FAIL: test_rail_fence_decipher_5 (ClassEval_32_0.DecryptionUtilsTestRailFenceDecipher.test_rail_fence_decipher_5)
----------------------------------------------------------------------
Traceback (most recent call last):
  File "/Users/snigdhaghoshdastidar/Desktop/CS540/classeval_evaluation/ClassEval_32_0.py", line 172, in test_rail_fence_decipher_5
    self.assertEqual(d.rail_fence_decipher('Hoo!el,Wrdl l', 7), 'Hoe,rll dWl!o')
AssertionError: 'Hoo!el,Wrdl l' != 'Hoe,rll dWl!o'
- Hoo!el,Wrdl l
+ Hoe,rll dWl!o


----------------------------------------------------------------------
Ran 5 tests in 0.005s

FAILED (failures=5)
F
======================================================================
FAIL: test_main (ClassEval_32_0.DecryptionUtilsTestMain.test_main)
----------------------------------------------------------------------
Traceback (most recent call last):
  File "/Users/snigdhaghoshdastidar/Desktop/CS540/classeval_evaluation/ClassEval_32_0.py", line 180, in test_main
    self.assertEqual(d.rail_fence_decipher('Hoo!el,Wrdl l', 3), 'Hello, World!')
AssertionError: 'Hoo!el,Wrdl l' != 'Hello, World!'
- Hoo!el,Wrdl l
+ Hello, World!


----------------------------------------------------------------------
Ran 1 test in 0.001s

FAILED (failures=1)
......
----------------------------------------------------------------------
Ran 6 tests in 0.000s

OK
.....
----------------------------------------------------------------------
Ran 5 tests in 0.000s

OK
......
----------------------------------------------------------------------
Ran 6 tests in 0.001s

OK
.
----------------------------------------------------------------------
Ran 1 test in 0.000s

OK
.FFFF.E
======================================================================
ERROR: test_interpolate_1d_7 (ClassEval_46_0.InterpolationTestInterpolate1d.test_interpolate_1d_7)
----------------------------------------------------------------------
Traceback (most recent call last):
  File "/Users/snigdhaghoshdastidar/Desktop/CS540/classeval_evaluation/ClassEval_46_0.py", line 84, in test_interpolate_1d_7
    self.assertEqual(interpolation.interpolate_1d([], [], [[], []]), [])
                     ^^^^^^^^^^^^^^^^^^^^^^^^^^^^^^^^^^^^^^^^^^^^^^
  File "/Users/snigdhaghoshdastidar/Desktop/CS540/classeval_evaluation/ClassEval_46_0.py", line 26, in interpolate_1d
    f = interp1d(x, y, kind='linear')
        ^^^^^^^^^^^^^^^^^^^^^^^^^^^^^
  File "/opt/miniconda3/lib/python3.12/site-packages/scipy/interpolate/_interpolate.py", line 543, in __init__
    self._y = self._reshape_yi(self.y)
              ^^^^^^^^^^^^^^^^^^^^^^^^
  File "/opt/miniconda3/lib/python3.12/site-packages/scipy/interpolate/_polyint.py", line 113, in _reshape_yi
    return yi.reshape((yi.shape[0], -1))
           ^^^^^^^^^^^^^^^^^^^^^^^^^^^^^
ValueError: cannot reshape array of size 0 into shape (0,newaxis)

======================================================================
FAIL: test_interpolate_1d_2 (ClassEval_46_0.InterpolationTestInterpolate1d.test_interpolate_1d_2)
----------------------------------------------------------------------
Traceback (most recent call last):
  File "/Users/snigdhaghoshdastidar/Desktop/CS540/classeval_evaluation/ClassEval_46_0.py", line 64, in test_interpolate_1d_2
    self.assertEqual(interpolation.interpolate_1d([1, 6, 4], [1, 2, 5], [1.5, 2.5]), [1.1, 1.3])
AssertionError: Lists differ: [1.6666666666666665, 3.0] != [1.1, 1.3]

First differing element 0:
1.6666666666666665
1.1

- [1.6666666666666665, 3.0]
+ [1.1, 1.3]

======================================================================
FAIL: test_interpolate_1d_3 (ClassEval_46_0.InterpolationTestInterpolate1d.test_interpolate_1d_3)
----------------------------------------------------------------------
Traceback (most recent call last):
  File "/Users/snigdhaghoshdastidar/Desktop/CS540/classeval_evaluation/ClassEval_46_0.py", line 68, in test_interpolate_1d_3
    self.assertEqual(interpolation.interpolate_1d([1, 6, 4], [1, 7, 5], [1.5, 2.5]), [1.6, 2.8])
AssertionError: Lists differ: [1.6666666666666665, 3.0] != [1.6, 2.8]

First differing element 0:
1.6666666666666665
1.6

- [1.6666666666666665, 3.0]
+ [1.6, 2.8]

======================================================================
FAIL: test_interpolate_1d_4 (ClassEval_46_0.InterpolationTestInterpolate1d.test_interpolate_1d_4)
----------------------------------------------------------------------
Traceback (most recent call last):
  File "/Users/snigdhaghoshdastidar/Desktop/CS540/classeval_evaluation/ClassEval_46_0.py", line 72, in test_interpolate_1d_4
    self.assertEqual(interpolation.interpolate_1d([1, 6, 4], [1, 2, 5], [2, 3]), [1.2, 1.4])
AssertionError: Lists differ: [2.333333333333333, 3.6666666666666665] != [1.2, 1.4]

First differing element 0:
2.333333333333333
1.2

- [2.333333333333333, 3.6666666666666665]
+ [1.2, 1.4]

======================================================================
FAIL: test_interpolate_1d_5 (ClassEval_46_0.InterpolationTestInterpolate1d.test_interpolate_1d_5)
----------------------------------------------------------------------
Traceback (most recent call last):
  File "/Users/snigdhaghoshdastidar/Desktop/CS540/classeval_evaluation/ClassEval_46_0.py", line 76, in test_interpolate_1d_5
    self.assertEqual(interpolation.interpolate_1d([1, 6, 4], [1, 7, 5], [2, 3]), [2.2, 3.4])
AssertionError: Lists differ: [2.333333333333333, 3.6666666666666665] != [2.2, 3.4]

First differing element 0:
2.333333333333333
2.2

- [2.333333333333333, 3.6666666666666665]
+ [2.2, 3.4]

----------------------------------------------------------------------
Ran 7 tests in 0.005s

FAILED (failures=4, errors=1)
.FFF.
======================================================================
FAIL: test_interpolate_2d_2 (ClassEval_46_0.InterpolationTestInterpolate2d.test_interpolate_2d_2)
----------------------------------------------------------------------
Traceback (most recent call last):
  File "/Users/snigdhaghoshdastidar/Desktop/CS540/classeval_evaluation/ClassEval_46_0.py", line 96, in test_interpolate_2d_2
    self.assertEqual(
AssertionError: Lists differ: [7.5, nan] != [4.5]

First differing element 0:
7.5
4.5

First list contains 1 additional elements.
First extra element 1:
nan

- [7.5, nan]
+ [4.5]

======================================================================
FAIL: test_interpolate_2d_3 (ClassEval_46_0.InterpolationTestInterpolate2d.test_interpolate_2d_3)
----------------------------------------------------------------------
Traceback (most recent call last):
  File "/Users/snigdhaghoshdastidar/Desktop/CS540/classeval_evaluation/ClassEval_46_0.py", line 102, in test_interpolate_2d_3
    self.assertEqual(
AssertionError: Lists differ: [4.5, nan] != [7.5]

First differing element 0:
4.5
7.5

First list contains 1 additional elements.
First extra element 1:
nan

- [4.5, nan]
+ [7.5]

======================================================================
FAIL: test_interpolate_2d_4 (ClassEval_46_0.InterpolationTestInterpolate2d.test_interpolate_2d_4)
----------------------------------------------------------------------
Traceback (most recent call last):
  File "/Users/snigdhaghoshdastidar/Desktop/CS540/classeval_evaluation/ClassEval_46_0.py", line 108, in test_interpolate_2d_4
    self.assertEqual(
AssertionError: Lists differ: [9.0, nan] != [9.0]

First list contains 1 additional elements.
First extra element 1:
nan

- [9.0, nan]
+ [9.0]

----------------------------------------------------------------------
Ran 5 tests in 0.018s

FAILED (failures=3)
.
----------------------------------------------------------------------
Ran 1 test in 0.001s

OK
.....
----------------------------------------------------------------------
Ran 5 tests in 0.000s

OK
.....
----------------------------------------------------------------------
Ran 5 tests in 0.000s

OK
.....
----------------------------------------------------------------------
Ran 5 tests in 0.000s

OK
.
----------------------------------------------------------------------
Ran 1 test in 0.000s

OK
..FF.
======================================================================
FAIL: test_palindromic_length_3 (ClassEval_55_0.ManacherTestPalindromicLength.test_palindromic_length_3)
----------------------------------------------------------------------
Traceback (most recent call last):
  File "/Users/snigdhaghoshdastidar/Desktop/CS540/classeval_evaluation/ClassEval_55_0.py", line 68, in test_palindromic_length_3
    self.assertEqual(manacher.palindromic_length(2, 3, 'a|b|a|b|a|x'), 0)
AssertionError: 2 != 0

======================================================================
FAIL: test_palindromic_length_4 (ClassEval_55_0.ManacherTestPalindromicLength.test_palindromic_length_4)
----------------------------------------------------------------------
Traceback (most recent call last):
  File "/Users/snigdhaghoshdastidar/Desktop/CS540/classeval_evaluation/ClassEval_55_0.py", line 72, in test_palindromic_length_4
    self.assertEqual(manacher.palindromic_length(9, 2, 'a|b|a|b|a|x'), 0)
AssertionError: 1 != 0

----------------------------------------------------------------------
Ran 5 tests in 0.002s

FAILED (failures=2)
.....
----------------------------------------------------------------------
Ran 5 tests in 0.001s

OK
.
----------------------------------------------------------------------
Ran 1 test in 0.000s

OK
.....
----------------------------------------------------------------------
Ran 5 tests in 0.000s

OK
.....
----------------------------------------------------------------------
Ran 5 tests in 0.000s

OK
.....
----------------------------------------------------------------------
Ran 5 tests in 0.000s

OK
.....
----------------------------------------------------------------------
Ran 5 tests in 0.000s

OK
.....
----------------------------------------------------------------------
Ran 5 tests in 0.001s

OK
.....
----------------------------------------------------------------------
Ran 5 tests in 0.000s

OK
.
----------------------------------------------------------------------
Ran 1 test in 0.000s

OK
.FFFFE
======================================================================
ERROR: test_format_6 (ClassEval_65_0.NumberWordFormatterTestFormat.test_format_6)
----------------------------------------------------------------------
Traceback (most recent call last):
  File "/Users/snigdhaghoshdastidar/Desktop/CS540/classeval_evaluation/ClassEval_65_0.py", line 182, in test_format_6
    self.assertEqual(formatter.format(None), "")
                     ^^^^^^^^^^^^^^^^^^^^^^
  File "/Users/snigdhaghoshdastidar/Desktop/CS540/classeval_evaluation/ClassEval_65_0.py", line 30, in format
    return self.format_string(str(x))
           ^^^^^^^^^^^^^^^^^^^^^^^^^^
  File "/Users/snigdhaghoshdastidar/Desktop/CS540/classeval_evaluation/ClassEval_65_0.py", line 47, in format_string
    return self.convert_integer(x) + " ONLY"
           ^^^^^^^^^^^^^^^^^^^^^^^
  File "/Users/snigdhaghoshdastidar/Desktop/CS540/classeval_evaluation/ClassEval_65_0.py", line 66, in convert_integer
    chunk_word = self.trans_three(chunk)
                 ^^^^^^^^^^^^^^^^^^^^^^^
  File "/Users/snigdhaghoshdastidar/Desktop/CS540/classeval_evaluation/ClassEval_65_0.py", line 128, in trans_three
    hundreds = int(s[0])
               ^^^^^^^^^
ValueError: invalid literal for int() with base 10: 'o'

======================================================================
FAIL: test_format_2 (ClassEval_65_0.NumberWordFormatterTestFormat.test_format_2)
----------------------------------------------------------------------
Traceback (most recent call last):
  File "/Users/snigdhaghoshdastidar/Desktop/CS540/classeval_evaluation/ClassEval_65_0.py", line 166, in test_format_2
    self.assertEqual(formatter.format(1000), "ONE THOUSAND ONLY")
AssertionError: 'HUNDRED AND ONE THOUSAND  HUNDRED ONLY' != 'ONE THOUSAND ONLY'
- HUNDRED AND ONE THOUSAND  HUNDRED ONLY
+ ONE THOUSAND ONLY


======================================================================
FAIL: test_format_3 (ClassEval_65_0.NumberWordFormatterTestFormat.test_format_3)
----------------------------------------------------------------------
Traceback (most recent call last):
  File "/Users/snigdhaghoshdastidar/Desktop/CS540/classeval_evaluation/ClassEval_65_0.py", line 170, in test_format_3
    self.assertEqual(formatter.format(1000000), "ONE MILLION ONLY")
AssertionError: 'HUNDRED AND ONE MILLION  HUNDRED THOUSAND  HUNDRED ONLY' != 'ONE MILLION ONLY'
- HUNDRED AND ONE MILLION  HUNDRED THOUSAND  HUNDRED ONLY
+ ONE MILLION ONLY


======================================================================
FAIL: test_format_4 (ClassEval_65_0.NumberWordFormatterTestFormat.test_format_4)
----------------------------------------------------------------------
Traceback (most recent call last):
  File "/Users/snigdhaghoshdastidar/Desktop/CS540/classeval_evaluation/ClassEval_65_0.py", line 174, in test_format_4
    self.assertEqual(formatter.format(1.23), "ONE AND CENTS TWENTY THREE ONLY")
AssertionError: 'HUNDRED AND ONE POINT TWO THREE ONLY' != 'ONE AND CENTS TWENTY THREE ONLY'
- HUNDRED AND ONE POINT TWO THREE ONLY
+ ONE AND CENTS TWENTY THREE ONLY


======================================================================
FAIL: test_format_5 (ClassEval_65_0.NumberWordFormatterTestFormat.test_format_5)
----------------------------------------------------------------------
Traceback (most recent call last):
  File "/Users/snigdhaghoshdastidar/Desktop/CS540/classeval_evaluation/ClassEval_65_0.py", line 178, in test_format_5
    self.assertEqual(formatter.format(0), "ZERO ONLY")
AssertionError: 'HUNDRED ONLY' != 'ZERO ONLY'
- HUNDRED ONLY
+ ZERO ONLY


----------------------------------------------------------------------
Ran 6 tests in 0.002s

FAILED (failures=4, errors=1)
.FFFFF
======================================================================
FAIL: test_format_string_2 (ClassEval_65_0.NumberWordFormatterTestFormatString.test_format_string_2)
----------------------------------------------------------------------
Traceback (most recent call last):
  File "/Users/snigdhaghoshdastidar/Desktop/CS540/classeval_evaluation/ClassEval_65_0.py", line 193, in test_format_string_2
    self.assertEqual(formatter.format_string('1000'), "ONE THOUSAND ONLY")
AssertionError: 'HUNDRED AND ONE THOUSAND  HUNDRED ONLY' != 'ONE THOUSAND ONLY'
- HUNDRED AND ONE THOUSAND  HUNDRED ONLY
+ ONE THOUSAND ONLY


======================================================================
FAIL: test_format_string_3 (ClassEval_65_0.NumberWordFormatterTestFormatString.test_format_string_3)
----------------------------------------------------------------------
Traceback (most recent call last):
  File "/Users/snigdhaghoshdastidar/Desktop/CS540/classeval_evaluation/ClassEval_65_0.py", line 197, in test_format_string_3
    self.assertEqual(formatter.format_string('1000000'), "ONE MILLION ONLY")
AssertionError: 'HUNDRED AND ONE MILLION  HUNDRED THOUSAND  HUNDRED ONLY' != 'ONE MILLION ONLY'
- HUNDRED AND ONE MILLION  HUNDRED THOUSAND  HUNDRED ONLY
+ ONE MILLION ONLY


======================================================================
FAIL: test_format_string_4 (ClassEval_65_0.NumberWordFormatterTestFormatString.test_format_string_4)
----------------------------------------------------------------------
Traceback (most recent call last):
  File "/Users/snigdhaghoshdastidar/Desktop/CS540/classeval_evaluation/ClassEval_65_0.py", line 201, in test_format_string_4
    self.assertEqual(formatter.format_string('1.23'), "ONE AND CENTS TWENTY THREE ONLY")
AssertionError: 'HUNDRED AND ONE POINT TWO THREE ONLY' != 'ONE AND CENTS TWENTY THREE ONLY'
- HUNDRED AND ONE POINT TWO THREE ONLY
+ ONE AND CENTS TWENTY THREE ONLY


======================================================================
FAIL: test_format_string_5 (ClassEval_65_0.NumberWordFormatterTestFormatString.test_format_string_5)
----------------------------------------------------------------------
Traceback (most recent call last):
  File "/Users/snigdhaghoshdastidar/Desktop/CS540/classeval_evaluation/ClassEval_65_0.py", line 205, in test_format_string_5
    self.assertEqual(formatter.format_string('0'), "ZERO ONLY")
AssertionError: 'HUNDRED ONLY' != 'ZERO ONLY'
- HUNDRED ONLY
+ ZERO ONLY


======================================================================
FAIL: test_format_string_6 (ClassEval_65_0.NumberWordFormatterTestFormatString.test_format_string_6)
----------------------------------------------------------------------
Traceback (most recent call last):
  File "/Users/snigdhaghoshdastidar/Desktop/CS540/classeval_evaluation/ClassEval_65_0.py", line 209, in test_format_string_6
    self.assertEqual(formatter.format_string('10'), "TEN ONLY")
AssertionError: 'HUNDRED AND TEN ONLY' != 'TEN ONLY'
- HUNDRED AND TEN ONLY
+ TEN ONLY


----------------------------------------------------------------------
Ran 6 tests in 0.002s

FAILED (failures=5)
......
----------------------------------------------------------------------
Ran 6 tests in 0.000s

OK
..FFF
======================================================================
FAIL: test_trans_three_3 (ClassEval_65_0.NumberWordFormatterTestTransThree.test_trans_three_3)
----------------------------------------------------------------------
Traceback (most recent call last):
  File "/Users/snigdhaghoshdastidar/Desktop/CS540/classeval_evaluation/ClassEval_65_0.py", line 249, in test_trans_three_3
    self.assertEqual(formatter.trans_three("007"), "SEVEN")
AssertionError: ' HUNDRED AND SEVEN' != 'SEVEN'
-  HUNDRED AND SEVEN
+ SEVEN


======================================================================
FAIL: test_trans_three_4 (ClassEval_65_0.NumberWordFormatterTestTransThree.test_trans_three_4)
----------------------------------------------------------------------
Traceback (most recent call last):
  File "/Users/snigdhaghoshdastidar/Desktop/CS540/classeval_evaluation/ClassEval_65_0.py", line 253, in test_trans_three_4
    self.assertEqual(formatter.trans_three("001"), "ONE")
AssertionError: ' HUNDRED AND ONE' != 'ONE'
-  HUNDRED AND ONE
+ ONE


======================================================================
FAIL: test_trans_three_5 (ClassEval_65_0.NumberWordFormatterTestTransThree.test_trans_three_5)
----------------------------------------------------------------------
Traceback (most recent call last):
  File "/Users/snigdhaghoshdastidar/Desktop/CS540/classeval_evaluation/ClassEval_65_0.py", line 257, in test_trans_three_5
    self.assertEqual(formatter.trans_three("006"), "SIX")
AssertionError: ' HUNDRED AND SIX' != 'SIX'
-  HUNDRED AND SIX
+ SIX


----------------------------------------------------------------------
Ran 5 tests in 0.001s

FAILED (failures=3)
....
----------------------------------------------------------------------
Ran 4 tests in 0.000s

OK
.
----------------------------------------------------------------------
Ran 1 test in 0.000s

OK
.FE....FF.F
======================================================================
ERROR: test_replace_11 (ClassEval_66_0.NumericEntityUnescaperTestReplace.test_replace_11)
----------------------------------------------------------------------
Traceback (most recent call last):
  File "/Users/snigdhaghoshdastidar/Desktop/CS540/classeval_evaluation/ClassEval_66_0.py", line 107, in test_replace_11
    res = unescaper.replace("&#c1d;&#66;&#67;")
          ^^^^^^^^^^^^^^^^^^^^^^^^^^^^^^^^^^^^^
  File "/Users/snigdhaghoshdastidar/Desktop/CS540/classeval_evaluation/ClassEval_66_0.py", line 30, in replace
    return pattern.sub(replace_entity, string)
           ^^^^^^^^^^^^^^^^^^^^^^^^^^^^^^^^^^^
  File "/Users/snigdhaghoshdastidar/Desktop/CS540/classeval_evaluation/ClassEval_66_0.py", line 27, in replace_entity
    return chr(int(entity))
               ^^^^^^^^^^^
ValueError: invalid literal for int() with base 10: 'c1d'

======================================================================
FAIL: test_replace_10 (ClassEval_66_0.NumericEntityUnescaperTestReplace.test_replace_10)
----------------------------------------------------------------------
Traceback (most recent call last):
  File "/Users/snigdhaghoshdastidar/Desktop/CS540/classeval_evaluation/ClassEval_66_0.py", line 103, in test_replace_10
    self.assertEqual(res, "")
AssertionError: '&#X' != ''
- &#X


======================================================================
FAIL: test_replace_6 (ClassEval_66_0.NumericEntityUnescaperTestReplace.test_replace_6)
----------------------------------------------------------------------
Traceback (most recent call last):
  File "/Users/snigdhaghoshdastidar/Desktop/CS540/classeval_evaluation/ClassEval_66_0.py", line 83, in test_replace_6
    self.assertEqual(res, "")
AssertionError: '&#' != ''
- &#


======================================================================
FAIL: test_replace_7 (ClassEval_66_0.NumericEntityUnescaperTestReplace.test_replace_7)
----------------------------------------------------------------------
Traceback (most recent call last):
  File "/Users/snigdhaghoshdastidar/Desktop/CS540/classeval_evaluation/ClassEval_66_0.py", line 88, in test_replace_7
    self.assertEqual(res, "eBC")
AssertionError: '&#X65;BC' != 'eBC'
- &#X65;BC
+ eBC


======================================================================
FAIL: test_replace_9 (ClassEval_66_0.NumericEntityUnescaperTestReplace.test_replace_9)
----------------------------------------------------------------------
Traceback (most recent call last):
  File "/Users/snigdhaghoshdastidar/Desktop/CS540/classeval_evaluation/ClassEval_66_0.py", line 98, in test_replace_9
    self.assertEqual(res, "CCC")
AssertionError: 'CCC;' != 'CCC'
- CCC;
?    -
+ CCC


----------------------------------------------------------------------
Ran 11 tests in 0.003s

FAILED (failures=4, errors=1)
.....
----------------------------------------------------------------------
Ran 5 tests in 0.000s

OK
.
----------------------------------------------------------------------
Ran 1 test in 0.000s

OK
.....
----------------------------------------------------------------------
Ran 5 tests in 0.000s

OK
.....
----------------------------------------------------------------------
Ran 5 tests in 0.000s

OK
.....
----------------------------------------------------------------------
Ran 5 tests in 0.000s

OK
.
----------------------------------------------------------------------
Ran 1 test in 0.000s

OK
.....
----------------------------------------------------------------------
Ran 5 tests in 0.001s

OK
.....
----------------------------------------------------------------------
Ran 5 tests in 0.000s

OK
.....
----------------------------------------------------------------------
Ran 5 tests in 0.000s

OK
.....
----------------------------------------------------------------------
Ran 5 tests in 0.000s

OK
.....
----------------------------------------------------------------------
Ran 5 tests in 0.001s

OK
.....
----------------------------------------------------------------------
Ran 5 tests in 0.000s

OK
FF...
======================================================================
FAIL: test_generate_split_sentences_pattern_1 (ClassEval_72_0.RegexUtilsTestGenerateSplitSentencesPattern.test_generate_split_sentences_pattern_1)
----------------------------------------------------------------------
Traceback (most recent call last):
  File "/Users/snigdhaghoshdastidar/Desktop/CS540/classeval_evaluation/ClassEval_72_0.py", line 329, in test_generate_split_sentences_pattern_1
    self.assertEqual(res, True)
AssertionError: False != True

======================================================================
FAIL: test_generate_split_sentences_pattern_2 (ClassEval_72_0.RegexUtilsTestGenerateSplitSentencesPattern.test_generate_split_sentences_pattern_2)
----------------------------------------------------------------------
Traceback (most recent call last):
  File "/Users/snigdhaghoshdastidar/Desktop/CS540/classeval_evaluation/ClassEval_72_0.py", line 335, in test_generate_split_sentences_pattern_2
    self.assertEqual(res, True)
AssertionError: False != True

----------------------------------------------------------------------
Ran 5 tests in 0.001s

FAILED (failures=2)
.....
----------------------------------------------------------------------
Ran 5 tests in 0.000s

OK
.....
----------------------------------------------------------------------
Ran 5 tests in 0.000s

OK
.....
----------------------------------------------------------------------
Ran 5 tests in 0.000s

OK
F
======================================================================
FAIL: test_regexutils (ClassEval_72_0.RegexUtilsTest.test_regexutils)
----------------------------------------------------------------------
Traceback (most recent call last):
  File "/Users/snigdhaghoshdastidar/Desktop/CS540/classeval_evaluation/ClassEval_72_0.py", line 463, in test_regexutils
    self.assertEqual(res, True)
AssertionError: False != True

----------------------------------------------------------------------
Ran 1 test in 0.000s

FAILED (failures=1)
.F...
======================================================================
FAIL: test_split_sentences_2 (ClassEval_78_0.SplitSentenceTestSplitSentences.test_split_sentences_2)
----------------------------------------------------------------------
Traceback (most recent call last):
  File "/Users/snigdhaghoshdastidar/Desktop/CS540/classeval_evaluation/ClassEval_78_0.py", line 79, in test_split_sentences_2
    self.assertEqual(lst, ['Who is Mr. Smith?', 'He is a teacher.'])
AssertionError: Lists differ: ['Who is Mr.', 'Smith?', 'He is a teacher.'] != ['Who is Mr. Smith?', 'He is a teacher.']

First differing element 0:
'Who is Mr.'
'Who is Mr. Smith?'

First list contains 1 additional elements.
First extra element 2:
'He is a teacher.'

- ['Who is Mr.', 'Smith?', 'He is a teacher.']
?             ^^^^

+ ['Who is Mr. Smith?', 'He is a teacher.']
?             ^


----------------------------------------------------------------------
Ran 5 tests in 0.001s

FAILED (failures=1)
.FF.F
======================================================================
FAIL: test_count_words_2 (ClassEval_78_0.SplitSentenceTestCountWords.test_count_words_2)
----------------------------------------------------------------------
Traceback (most recent call last):
  File "/Users/snigdhaghoshdastidar/Desktop/CS540/classeval_evaluation/ClassEval_78_0.py", line 106, in test_count_words_2
    self.assertEqual(cnt, 2)
AssertionError: 3 != 2

======================================================================
FAIL: test_count_words_3 (ClassEval_78_0.SplitSentenceTestCountWords.test_count_words_3)
----------------------------------------------------------------------
Traceback (most recent call last):
  File "/Users/snigdhaghoshdastidar/Desktop/CS540/classeval_evaluation/ClassEval_78_0.py", line 111, in test_count_words_3
    self.assertEqual(cnt, 1)
AssertionError: 2 != 1

======================================================================
FAIL: test_count_words_5 (ClassEval_78_0.SplitSentenceTestCountWords.test_count_words_5)
----------------------------------------------------------------------
Traceback (most recent call last):
  File "/Users/snigdhaghoshdastidar/Desktop/CS540/classeval_evaluation/ClassEval_78_0.py", line 121, in test_count_words_5
    self.assertEqual(cnt, 2)
AssertionError: 3 != 2

----------------------------------------------------------------------
Ran 5 tests in 0.001s

FAILED (failures=3)
.FF..
======================================================================
FAIL: test_process_text_file_2 (ClassEval_78_0.SplitSentenceTestProcessTextFile.test_process_text_file_2)
----------------------------------------------------------------------
Traceback (most recent call last):
  File "/Users/snigdhaghoshdastidar/Desktop/CS540/classeval_evaluation/ClassEval_78_0.py", line 133, in test_process_text_file_2
    self.assertEqual(cnt, 5)
AssertionError: 4 != 5

======================================================================
FAIL: test_process_text_file_3 (ClassEval_78_0.SplitSentenceTestProcessTextFile.test_process_text_file_3)
----------------------------------------------------------------------
Traceback (most recent call last):
  File "/Users/snigdhaghoshdastidar/Desktop/CS540/classeval_evaluation/ClassEval_78_0.py", line 138, in test_process_text_file_3
    self.assertEqual(cnt, 5)
AssertionError: 7 != 5

----------------------------------------------------------------------
Ran 5 tests in 0.001s

FAILED (failures=2)
.
----------------------------------------------------------------------
Ran 1 test in 0.000s

OK
.F.FF
======================================================================
FAIL: test_add_stock_2 (ClassEval_82_0.StockPortfolioTrackerTestAddStock.test_add_stock_2)
----------------------------------------------------------------------
Traceback (most recent call last):
  File "/Users/snigdhaghoshdastidar/Desktop/CS540/classeval_evaluation/ClassEval_82_0.py", line 152, in test_add_stock_2
    self.assertEqual(tracker.portfolio, [{'name': 'AAPL', 'price': 150.0, 'quantity': 20}])
AssertionError: Lists differ: [{'na[32 chars]antity': 10}, {'name': 'AAPL', 'price': 150.0, 'quantity': 10}] != [{'na[32 chars]antity': 20}]

First differing element 0:
{'name': 'AAPL', 'price': 150.0, 'quantity': 10}
{'name': 'AAPL', 'price': 150.0, 'quantity': 20}

First list contains 1 additional elements.
First extra element 1:
{'name': 'AAPL', 'price': 150.0, 'quantity': 10}

- [{'name': 'AAPL', 'price': 150.0, 'quantity': 10},
?                                               ^  ^

+ [{'name': 'AAPL', 'price': 150.0, 'quantity': 20}]
?                                               ^  ^

-  {'name': 'AAPL', 'price': 150.0, 'quantity': 10}]

======================================================================
FAIL: test_add_stock_4 (ClassEval_82_0.StockPortfolioTrackerTestAddStock.test_add_stock_4)
----------------------------------------------------------------------
Traceback (most recent call last):
  File "/Users/snigdhaghoshdastidar/Desktop/CS540/classeval_evaluation/ClassEval_82_0.py", line 166, in test_add_stock_4
    self.assertEqual(tracker.portfolio, [{'name': 'AAPL', 'price': 150.0, 'quantity': 20},
AssertionError: Lists differ: [{'na[36 chars]ty': 10}, {'name': 'AAPL', 'price': 150.0, 'qu[58 chars] 10}] != [{'na[36 chars]ty': 20}, {'name': 'MSFT', 'price': 150.0, 'quantity': 10}]

First differing element 0:
{'name': 'AAPL', 'price': 150.0, 'quantity': 10}
{'name': 'AAPL', 'price': 150.0, 'quantity': 20}

First list contains 1 additional elements.
First extra element 2:
{'name': 'MSFT', 'price': 150.0, 'quantity': 10}

- [{'name': 'AAPL', 'price': 150.0, 'quantity': 10},
?                                               ^

+ [{'name': 'AAPL', 'price': 150.0, 'quantity': 20},
?                                               ^

-  {'name': 'AAPL', 'price': 150.0, 'quantity': 10},
   {'name': 'MSFT', 'price': 150.0, 'quantity': 10}]

======================================================================
FAIL: test_add_stock_5 (ClassEval_82_0.StockPortfolioTrackerTestAddStock.test_add_stock_5)
----------------------------------------------------------------------
Traceback (most recent call last):
  File "/Users/snigdhaghoshdastidar/Desktop/CS540/classeval_evaluation/ClassEval_82_0.py", line 175, in test_add_stock_5
    self.assertEqual(tracker.portfolio, [{'name': 'AAPL', 'price': 150.0, 'quantity': 20},
AssertionError: Lists differ: [{'na[36 chars]ty': 10}, {'name': 'AAPL', 'price': 150.0, 'qu[108 chars] 10}] != [{'na[36 chars]ty': 20}, {'name': 'MSFT', 'price': 150.0, 'quantity': 20}]

First differing element 0:
{'name': 'AAPL', 'price': 150.0, 'quantity': 10}
{'name': 'AAPL', 'price': 150.0, 'quantity': 20}

First list contains 2 additional elements.
First extra element 2:
{'name': 'MSFT', 'price': 150.0, 'quantity': 10}

- [{'name': 'AAPL', 'price': 150.0, 'quantity': 10},
?                                               ^

+ [{'name': 'AAPL', 'price': 150.0, 'quantity': 20},
?                                               ^

-  {'name': 'AAPL', 'price': 150.0, 'quantity': 10},
-  {'name': 'MSFT', 'price': 150.0, 'quantity': 10},
-  {'name': 'MSFT', 'price': 150.0, 'quantity': 10}]
?                                               ^

+  {'name': 'MSFT', 'price': 150.0, 'quantity': 20}]
?                                               ^


----------------------------------------------------------------------
Ran 5 tests in 0.004s

FAILED (failures=3)
..F..
======================================================================
FAIL: test_remove_stock_3 (ClassEval_82_0.StockPortfolioTrackerTestRemoveStock.test_remove_stock_3)
----------------------------------------------------------------------
Traceback (most recent call last):
  File "/Users/snigdhaghoshdastidar/Desktop/CS540/classeval_evaluation/ClassEval_82_0.py", line 197, in test_remove_stock_3
    self.assertEqual(tracker.remove_stock({"name": "MSFT", "price": 150.0, "quantity": 20}), False)
AssertionError: True != False

----------------------------------------------------------------------
Ran 5 tests in 0.000s

FAILED (failures=1)
.....
----------------------------------------------------------------------
Ran 5 tests in 0.000s

OK
.....
----------------------------------------------------------------------
Ran 5 tests in 0.000s

OK
.....
----------------------------------------------------------------------
Ran 5 tests in 0.000s

OK
.....
----------------------------------------------------------------------
Ran 5 tests in 0.000s

OK
.....
----------------------------------------------------------------------
Ran 5 tests in 0.000s

OK
...
----------------------------------------------------------------------
Ran 3 tests in 0.000s

OK
.....
----------------------------------------------------------------------
Ran 5 tests in 0.000s

OK
.....
----------------------------------------------------------------------
Ran 5 tests in 0.000s

OK
.....
----------------------------------------------------------------------
Ran 5 tests in 0.001s

OK
.....
----------------------------------------------------------------------
Ran 5 tests in 0.001s

OK
.....
----------------------------------------------------------------------
Ran 5 tests in 0.001s

OK
.....
----------------------------------------------------------------------
Ran 5 tests in 0.001s

OK
.....
----------------------------------------------------------------------
Ran 5 tests in 0.001s

OK
.
----------------------------------------------------------------------
Ran 1 test in 0.000s

OK
.....F
======================================================================
FAIL: test_get_scheme_6 (ClassEval_90_0.URLHandlerTestGetScheme.test_get_scheme_6)
----------------------------------------------------------------------
Traceback (most recent call last):
  File "/Users/snigdhaghoshdastidar/Desktop/CS540/classeval_evaluation/ClassEval_90_0.py", line 111, in test_get_scheme_6
    self.assertIsNone(temp)
AssertionError: '' is not None

----------------------------------------------------------------------
Ran 6 tests in 0.001s

FAILED (failures=1)
.....F..
======================================================================
FAIL: test_get_host_6 (ClassEval_90_0.URLHandlerTestGetHost.test_get_host_6)
----------------------------------------------------------------------
Traceback (most recent call last):
  File "/Users/snigdhaghoshdastidar/Desktop/CS540/classeval_evaluation/ClassEval_90_0.py", line 144, in test_get_host_6
    self.assertIsNone(temp)
AssertionError: '' is not None

----------------------------------------------------------------------
Ran 8 tests in 0.001s

FAILED (failures=1)
FF...F
======================================================================
FAIL: test_get_path_1 (ClassEval_90_0.URLHandlerTestGetPath.test_get_path_1)
----------------------------------------------------------------------
Traceback (most recent call last):
  File "/Users/snigdhaghoshdastidar/Desktop/CS540/classeval_evaluation/ClassEval_90_0.py", line 161, in test_get_path_1
    self.assertEqual(temp, "/s?wd=aaa&rsv_spt=1#page")
AssertionError: '/s' != '/s?wd=aaa&rsv_spt=1#page'
- /s
+ /s?wd=aaa&rsv_spt=1#page


======================================================================
FAIL: test_get_path_2 (ClassEval_90_0.URLHandlerTestGetPath.test_get_path_2)
----------------------------------------------------------------------
Traceback (most recent call last):
  File "/Users/snigdhaghoshdastidar/Desktop/CS540/classeval_evaluation/ClassEval_90_0.py", line 167, in test_get_path_2
    self.assertEqual(temp,
AssertionError: '/search' != '/search?pglt=41&q=humaneval&cvid=4dc2da2bb4bc429[80 chars]h-CN'
- /search
+ /search?pglt=41&q=humaneval&cvid=4dc2da2bb4bc429eb498c85245ae5253&aqs=edge.0.0l7j69i61j69i60.10008j0j1&FORM=ANNTA1&PC=U531&mkt=zh-CN


======================================================================
FAIL: test_get_path_6 (ClassEval_90_0.URLHandlerTestGetPath.test_get_path_6)
----------------------------------------------------------------------
Traceback (most recent call last):
  File "/Users/snigdhaghoshdastidar/Desktop/CS540/classeval_evaluation/ClassEval_90_0.py", line 188, in test_get_path_6
    self.assertIsNone(temp)
AssertionError: 'abcdefg' is not None

----------------------------------------------------------------------
Ran 6 tests in 0.001s

FAILED (failures=3)
..F...
======================================================================
FAIL: test_get_query_params_3 (ClassEval_90_0.URLHandlerTestGetQueryParams.test_get_query_params_3)
----------------------------------------------------------------------
Traceback (most recent call last):
  File "/Users/snigdhaghoshdastidar/Desktop/CS540/classeval_evaluation/ClassEval_90_0.py", line 207, in test_get_query_params_3
    self.assertEqual(temp, None)
AssertionError: {} != None

----------------------------------------------------------------------
Ran 6 tests in 0.001s

FAILED (failures=1)
.F...
======================================================================
FAIL: test_get_fragment_2 (ClassEval_90_0.URLHandlerTestGetFragment.test_get_fragment_2)
----------------------------------------------------------------------
Traceback (most recent call last):
  File "/Users/snigdhaghoshdastidar/Desktop/CS540/classeval_evaluation/ClassEval_90_0.py", line 235, in test_get_fragment_2
    self.assertEqual(temp, None)
AssertionError: '' != None

----------------------------------------------------------------------
Ran 5 tests in 0.001s

FAILED (failures=1)
F
======================================================================
FAIL: test_urlhandler (ClassEval_90_0.URLHandlerTest.test_urlhandler)
----------------------------------------------------------------------
Traceback (most recent call last):
  File "/Users/snigdhaghoshdastidar/Desktop/CS540/classeval_evaluation/ClassEval_90_0.py", line 261, in test_urlhandler
    self.assertEqual(temp, "/s?wd=aaa&rsv_spt=1#page")
AssertionError: '/s' != '/s?wd=aaa&rsv_spt=1#page'
- /s
+ /s?wd=aaa&rsv_spt=1#page


----------------------------------------------------------------------
Ran 1 test in 0.001s

FAILED (failures=1)
.....
----------------------------------------------------------------------
Ran 5 tests in 0.000s

OK
F.F..FF
======================================================================
FAIL: test_parse_1 (ClassEval_91_0.UrlPathTestParse.test_parse_1)
----------------------------------------------------------------------
Traceback (most recent call last):
  File "/Users/snigdhaghoshdastidar/Desktop/CS540/classeval_evaluation/ClassEval_91_0.py", line 128, in test_parse_1
    self.assertEqual(url_path.with_end_tag, True)
AssertionError: False != True

======================================================================
FAIL: test_parse_3 (ClassEval_91_0.UrlPathTestParse.test_parse_3)
----------------------------------------------------------------------
Traceback (most recent call last):
  File "/Users/snigdhaghoshdastidar/Desktop/CS540/classeval_evaluation/ClassEval_91_0.py", line 140, in test_parse_3
    self.assertEqual(url_path.with_end_tag, True)
AssertionError: False != True

======================================================================
FAIL: test_parse_6 (ClassEval_91_0.UrlPathTestParse.test_parse_6)
----------------------------------------------------------------------
Traceback (most recent call last):
  File "/Users/snigdhaghoshdastidar/Desktop/CS540/classeval_evaluation/ClassEval_91_0.py", line 157, in test_parse_6
    self.assertEqual(url_path.segments, [])
AssertionError: Lists differ: [''] != []

First list contains 1 additional elements.
First extra element 0:
''

- ['']
+ []

======================================================================
FAIL: test_parse_7 (ClassEval_91_0.UrlPathTestParse.test_parse_7)
----------------------------------------------------------------------
Traceback (most recent call last):
  File "/Users/snigdhaghoshdastidar/Desktop/CS540/classeval_evaluation/ClassEval_91_0.py", line 163, in test_parse_7
    self.assertEqual(url_path.segments, [])
AssertionError: Lists differ: [''] != []

First list contains 1 additional elements.
First extra element 0:
''

- ['']
+ []

----------------------------------------------------------------------
Ran 7 tests in 0.002s

FAILED (failures=4)
......
----------------------------------------------------------------------
Ran 6 tests in 0.000s

OK
F
======================================================================
FAIL: test_urlpath (ClassEval_91_0.UrlPathTest.test_urlpath)
----------------------------------------------------------------------
Traceback (most recent call last):
  File "/Users/snigdhaghoshdastidar/Desktop/CS540/classeval_evaluation/ClassEval_91_0.py", line 203, in test_urlpath
    self.assertEqual(url_path.with_end_tag, True)
AssertionError: False != True

----------------------------------------------------------------------
Ran 1 test in 0.000s

FAILED (failures=1)
