.....
----------------------------------------------------------------------
Ran 5 tests in 0.000s

OK
...FF
======================================================================
FAIL: test_find_longest_word_4 (ClassEval_53_0.LongestWordTestFindLongestWord.test_find_longest_word_4)
----------------------------------------------------------------------
Traceback (most recent call last):
  File "/Users/snigdhaghoshdastidar/Desktop/CS540/classeval_evaluation/ClassEval_53_0.py", line 119, in test_find_longest_word_4
    self.assertEqual('apple', longestWord.find_longest_word(sentence))
AssertionError: 'apple' != ''
- apple


======================================================================
FAIL: test_find_longest_word_5 (ClassEval_53_0.LongestWordTestFindLongestWord.test_find_longest_word_5)
----------------------------------------------------------------------
Traceback (most recent call last):
  File "/Users/snigdhaghoshdastidar/Desktop/CS540/classeval_evaluation/ClassEval_53_0.py", line 126, in test_find_longest_word_5
    self.assertEqual('apple', longestWord.find_longest_word(sentence))
AssertionError: 'apple' != 'red'
- apple
+ red


----------------------------------------------------------------------
Ran 5 tests in 0.001s

FAILED (failures=2)
.....
----------------------------------------------------------------------
Ran 5 tests in 0.001s

OK
...FF
======================================================================
FAIL: test_find_longest_word_4 (ClassEval_53_1.LongestWordTestFindLongestWord.test_find_longest_word_4)
----------------------------------------------------------------------
Traceback (most recent call last):
  File "/Users/snigdhaghoshdastidar/Desktop/CS540/classeval_evaluation/ClassEval_53_1.py", line 120, in test_find_longest_word_4
    self.assertEqual('apple', longestWord.find_longest_word(sentence))
AssertionError: 'apple' != ''
- apple


======================================================================
FAIL: test_find_longest_word_5 (ClassEval_53_1.LongestWordTestFindLongestWord.test_find_longest_word_5)
----------------------------------------------------------------------
Traceback (most recent call last):
  File "/Users/snigdhaghoshdastidar/Desktop/CS540/classeval_evaluation/ClassEval_53_1.py", line 127, in test_find_longest_word_5
    self.assertEqual('apple', longestWord.find_longest_word(sentence))
AssertionError: 'apple' != 'red'
- apple
+ red


----------------------------------------------------------------------
Ran 5 tests in 0.001s

FAILED (failures=2)
.....
----------------------------------------------------------------------
Ran 5 tests in 0.000s

OK
...FF
======================================================================
FAIL: test_find_longest_word_4 (ClassEval_53_2.LongestWordTestFindLongestWord.test_find_longest_word_4)
----------------------------------------------------------------------
Traceback (most recent call last):
  File "/Users/snigdhaghoshdastidar/Desktop/CS540/classeval_evaluation/ClassEval_53_2.py", line 119, in test_find_longest_word_4
    self.assertEqual('apple', longestWord.find_longest_word(sentence))
AssertionError: 'apple' != ''
- apple


======================================================================
FAIL: test_find_longest_word_5 (ClassEval_53_2.LongestWordTestFindLongestWord.test_find_longest_word_5)
----------------------------------------------------------------------
Traceback (most recent call last):
  File "/Users/snigdhaghoshdastidar/Desktop/CS540/classeval_evaluation/ClassEval_53_2.py", line 126, in test_find_longest_word_5
    self.assertEqual('apple', longestWord.find_longest_word(sentence))
AssertionError: 'apple' != 'red'
- apple
+ red


----------------------------------------------------------------------
Ran 5 tests in 0.001s

FAILED (failures=2)
.....
----------------------------------------------------------------------
Ran 5 tests in 0.000s

OK
...FF
======================================================================
FAIL: test_find_longest_word_4 (ClassEval_53_3.LongestWordTestFindLongestWord.test_find_longest_word_4)
----------------------------------------------------------------------
Traceback (most recent call last):
  File "/Users/snigdhaghoshdastidar/Desktop/CS540/classeval_evaluation/ClassEval_53_3.py", line 117, in test_find_longest_word_4
    self.assertEqual('apple', longestWord.find_longest_word(sentence))
AssertionError: 'apple' != ''
- apple


======================================================================
FAIL: test_find_longest_word_5 (ClassEval_53_3.LongestWordTestFindLongestWord.test_find_longest_word_5)
----------------------------------------------------------------------
Traceback (most recent call last):
  File "/Users/snigdhaghoshdastidar/Desktop/CS540/classeval_evaluation/ClassEval_53_3.py", line 124, in test_find_longest_word_5
    self.assertEqual('apple', longestWord.find_longest_word(sentence))
AssertionError: 'apple' != 'red'
- apple
+ red


----------------------------------------------------------------------
Ran 5 tests in 0.001s

FAILED (failures=2)
EEEEE
======================================================================
ERROR: test_add_word_1 (ClassEval_53_4.LongestWordTestAddWord.test_add_word_1)
----------------------------------------------------------------------
Traceback (most recent call last):
  File "/Users/snigdhaghoshdastidar/Desktop/CS540/classeval_evaluation/ClassEval_53_4.py", line 8, in test_add_word_1
    longestWord = LongestWord()
                  ^^^^^^^^^^^
NameError: name 'LongestWord' is not defined

======================================================================
ERROR: test_add_word_2 (ClassEval_53_4.LongestWordTestAddWord.test_add_word_2)
----------------------------------------------------------------------
Traceback (most recent call last):
  File "/Users/snigdhaghoshdastidar/Desktop/CS540/classeval_evaluation/ClassEval_53_4.py", line 13, in test_add_word_2
    longestWord = LongestWord()
                  ^^^^^^^^^^^
NameError: name 'LongestWord' is not defined

======================================================================
ERROR: test_add_word_3 (ClassEval_53_4.LongestWordTestAddWord.test_add_word_3)
----------------------------------------------------------------------
Traceback (most recent call last):
  File "/Users/snigdhaghoshdastidar/Desktop/CS540/classeval_evaluation/ClassEval_53_4.py", line 19, in test_add_word_3
    longestWord = LongestWord()
                  ^^^^^^^^^^^
NameError: name 'LongestWord' is not defined

======================================================================
ERROR: test_add_word_4 (ClassEval_53_4.LongestWordTestAddWord.test_add_word_4)
----------------------------------------------------------------------
Traceback (most recent call last):
  File "/Users/snigdhaghoshdastidar/Desktop/CS540/classeval_evaluation/ClassEval_53_4.py", line 26, in test_add_word_4
    longestWord = LongestWord()
                  ^^^^^^^^^^^
NameError: name 'LongestWord' is not defined

======================================================================
ERROR: test_add_word_5 (ClassEval_53_4.LongestWordTestAddWord.test_add_word_5)
----------------------------------------------------------------------
Traceback (most recent call last):
  File "/Users/snigdhaghoshdastidar/Desktop/CS540/classeval_evaluation/ClassEval_53_4.py", line 34, in test_add_word_5
    longestWord = LongestWord()
                  ^^^^^^^^^^^
NameError: name 'LongestWord' is not defined

----------------------------------------------------------------------
Ran 5 tests in 0.019s

FAILED (errors=5)
EEEEE
======================================================================
ERROR: test_find_longest_word_1 (ClassEval_53_4.LongestWordTestFindLongestWord.test_find_longest_word_1)
----------------------------------------------------------------------
Traceback (most recent call last):
  File "/Users/snigdhaghoshdastidar/Desktop/CS540/classeval_evaluation/ClassEval_53_4.py", line 45, in test_find_longest_word_1
    longestWord = LongestWord()
                  ^^^^^^^^^^^
NameError: name 'LongestWord' is not defined

======================================================================
ERROR: test_find_longest_word_2 (ClassEval_53_4.LongestWordTestFindLongestWord.test_find_longest_word_2)
----------------------------------------------------------------------
Traceback (most recent call last):
  File "/Users/snigdhaghoshdastidar/Desktop/CS540/classeval_evaluation/ClassEval_53_4.py", line 51, in test_find_longest_word_2
    longestWord = LongestWord()
                  ^^^^^^^^^^^
NameError: name 'LongestWord' is not defined

======================================================================
ERROR: test_find_longest_word_3 (ClassEval_53_4.LongestWordTestFindLongestWord.test_find_longest_word_3)
----------------------------------------------------------------------
Traceback (most recent call last):
  File "/Users/snigdhaghoshdastidar/Desktop/CS540/classeval_evaluation/ClassEval_53_4.py", line 56, in test_find_longest_word_3
    longestWord = LongestWord()
                  ^^^^^^^^^^^
NameError: name 'LongestWord' is not defined

======================================================================
ERROR: test_find_longest_word_4 (ClassEval_53_4.LongestWordTestFindLongestWord.test_find_longest_word_4)
----------------------------------------------------------------------
Traceback (most recent call last):
  File "/Users/snigdhaghoshdastidar/Desktop/CS540/classeval_evaluation/ClassEval_53_4.py", line 62, in test_find_longest_word_4
    longestWord = LongestWord()
                  ^^^^^^^^^^^
NameError: name 'LongestWord' is not defined

======================================================================
ERROR: test_find_longest_word_5 (ClassEval_53_4.LongestWordTestFindLongestWord.test_find_longest_word_5)
----------------------------------------------------------------------
Traceback (most recent call last):
  File "/Users/snigdhaghoshdastidar/Desktop/CS540/classeval_evaluation/ClassEval_53_4.py", line 68, in test_find_longest_word_5
    longestWord = LongestWord()
                  ^^^^^^^^^^^
NameError: name 'LongestWord' is not defined

----------------------------------------------------------------------
Ran 5 tests in 0.018s

FAILED (errors=5)
.
----------------------------------------------------------------------
Ran 1 test in 0.000s

OK
....F
======================================================================
FAIL: test_remove_stop_words_5 (ClassEval_62_0.NLPDataProcessorTestRemove.test_remove_stop_words_5)
----------------------------------------------------------------------
Traceback (most recent call last):
  File "/Users/snigdhaghoshdastidar/Desktop/CS540/classeval_evaluation/ClassEval_62_0.py", line 101, in test_remove_stop_words_5
    self.assertEqual(words_list, expected_words_list)
AssertionError: Lists differ: [['This', 'test'], ['This', 'apple'], ['This', 'dog']] != [['is', 'test'], ['is', 'apple'], ['is', 'dog']]

First differing element 0:
['This', 'test']
['is', 'test']

- [['This', 'test'], ['This', 'apple'], ['This', 'dog']]
?    --                --                 --

+ [['is', 'test'], ['is', 'apple'], ['is', 'dog']]

----------------------------------------------------------------------
Ran 5 tests in 0.001s

FAILED (failures=1)
.....
----------------------------------------------------------------------
Ran 5 tests in 0.000s

OK
.
----------------------------------------------------------------------
Ran 1 test in 0.000s

OK
....F
======================================================================
FAIL: test_remove_stop_words_5 (ClassEval_62_1.NLPDataProcessorTestRemove.test_remove_stop_words_5)
----------------------------------------------------------------------
Traceback (most recent call last):
  File "/Users/snigdhaghoshdastidar/Desktop/CS540/classeval_evaluation/ClassEval_62_1.py", line 90, in test_remove_stop_words_5
    self.assertEqual(words_list, expected_words_list)
AssertionError: Lists differ: [['This', 'test'], ['This', 'apple'], ['This', 'dog']] != [['is', 'test'], ['is', 'apple'], ['is', 'dog']]

First differing element 0:
['This', 'test']
['is', 'test']

- [['This', 'test'], ['This', 'apple'], ['This', 'dog']]
?    --                --                 --

+ [['is', 'test'], ['is', 'apple'], ['is', 'dog']]

----------------------------------------------------------------------
Ran 5 tests in 0.001s

FAILED (failures=1)
.....
----------------------------------------------------------------------
Ran 5 tests in 0.000s

OK
.
----------------------------------------------------------------------
Ran 1 test in 0.000s

OK
....F
======================================================================
FAIL: test_remove_stop_words_5 (ClassEval_62_2.NLPDataProcessorTestRemove.test_remove_stop_words_5)
----------------------------------------------------------------------
Traceback (most recent call last):
  File "/Users/snigdhaghoshdastidar/Desktop/CS540/classeval_evaluation/ClassEval_62_2.py", line 90, in test_remove_stop_words_5
    self.assertEqual(words_list, expected_words_list)
AssertionError: Lists differ: [['This', 'test'], ['This', 'apple'], ['This', 'dog']] != [['is', 'test'], ['is', 'apple'], ['is', 'dog']]

First differing element 0:
['This', 'test']
['is', 'test']

- [['This', 'test'], ['This', 'apple'], ['This', 'dog']]
?    --                --                 --

+ [['is', 'test'], ['is', 'apple'], ['is', 'dog']]

----------------------------------------------------------------------
Ran 5 tests in 0.001s

FAILED (failures=1)
.....
----------------------------------------------------------------------
Ran 5 tests in 0.000s

OK
.
----------------------------------------------------------------------
Ran 1 test in 0.000s

OK
....F
======================================================================
FAIL: test_remove_stop_words_5 (ClassEval_62_3.NLPDataProcessorTestRemove.test_remove_stop_words_5)
----------------------------------------------------------------------
Traceback (most recent call last):
  File "/Users/snigdhaghoshdastidar/Desktop/CS540/classeval_evaluation/ClassEval_62_3.py", line 98, in test_remove_stop_words_5
    self.assertEqual(words_list, expected_words_list)
AssertionError: Lists differ: [['This', 'test'], ['This', 'apple'], ['This', 'dog']] != [['is', 'test'], ['is', 'apple'], ['is', 'dog']]

First differing element 0:
['This', 'test']
['is', 'test']

- [['This', 'test'], ['This', 'apple'], ['This', 'dog']]
?    --                --                 --

+ [['is', 'test'], ['is', 'apple'], ['is', 'dog']]

----------------------------------------------------------------------
Ran 5 tests in 0.001s

FAILED (failures=1)
.....
----------------------------------------------------------------------
Ran 5 tests in 0.000s

OK
.
----------------------------------------------------------------------
Ran 1 test in 0.000s

OK
....F
======================================================================
FAIL: test_remove_stop_words_5 (ClassEval_62_4.NLPDataProcessorTestRemove.test_remove_stop_words_5)
----------------------------------------------------------------------
Traceback (most recent call last):
  File "/Users/snigdhaghoshdastidar/Desktop/CS540/classeval_evaluation/ClassEval_62_4.py", line 97, in test_remove_stop_words_5
    self.assertEqual(words_list, expected_words_list)
AssertionError: Lists differ: [['This', 'test'], ['This', 'apple'], ['This', 'dog']] != [['is', 'test'], ['is', 'apple'], ['is', 'dog']]

First differing element 0:
['This', 'test']
['is', 'test']

- [['This', 'test'], ['This', 'apple'], ['This', 'dog']]
?    --                --                 --

+ [['is', 'test'], ['is', 'apple'], ['is', 'dog']]

----------------------------------------------------------------------
Ran 5 tests in 0.001s

FAILED (failures=1)
.....
----------------------------------------------------------------------
Ran 5 tests in 0.000s

OK
.....
----------------------------------------------------------------------
Ran 5 tests in 0.000s

OK
.....
----------------------------------------------------------------------
Ran 5 tests in 0.000s

OK
......
----------------------------------------------------------------------
Ran 6 tests in 0.000s

OK
.....
----------------------------------------------------------------------
Ran 5 tests in 0.000s

OK
.....
----------------------------------------------------------------------
Ran 5 tests in 0.000s

OK
......
----------------------------------------------------------------------
Ran 6 tests in 0.000s

OK
.....
----------------------------------------------------------------------
Ran 5 tests in 0.000s

OK
.....
----------------------------------------------------------------------
Ran 5 tests in 0.000s

OK
......
----------------------------------------------------------------------
Ran 6 tests in 0.000s

OK
.....
----------------------------------------------------------------------
Ran 5 tests in 0.000s

OK
FF.FF
======================================================================
FAIL: test_calculate_word_frequency (ClassEval_63_3.NLPDataProcessorTestCalculate.test_calculate_word_frequency)
----------------------------------------------------------------------
Traceback (most recent call last):
  File "/Users/snigdhaghoshdastidar/Desktop/CS540/classeval_evaluation/ClassEval_63_3.py", line 99, in test_calculate_word_frequency
    self.assertEqual(self.processor.calculate_word_frequency(words_list), expected_output)
AssertionError: {'hello': 4, 'world': 3, 'this': 2, 'is': 2, 'test': 2, 'a': 1, 'another': 1} != {'hello': 4, 'world': 3, 'this': 2, 'is': 2, 'test': 2}
- {'a': 1, 'another': 1, 'hello': 4, 'is': 2, 'test': 2, 'this': 2, 'world': 3}
?  ----------------------

+ {'hello': 4, 'is': 2, 'test': 2, 'this': 2, 'world': 3}

======================================================================
FAIL: test_calculate_word_frequency2 (ClassEval_63_3.NLPDataProcessorTestCalculate.test_calculate_word_frequency2)
----------------------------------------------------------------------
Traceback (most recent call last):
  File "/Users/snigdhaghoshdastidar/Desktop/CS540/classeval_evaluation/ClassEval_63_3.py", line 105, in test_calculate_word_frequency2
    self.assertEqual(self.processor.calculate_word_frequency(words_list), expected_output)
AssertionError: {'world': 6, 'hello': 4, 'this': 2, 'is': 2, 'test': 2, 'a': 1, 'another': 1} != {'world': 6, 'hello': 4, 'this': 2, 'is': 2, 'test': 2}
- {'a': 1, 'another': 1, 'hello': 4, 'is': 2, 'test': 2, 'this': 2, 'world': 6}
?  ----------------------

+ {'hello': 4, 'is': 2, 'test': 2, 'this': 2, 'world': 6}

======================================================================
FAIL: test_calculate_word_frequency4 (ClassEval_63_3.NLPDataProcessorTestCalculate.test_calculate_word_frequency4)
----------------------------------------------------------------------
Traceback (most recent call last):
  File "/Users/snigdhaghoshdastidar/Desktop/CS540/classeval_evaluation/ClassEval_63_3.py", line 116, in test_calculate_word_frequency4
    self.assertEqual(self.processor.calculate_word_frequency(words_list), expected_output)
AssertionError: {'%%%': 6, 'hello': 5, 'world': 4, 'this': 2, 'is': 2, 'a': 2, 'another': 1} != {'%%%': 6, 'hello': 5, 'world': 4, 'is': 2, 'this': 2}
- {'%%%': 6, 'a': 2, 'another': 1, 'hello': 5, 'is': 2, 'this': 2, 'world': 4}
?           ----------------------

+ {'%%%': 6, 'hello': 5, 'is': 2, 'this': 2, 'world': 4}

======================================================================
FAIL: test_calculate_word_frequency5 (ClassEval_63_3.NLPDataProcessorTestCalculate.test_calculate_word_frequency5)
----------------------------------------------------------------------
Traceback (most recent call last):
  File "/Users/snigdhaghoshdastidar/Desktop/CS540/classeval_evaluation/ClassEval_63_3.py", line 123, in test_calculate_word_frequency5
    self.assertEqual(self.processor.calculate_word_frequency(words_list), expected_output)
AssertionError: {'%%%': 12, 'hello': 10, 'world': 8, 'this': 4, 'is': 4, 'a': 4, 'another': 2} != {'%%%': 12, 'hello': 10, 'world': 8, 'is': 4, 'this': 4}
- {'%%%': 12, 'a': 4, 'another': 2, 'hello': 10, 'is': 4, 'this': 4, 'world': 8}
?            ----------------------

+ {'%%%': 12, 'hello': 10, 'is': 4, 'this': 4, 'world': 8}

----------------------------------------------------------------------
Ran 5 tests in 0.003s

FAILED (failures=4)
......
----------------------------------------------------------------------
Ran 6 tests in 0.000s

OK
.....
----------------------------------------------------------------------
Ran 5 tests in 0.000s

OK
.....
----------------------------------------------------------------------
Ran 5 tests in 0.000s

OK
......
----------------------------------------------------------------------
Ran 6 tests in 0.000s

OK
......
----------------------------------------------------------------------
Ran 6 tests in 0.000s

OK
......
----------------------------------------------------------------------
Ran 6 tests in 0.000s

OK
.....F
======================================================================
FAIL: test_text2int6 (ClassEval_97_1.Words2NumbersTestText2Int.test_text2int6)
----------------------------------------------------------------------
Traceback (most recent call last):
  File "/Users/snigdhaghoshdastidar/Desktop/CS540/classeval_evaluation/ClassEval_97_1.py", line 129, in test_text2int6
    self.assertEqual(w2n.text2int("one million one hundred sixty-ninth"), "1000169")
AssertionError: '1000009' != '1000169'
- 1000009
?     ^^
+ 1000169
?     ^^


----------------------------------------------------------------------
Ran 6 tests in 0.003s

FAILED (failures=1)
......
----------------------------------------------------------------------
Ran 6 tests in 0.001s

OK
......
----------------------------------------------------------------------
Ran 6 tests in 0.002s

OK
......
----------------------------------------------------------------------
Ran 6 tests in 0.001s

OK
.....F
======================================================================
FAIL: test_text2int6 (ClassEval_97_3.Words2NumbersTestText2Int.test_text2int6)
----------------------------------------------------------------------
Traceback (most recent call last):
  File "/Users/snigdhaghoshdastidar/Desktop/CS540/classeval_evaluation/ClassEval_97_3.py", line 128, in test_text2int6
    self.assertEqual(w2n.text2int("one million one hundred sixty-ninth"), "1000169")
AssertionError: '1000009' != '1000169'
- 1000009
?     ^^
+ 1000169
?     ^^


----------------------------------------------------------------------
Ran 6 tests in 0.001s

FAILED (failures=1)
......
----------------------------------------------------------------------
Ran 6 tests in 0.003s

OK
.....E
======================================================================
ERROR: test_text2int6 (ClassEval_97_4.Words2NumbersTestText2Int.test_text2int6)
----------------------------------------------------------------------
Traceback (most recent call last):
  File "/Users/snigdhaghoshdastidar/Desktop/CS540/classeval_evaluation/ClassEval_97_4.py", line 125, in test_text2int6
    self.assertEqual(w2n.text2int("one million one hundred sixty-ninth"), "1000169")
                     ^^^^^^^^^^^^^^^^^^^^^^^^^^^^^^^^^^^^^^^^^^^^^^^^^^^
  File "/Users/snigdhaghoshdastidar/Desktop/CS540/classeval_evaluation/ClassEval_97_4.py", line 55, in text2int
    raise ValueError("Invalid word: " + word)
ValueError: Invalid word: nin

----------------------------------------------------------------------
Ran 6 tests in 0.001s

FAILED (errors=1)
..F..F
======================================================================
FAIL: test_is_valid_input3 (ClassEval_97_4.Words2NumbersTestIsValidInput.test_is_valid_input3)
----------------------------------------------------------------------
Traceback (most recent call last):
  File "/Users/snigdhaghoshdastidar/Desktop/CS540/classeval_evaluation/ClassEval_97_4.py", line 138, in test_is_valid_input3
    self.assertTrue(w2n.is_valid_input("twenty-fifth thousand three hundred and forty-second"))
AssertionError: False is not true

======================================================================
FAIL: test_is_valid_input6 (ClassEval_97_4.Words2NumbersTestIsValidInput.test_is_valid_input6)
----------------------------------------------------------------------
Traceback (most recent call last):
  File "/Users/snigdhaghoshdastidar/Desktop/CS540/classeval_evaluation/ClassEval_97_4.py", line 150, in test_is_valid_input6
    self.assertTrue(w2n.is_valid_input("fifteenth hundred"))
AssertionError: False is not true

----------------------------------------------------------------------
Ran 6 tests in 0.001s

FAILED (failures=2)
