.....
----------------------------------------------------------------------
Ran 5 tests in 0.001s

OK
.....E
======================================================================
ERROR: test_calculate_hand_value_6 (ClassEval_12_0.BlackjackGameTestCalculateHandValue.test_calculate_hand_value_6)
----------------------------------------------------------------------
Traceback (most recent call last):
  File "/Users/snigdhaghoshdastidar/Desktop/CS540/classeval_evaluation/ClassEval_12_0.py", line 176, in test_calculate_hand_value_6
    self.assertEqual(blackjackGame.calculate_hand_value(hand), 20)
                     ^^^^^^^^^^^^^^^^^^^^^^^^^^^^^^^^^^^^^^^^
  File "/Users/snigdhaghoshdastidar/Desktop/CS540/classeval_evaluation/ClassEval_12_0.py", line 63, in calculate_hand_value
    value += int(rank)
             ^^^^^^^^^
ValueError: invalid literal for int() with base 10: 'B'

----------------------------------------------------------------------
Ran 6 tests in 0.001s

FAILED (errors=1)
......
----------------------------------------------------------------------
Ran 6 tests in 0.001s

OK
.
----------------------------------------------------------------------
Ran 1 test in 0.000s

OK
.....
----------------------------------------------------------------------
Ran 5 tests in 0.000s

OK
.....
----------------------------------------------------------------------
Ran 5 tests in 0.000s

OK
.....
----------------------------------------------------------------------
Ran 5 tests in 0.000s

OK
......
----------------------------------------------------------------------
Ran 6 tests in 0.099s

OK
.....
----------------------------------------------------------------------
Ran 5 tests in 0.000s

OK
.....
----------------------------------------------------------------------
Ran 5 tests in 0.000s

OK
.....
----------------------------------------------------------------------
Ran 5 tests in 0.000s

OK
.
----------------------------------------------------------------------
Ran 1 test in 0.000s

OK
..EEE
======================================================================
ERROR: test_create_board_3 (ClassEval_54_0.MahjongConnectTestCreateBoard.test_create_board_3)
----------------------------------------------------------------------
Traceback (most recent call last):
  File "/Users/snigdhaghoshdastidar/Desktop/CS540/classeval_evaluation/ClassEval_54_0.py", line 215, in test_create_board_3
    mc = MahjongConnect([3, 3], ['a', 'b', 'c'])
         ^^^^^^^^^^^^^^^^^^^^^^^^^^^^^^^^^^^^^^^
  File "/Users/snigdhaghoshdastidar/Desktop/CS540/classeval_evaluation/ClassEval_54_0.py", line 22, in __init__
    self.board = self.create_board()
                 ^^^^^^^^^^^^^^^^^^^
  File "/Users/snigdhaghoshdastidar/Desktop/CS540/classeval_evaluation/ClassEval_54_0.py", line 38, in create_board
    raise ValueError("The total number of cells must be even.")
ValueError: The total number of cells must be even.

======================================================================
ERROR: test_create_board_4 (ClassEval_54_0.MahjongConnectTestCreateBoard.test_create_board_4)
----------------------------------------------------------------------
Traceback (most recent call last):
  File "/Users/snigdhaghoshdastidar/Desktop/CS540/classeval_evaluation/ClassEval_54_0.py", line 223, in test_create_board_4
    mc = MahjongConnect([1, 1], ['a', 'b', 'c'])
         ^^^^^^^^^^^^^^^^^^^^^^^^^^^^^^^^^^^^^^^
  File "/Users/snigdhaghoshdastidar/Desktop/CS540/classeval_evaluation/ClassEval_54_0.py", line 22, in __init__
    self.board = self.create_board()
                 ^^^^^^^^^^^^^^^^^^^
  File "/Users/snigdhaghoshdastidar/Desktop/CS540/classeval_evaluation/ClassEval_54_0.py", line 38, in create_board
    raise ValueError("The total number of cells must be even.")
ValueError: The total number of cells must be even.

======================================================================
ERROR: test_create_board_5 (ClassEval_54_0.MahjongConnectTestCreateBoard.test_create_board_5)
----------------------------------------------------------------------
Traceback (most recent call last):
  File "/Users/snigdhaghoshdastidar/Desktop/CS540/classeval_evaluation/ClassEval_54_0.py", line 231, in test_create_board_5
    mc = MahjongConnect([5, 5], ['a', 'b', 'c'])
         ^^^^^^^^^^^^^^^^^^^^^^^^^^^^^^^^^^^^^^^
  File "/Users/snigdhaghoshdastidar/Desktop/CS540/classeval_evaluation/ClassEval_54_0.py", line 22, in __init__
    self.board = self.create_board()
                 ^^^^^^^^^^^^^^^^^^^
  File "/Users/snigdhaghoshdastidar/Desktop/CS540/classeval_evaluation/ClassEval_54_0.py", line 38, in create_board
    raise ValueError("The total number of cells must be even.")
ValueError: The total number of cells must be even.

----------------------------------------------------------------------
Ran 5 tests in 0.002s

FAILED (errors=3)
......
----------------------------------------------------------------------
Ran 6 tests in 0.000s

OK
..FF.F
======================================================================
FAIL: test_has_path_3 (ClassEval_54_0.MahjongConnectTestHasPath.test_has_path_3)
----------------------------------------------------------------------
Traceback (most recent call last):
  File "/Users/snigdhaghoshdastidar/Desktop/CS540/classeval_evaluation/ClassEval_54_0.py", line 321, in test_has_path_3
    self.assertEqual(res, True)
AssertionError: False != True

======================================================================
FAIL: test_has_path_4 (ClassEval_54_0.MahjongConnectTestHasPath.test_has_path_4)
----------------------------------------------------------------------
Traceback (most recent call last):
  File "/Users/snigdhaghoshdastidar/Desktop/CS540/classeval_evaluation/ClassEval_54_0.py", line 330, in test_has_path_4
    self.assertEqual(res, False)
AssertionError: True != False

======================================================================
FAIL: test_has_path_6 (ClassEval_54_0.MahjongConnectTestHasPath.test_has_path_6)
----------------------------------------------------------------------
Traceback (most recent call last):
  File "/Users/snigdhaghoshdastidar/Desktop/CS540/classeval_evaluation/ClassEval_54_0.py", line 348, in test_has_path_6
    self.assertEqual(res, True)
AssertionError: False != True

----------------------------------------------------------------------
Ran 6 tests in 0.001s

FAILED (failures=3)
.....
----------------------------------------------------------------------
Ran 5 tests in 0.000s

OK
.....
----------------------------------------------------------------------
Ran 5 tests in 0.000s

OK
.
----------------------------------------------------------------------
Ran 1 test in 0.000s

OK
.....
----------------------------------------------------------------------
Ran 5 tests in 0.000s

OK
...EE
======================================================================
ERROR: test_generate_playerMap_4 (ClassEval_58_0.MinesweeperGameTestGeneratePlayerMap.test_generate_playerMap_4)
----------------------------------------------------------------------
Traceback (most recent call last):
  File "/Users/snigdhaghoshdastidar/Desktop/CS540/classeval_evaluation/ClassEval_58_0.py", line 197, in test_generate_playerMap_4
    minesweeper_game = MinesweeperGame(1, 4)
                       ^^^^^^^^^^^^^^^^^^^^^
  File "/Users/snigdhaghoshdastidar/Desktop/CS540/classeval_evaluation/ClassEval_58_0.py", line 18, in __init__
    self.minesweeper_map = self.generate_mine_sweeper_map()
                           ^^^^^^^^^^^^^^^^^^^^^^^^^^^^^^^^
  File "/Users/snigdhaghoshdastidar/Desktop/CS540/classeval_evaluation/ClassEval_58_0.py", line 37, in generate_mine_sweeper_map
    mines = random.sample([(i, j) for i in range(self.n) for j in range(self.n)], self.k)
            ^^^^^^^^^^^^^^^^^^^^^^^^^^^^^^^^^^^^^^^^^^^^^^^^^^^^^^^^^^^^^^^^^^^^^^^^^^^^^
  File "/opt/miniconda3/lib/python3.12/random.py", line 430, in sample
    raise ValueError("Sample larger than population or is negative")
ValueError: Sample larger than population or is negative

======================================================================
ERROR: test_generate_playerMap_5 (ClassEval_58_0.MinesweeperGameTestGeneratePlayerMap.test_generate_playerMap_5)
----------------------------------------------------------------------
Traceback (most recent call last):
  File "/Users/snigdhaghoshdastidar/Desktop/CS540/classeval_evaluation/ClassEval_58_0.py", line 201, in test_generate_playerMap_5
    minesweeper_game = MinesweeperGame(2, 5)
                       ^^^^^^^^^^^^^^^^^^^^^
  File "/Users/snigdhaghoshdastidar/Desktop/CS540/classeval_evaluation/ClassEval_58_0.py", line 18, in __init__
    self.minesweeper_map = self.generate_mine_sweeper_map()
                           ^^^^^^^^^^^^^^^^^^^^^^^^^^^^^^^^
  File "/Users/snigdhaghoshdastidar/Desktop/CS540/classeval_evaluation/ClassEval_58_0.py", line 37, in generate_mine_sweeper_map
    mines = random.sample([(i, j) for i in range(self.n) for j in range(self.n)], self.k)
            ^^^^^^^^^^^^^^^^^^^^^^^^^^^^^^^^^^^^^^^^^^^^^^^^^^^^^^^^^^^^^^^^^^^^^^^^^^^^^
  File "/opt/miniconda3/lib/python3.12/random.py", line 430, in sample
    raise ValueError("Sample larger than population or is negative")
ValueError: Sample larger than population or is negative

----------------------------------------------------------------------
Ran 5 tests in 0.002s

FAILED (errors=2)
.....
----------------------------------------------------------------------
Ran 5 tests in 0.000s

OK
F.FFF
======================================================================
FAIL: test_sweep (ClassEval_58_0.MinesweeperGameTestSweep.test_sweep)
----------------------------------------------------------------------
Traceback (most recent call last):
  File "/Users/snigdhaghoshdastidar/Desktop/CS540/classeval_evaluation/ClassEval_58_0.py", line 241, in test_sweep
    self.assertEqual(minesweeper_game.score, 1)
AssertionError: 0 != 1

======================================================================
FAIL: test_sweep_3 (ClassEval_58_0.MinesweeperGameTestSweep.test_sweep_3)
----------------------------------------------------------------------
Traceback (most recent call last):
  File "/Users/snigdhaghoshdastidar/Desktop/CS540/classeval_evaluation/ClassEval_58_0.py", line 255, in test_sweep_3
    self.assertEqual(minesweeper_game.score, 1)
AssertionError: 0 != 1

======================================================================
FAIL: test_sweep_4 (ClassEval_58_0.MinesweeperGameTestSweep.test_sweep_4)
----------------------------------------------------------------------
Traceback (most recent call last):
  File "/Users/snigdhaghoshdastidar/Desktop/CS540/classeval_evaluation/ClassEval_58_0.py", line 261, in test_sweep_4
    self.assertEqual(minesweeper_game.sweep(0,2), [['-', '-', 0], ['-', '-', '0'], ['0', '0', '0']])
AssertionError: Lists differ: [['-', 1, 0], ['-', 1, '0'], ['0', '0', '0']] != [['-', '-', 0], ['-', '-', '0'], ['0', '0', '0']]

First differing element 0:
['-', 1, 0]
['-', '-', 0]

- [['-', 1, 0], ['-', 1, '0'], ['0', '0', '0']]
?        ^            ^

+ [['-', '-', 0], ['-', '-', '0'], ['0', '0', '0']]
?        ^^^            ^^^


======================================================================
FAIL: test_sweep_5 (ClassEval_58_0.MinesweeperGameTestSweep.test_sweep_5)
----------------------------------------------------------------------
Traceback (most recent call last):
  File "/Users/snigdhaghoshdastidar/Desktop/CS540/classeval_evaluation/ClassEval_58_0.py", line 269, in test_sweep_5
    self.assertEqual(minesweeper_game.score, 1)
AssertionError: 0 != 1

----------------------------------------------------------------------
Ran 5 tests in 0.001s

FAILED (failures=4)
FF
======================================================================
FAIL: test_minesweeper_main (ClassEval_58_0.MinesweeperGameTestMain.test_minesweeper_main)
----------------------------------------------------------------------
Traceback (most recent call last):
  File "/Users/snigdhaghoshdastidar/Desktop/CS540/classeval_evaluation/ClassEval_58_0.py", line 287, in test_minesweeper_main
    self.assertEqual(minesweeper_game.score, 1)
AssertionError: 0 != 1

======================================================================
FAIL: test_minesweeper_main_2 (ClassEval_58_0.MinesweeperGameTestMain.test_minesweeper_main_2)
----------------------------------------------------------------------
Traceback (most recent call last):
  File "/Users/snigdhaghoshdastidar/Desktop/CS540/classeval_evaluation/ClassEval_58_0.py", line 303, in test_minesweeper_main_2
    self.assertEqual(minesweeper_game.score, 1)
AssertionError: 0 != 1

----------------------------------------------------------------------
Ran 2 tests in 0.000s

FAILED (failures=2)
.......
----------------------------------------------------------------------
Ran 7 tests in 0.000s

OK
..
----------------------------------------------------------------------
Ran 2 tests in 0.000s

OK
.....E.
======================================================================
ERROR: test_move_6 (ClassEval_71_0.PushBoxGameTestMove.test_move_6)
----------------------------------------------------------------------
Traceback (most recent call last):
  File "/Users/snigdhaghoshdastidar/Desktop/CS540/classeval_evaluation/ClassEval_71_0.py", line 234, in test_move_6
    self.game.move('?')
  File "/Users/snigdhaghoshdastidar/Desktop/CS540/classeval_evaluation/ClassEval_71_0.py", line 91, in move
    d_row, d_col = directions[direction]
                   ~~~~~~~~~~^^^^^^^^^^^
KeyError: '?'

----------------------------------------------------------------------
Ran 7 tests in 0.001s

FAILED (errors=1)
.....
----------------------------------------------------------------------
Ran 5 tests in 0.000s

OK
.....
----------------------------------------------------------------------
Ran 5 tests in 0.000s

OK
FFFFF
======================================================================
FAIL: test_gain_exp_1 (ClassEval_73_0.RPGCharacterTestGainExp.test_gain_exp_1)
----------------------------------------------------------------------
Traceback (most recent call last):
  File "/Users/snigdhaghoshdastidar/Desktop/CS540/classeval_evaluation/ClassEval_73_0.py", line 145, in test_gain_exp_1
    self.assertEqual(character.exp, 0)
AssertionError: -100 != 0

======================================================================
FAIL: test_gain_exp_2 (ClassEval_73_0.RPGCharacterTestGainExp.test_gain_exp_2)
----------------------------------------------------------------------
Traceback (most recent call last):
  File "/Users/snigdhaghoshdastidar/Desktop/CS540/classeval_evaluation/ClassEval_73_0.py", line 151, in test_gain_exp_2
    self.assertEqual(character.level, 5)
AssertionError: 4 != 5

======================================================================
FAIL: test_gain_exp_3 (ClassEval_73_0.RPGCharacterTestGainExp.test_gain_exp_3)
----------------------------------------------------------------------
Traceback (most recent call last):
  File "/Users/snigdhaghoshdastidar/Desktop/CS540/classeval_evaluation/ClassEval_73_0.py", line 158, in test_gain_exp_3
    self.assertEqual(character.exp, 100)
AssertionError: 0 != 100

======================================================================
FAIL: test_gain_exp_4 (ClassEval_73_0.RPGCharacterTestGainExp.test_gain_exp_4)
----------------------------------------------------------------------
Traceback (most recent call last):
  File "/Users/snigdhaghoshdastidar/Desktop/CS540/classeval_evaluation/ClassEval_73_0.py", line 163, in test_gain_exp_4
    self.assertEqual(character.level, 3)
AssertionError: 2 != 3

======================================================================
FAIL: test_gain_exp_5 (ClassEval_73_0.RPGCharacterTestGainExp.test_gain_exp_5)
----------------------------------------------------------------------
Traceback (most recent call last):
  File "/Users/snigdhaghoshdastidar/Desktop/CS540/classeval_evaluation/ClassEval_73_0.py", line 170, in test_gain_exp_5
    self.assertEqual(character.exp, 100)
AssertionError: -100 != 100

----------------------------------------------------------------------
Ran 5 tests in 0.001s

FAILED (failures=5)
FFFFF
======================================================================
FAIL: test_level_up_1 (ClassEval_73_0.RPGCharacterTestLevelUp.test_level_up_1)
----------------------------------------------------------------------
Traceback (most recent call last):
  File "/Users/snigdhaghoshdastidar/Desktop/CS540/classeval_evaluation/ClassEval_73_0.py", line 179, in test_level_up_1
    self.assertEqual(character.hp, 120)
AssertionError: 100 != 120

======================================================================
FAIL: test_level_up_2 (ClassEval_73_0.RPGCharacterTestLevelUp.test_level_up_2)
----------------------------------------------------------------------
Traceback (most recent call last):
  File "/Users/snigdhaghoshdastidar/Desktop/CS540/classeval_evaluation/ClassEval_73_0.py", line 187, in test_level_up_2
    self.assertEqual(character.level, 100)
AssertionError: 101 != 100

======================================================================
FAIL: test_level_up_3 (ClassEval_73_0.RPGCharacterTestLevelUp.test_level_up_3)
----------------------------------------------------------------------
Traceback (most recent call last):
  File "/Users/snigdhaghoshdastidar/Desktop/CS540/classeval_evaluation/ClassEval_73_0.py", line 198, in test_level_up_3
    self.assertEqual(character.hp, 120)
AssertionError: 100 != 120

======================================================================
FAIL: test_level_up_4 (ClassEval_73_0.RPGCharacterTestLevelUp.test_level_up_4)
----------------------------------------------------------------------
Traceback (most recent call last):
  File "/Users/snigdhaghoshdastidar/Desktop/CS540/classeval_evaluation/ClassEval_73_0.py", line 207, in test_level_up_4
    self.assertEqual(character.hp, 120)
AssertionError: 100 != 120

======================================================================
FAIL: test_level_up_5 (ClassEval_73_0.RPGCharacterTestLevelUp.test_level_up_5)
----------------------------------------------------------------------
Traceback (most recent call last):
  File "/Users/snigdhaghoshdastidar/Desktop/CS540/classeval_evaluation/ClassEval_73_0.py", line 216, in test_level_up_5
    self.assertEqual(character.hp, 120)
AssertionError: 100 != 120

----------------------------------------------------------------------
Ran 5 tests in 0.001s

FAILED (failures=5)
.....
----------------------------------------------------------------------
Ran 5 tests in 0.000s

OK
F
======================================================================
FAIL: test_main (ClassEval_73_0.RPGCharacterTestMain.test_main)
----------------------------------------------------------------------
Traceback (most recent call last):
  File "/Users/snigdhaghoshdastidar/Desktop/CS540/classeval_evaluation/ClassEval_73_0.py", line 251, in test_main
    self.assertEqual(character1.exp, 100)
AssertionError: 0 != 100

----------------------------------------------------------------------
Ran 1 test in 0.000s

FAILED (failures=1)
.....
----------------------------------------------------------------------
Ran 5 tests in 0.000s

OK
.....
----------------------------------------------------------------------
Ran 5 tests in 0.001s

OK
.....
----------------------------------------------------------------------
Ran 5 tests in 0.000s

OK
.....
----------------------------------------------------------------------
Ran 5 tests in 0.000s

OK
.
----------------------------------------------------------------------
Ran 1 test in 0.000s

OK
.....
----------------------------------------------------------------------
Ran 5 tests in 0.000s

OK
.....
----------------------------------------------------------------------
Ran 5 tests in 0.000s

OK
.....
----------------------------------------------------------------------
Ran 5 tests in 0.000s

OK
.
----------------------------------------------------------------------
Ran 1 test in 0.000s

OK
.....
----------------------------------------------------------------------
Ran 5 tests in 0.000s

OK
EFF....
======================================================================
ERROR: test_answer_1 (ClassEval_89_0.TwentyFourPointGameTestAnswer.test_answer_1)
----------------------------------------------------------------------
Traceback (most recent call last):
  File "/Users/snigdhaghoshdastidar/Desktop/CS540/classeval_evaluation/ClassEval_89_0.py", line 116, in test_answer_1
    self.assertEqual(len(cards), 4)
                     ^^^^^^^^^^
TypeError: object of type 'bool' has no len()

======================================================================
FAIL: test_answer_2 (ClassEval_89_0.TwentyFourPointGameTestAnswer.test_answer_2)
----------------------------------------------------------------------
Traceback (most recent call last):
  File "/Users/snigdhaghoshdastidar/Desktop/CS540/classeval_evaluation/ClassEval_89_0.py", line 121, in test_answer_2
    self.assertTrue(result)
AssertionError: False is not true

======================================================================
FAIL: test_answer_3 (ClassEval_89_0.TwentyFourPointGameTestAnswer.test_answer_3)
----------------------------------------------------------------------
Traceback (most recent call last):
  File "/Users/snigdhaghoshdastidar/Desktop/CS540/classeval_evaluation/ClassEval_89_0.py", line 126, in test_answer_3
    self.assertFalse(result)
AssertionError: True is not false

----------------------------------------------------------------------
Ran 7 tests in 0.001s

FAILED (failures=2, errors=1)
.....
----------------------------------------------------------------------
Ran 5 tests in 0.001s

OK
F
======================================================================
FAIL: test_TwentyFourPointGame (ClassEval_89_0.TwentyFourPointGameTest.test_TwentyFourPointGame)
----------------------------------------------------------------------
Traceback (most recent call last):
  File "/Users/snigdhaghoshdastidar/Desktop/CS540/classeval_evaluation/ClassEval_89_0.py", line 187, in test_TwentyFourPointGame
    self.assertTrue(result)
AssertionError: False is not true

----------------------------------------------------------------------
Ran 1 test in 0.000s

FAILED (failures=1)
