.....
----------------------------------------------------------------------
Ran 5 tests in 0.000s

OK
...FF
======================================================================
FAIL: test_find_longest_word_4 (ClassEval_53_0.LongestWordTestFindLongestWord.test_find_longest_word_4)
----------------------------------------------------------------------
Traceback (most recent call last):
  File "/Users/snigdhaghoshdastidar/Desktop/CS540/classeval_evaluation/ClassEval_53_0.py", line 119, in test_find_longest_word_4
    self.assertEqual('apple', longestWord.find_longest_word(sentence))
AssertionError: 'apple' != ''
- apple


======================================================================
FAIL: test_find_longest_word_5 (ClassEval_53_0.LongestWordTestFindLongestWord.test_find_longest_word_5)
----------------------------------------------------------------------
Traceback (most recent call last):
  File "/Users/snigdhaghoshdastidar/Desktop/CS540/classeval_evaluation/ClassEval_53_0.py", line 126, in test_find_longest_word_5
    self.assertEqual('apple', longestWord.find_longest_word(sentence))
AssertionError: 'apple' != 'red'
- apple
+ red


----------------------------------------------------------------------
Ran 5 tests in 0.001s

FAILED (failures=2)
.
----------------------------------------------------------------------
Ran 1 test in 0.000s

OK
....F
======================================================================
FAIL: test_remove_stop_words_5 (ClassEval_62_0.NLPDataProcessorTestRemove.test_remove_stop_words_5)
----------------------------------------------------------------------
Traceback (most recent call last):
  File "/Users/snigdhaghoshdastidar/Desktop/CS540/classeval_evaluation/ClassEval_62_0.py", line 101, in test_remove_stop_words_5
    self.assertEqual(words_list, expected_words_list)
AssertionError: Lists differ: [['This', 'test'], ['This', 'apple'], ['This', 'dog']] != [['is', 'test'], ['is', 'apple'], ['is', 'dog']]

First differing element 0:
['This', 'test']
['is', 'test']

- [['This', 'test'], ['This', 'apple'], ['This', 'dog']]
?    --                --                 --

+ [['is', 'test'], ['is', 'apple'], ['is', 'dog']]

----------------------------------------------------------------------
Ran 5 tests in 0.001s

FAILED (failures=1)
.....
----------------------------------------------------------------------
Ran 5 tests in 0.000s

OK
.....
----------------------------------------------------------------------
Ran 5 tests in 0.001s

OK
.....
----------------------------------------------------------------------
Ran 5 tests in 0.001s

OK
......
----------------------------------------------------------------------
Ran 6 tests in 0.000s

OK
......
----------------------------------------------------------------------
Ran 6 tests in 0.001s

OK
......
----------------------------------------------------------------------
Ran 6 tests in 0.000s

OK
