EEEEE
======================================================================
ERROR: test_calculate_circle_area (ClassEval_1_0.AreaCalculatorTestCalculateCircleArea.test_calculate_circle_area)
----------------------------------------------------------------------
Traceback (most recent call last):
  File "/Users/snigdhaghoshdastidar/Desktop/CS540/classeval_evaluation/ClassEval_1_0.py", line 68, in test_calculate_circle_area
    self.assertAlmostEqual(12.56, areaCalculator.calculate_circle_area(), delta=0.01)
  File "/opt/miniconda3/lib/python3.12/unittest/case.py", line 916, in assertAlmostEqual
    diff = abs(first - second)
               ~~~~~~^~~~~~~~
TypeError: unsupported operand type(s) for -: 'float' and 'NoneType'

======================================================================
ERROR: test_calculate_circle_area_2 (ClassEval_1_0.AreaCalculatorTestCalculateCircleArea.test_calculate_circle_area_2)
----------------------------------------------------------------------
Traceback (most recent call last):
  File "/Users/snigdhaghoshdastidar/Desktop/CS540/classeval_evaluation/ClassEval_1_0.py", line 71, in test_calculate_circle_area_2
    self.assertAlmostEqual(19.63, areaCalculator.calculate_circle_area(), delta=0.01)
  File "/opt/miniconda3/lib/python3.12/unittest/case.py", line 916, in assertAlmostEqual
    diff = abs(first - second)
               ~~~~~~^~~~~~~~
TypeError: unsupported operand type(s) for -: 'float' and 'NoneType'

======================================================================
ERROR: test_calculate_circle_area_3 (ClassEval_1_0.AreaCalculatorTestCalculateCircleArea.test_calculate_circle_area_3)
----------------------------------------------------------------------
Traceback (most recent call last):
  File "/Users/snigdhaghoshdastidar/Desktop/CS540/classeval_evaluation/ClassEval_1_0.py", line 75, in test_calculate_circle_area_3
    self.assertAlmostEqual(12566370.61, areaCalculator.calculate_circle_area(), delta=0.01)
  File "/opt/miniconda3/lib/python3.12/unittest/case.py", line 916, in assertAlmostEqual
    diff = abs(first - second)
               ~~~~~~^~~~~~~~
TypeError: unsupported operand type(s) for -: 'float' and 'NoneType'

======================================================================
ERROR: test_calculate_circle_area_4 (ClassEval_1_0.AreaCalculatorTestCalculateCircleArea.test_calculate_circle_area_4)
----------------------------------------------------------------------
Traceback (most recent call last):
  File "/Users/snigdhaghoshdastidar/Desktop/CS540/classeval_evaluation/ClassEval_1_0.py", line 79, in test_calculate_circle_area_4
    self.assertAlmostEqual(0, areaCalculator.calculate_circle_area(), delta=0.01)
  File "/opt/miniconda3/lib/python3.12/unittest/case.py", line 916, in assertAlmostEqual
    diff = abs(first - second)
               ~~~~~~^~~~~~~~
TypeError: unsupported operand type(s) for -: 'int' and 'NoneType'

======================================================================
ERROR: test_calculate_circle_area_5 (ClassEval_1_0.AreaCalculatorTestCalculateCircleArea.test_calculate_circle_area_5)
----------------------------------------------------------------------
Traceback (most recent call last):
  File "/Users/snigdhaghoshdastidar/Desktop/CS540/classeval_evaluation/ClassEval_1_0.py", line 83, in test_calculate_circle_area_5
    self.assertAlmostEqual(0.031, areaCalculator.calculate_circle_area(), delta=0.01)
  File "/opt/miniconda3/lib/python3.12/unittest/case.py", line 916, in assertAlmostEqual
    diff = abs(first - second)
               ~~~~~~^~~~~~~~
TypeError: unsupported operand type(s) for -: 'float' and 'NoneType'

----------------------------------------------------------------------
Ran 5 tests in 0.005s

FAILED (errors=5)
EEEEE
======================================================================
ERROR: test_calculate_sphere_area (ClassEval_1_0.AreaCalculatorTestCalculateSphereArea.test_calculate_sphere_area)
----------------------------------------------------------------------
Traceback (most recent call last):
  File "/Users/snigdhaghoshdastidar/Desktop/CS540/classeval_evaluation/ClassEval_1_0.py", line 89, in test_calculate_sphere_area
    self.assertAlmostEqual(50.27, areaCalculator.calculate_sphere_area(), delta=0.01)
  File "/opt/miniconda3/lib/python3.12/unittest/case.py", line 916, in assertAlmostEqual
    diff = abs(first - second)
               ~~~~~~^~~~~~~~
TypeError: unsupported operand type(s) for -: 'float' and 'NoneType'

======================================================================
ERROR: test_calculate_sphere_area_2 (ClassEval_1_0.AreaCalculatorTestCalculateSphereArea.test_calculate_sphere_area_2)
----------------------------------------------------------------------
Traceback (most recent call last):
  File "/Users/snigdhaghoshdastidar/Desktop/CS540/classeval_evaluation/ClassEval_1_0.py", line 93, in test_calculate_sphere_area_2
    self.assertAlmostEqual(19.63, areaCalculator.calculate_circle_area(), delta=0.01)
  File "/opt/miniconda3/lib/python3.12/unittest/case.py", line 916, in assertAlmostEqual
    diff = abs(first - second)
               ~~~~~~^~~~~~~~
TypeError: unsupported operand type(s) for -: 'float' and 'NoneType'

======================================================================
ERROR: test_calculate_sphere_area_3 (ClassEval_1_0.AreaCalculatorTestCalculateSphereArea.test_calculate_sphere_area_3)
----------------------------------------------------------------------
Traceback (most recent call last):
  File "/Users/snigdhaghoshdastidar/Desktop/CS540/classeval_evaluation/ClassEval_1_0.py", line 97, in test_calculate_sphere_area_3
    self.assertAlmostEqual(12566370.61, areaCalculator.calculate_circle_area(), delta=0.01)
  File "/opt/miniconda3/lib/python3.12/unittest/case.py", line 916, in assertAlmostEqual
    diff = abs(first - second)
               ~~~~~~^~~~~~~~
TypeError: unsupported operand type(s) for -: 'float' and 'NoneType'

======================================================================
ERROR: test_calculate_sphere_area_4 (ClassEval_1_0.AreaCalculatorTestCalculateSphereArea.test_calculate_sphere_area_4)
----------------------------------------------------------------------
Traceback (most recent call last):
  File "/Users/snigdhaghoshdastidar/Desktop/CS540/classeval_evaluation/ClassEval_1_0.py", line 101, in test_calculate_sphere_area_4
    self.assertAlmostEqual(0, areaCalculator.calculate_circle_area(), delta=0.01)
  File "/opt/miniconda3/lib/python3.12/unittest/case.py", line 916, in assertAlmostEqual
    diff = abs(first - second)
               ~~~~~~^~~~~~~~
TypeError: unsupported operand type(s) for -: 'int' and 'NoneType'

======================================================================
ERROR: test_calculate_sphere_area_5 (ClassEval_1_0.AreaCalculatorTestCalculateSphereArea.test_calculate_sphere_area_5)
----------------------------------------------------------------------
Traceback (most recent call last):
  File "/Users/snigdhaghoshdastidar/Desktop/CS540/classeval_evaluation/ClassEval_1_0.py", line 105, in test_calculate_sphere_area_5
    self.assertAlmostEqual(0.031, areaCalculator.calculate_circle_area(), delta=0.01)
  File "/opt/miniconda3/lib/python3.12/unittest/case.py", line 916, in assertAlmostEqual
    diff = abs(first - second)
               ~~~~~~^~~~~~~~
TypeError: unsupported operand type(s) for -: 'float' and 'NoneType'

----------------------------------------------------------------------
Ran 5 tests in 0.003s

FAILED (errors=5)
EEEEE
======================================================================
ERROR: test_calculate_cylinder_area (ClassEval_1_0.AreaCalculatorTestCalculateCylinderArea.test_calculate_cylinder_area)
----------------------------------------------------------------------
Traceback (most recent call last):
  File "/Users/snigdhaghoshdastidar/Desktop/CS540/classeval_evaluation/ClassEval_1_0.py", line 111, in test_calculate_cylinder_area
    self.assertAlmostEqual(50.27, areaCalculator.calculate_cylinder_area(2), delta=0.01)
  File "/opt/miniconda3/lib/python3.12/unittest/case.py", line 916, in assertAlmostEqual
    diff = abs(first - second)
               ~~~~~~^~~~~~~~
TypeError: unsupported operand type(s) for -: 'float' and 'NoneType'

======================================================================
ERROR: test_calculate_cylinder_area_2 (ClassEval_1_0.AreaCalculatorTestCalculateCylinderArea.test_calculate_cylinder_area_2)
----------------------------------------------------------------------
Traceback (most recent call last):
  File "/Users/snigdhaghoshdastidar/Desktop/CS540/classeval_evaluation/ClassEval_1_0.py", line 115, in test_calculate_cylinder_area_2
    self.assertAlmostEqual(25.13, areaCalculator.calculate_cylinder_area(0), delta=0.01)
  File "/opt/miniconda3/lib/python3.12/unittest/case.py", line 916, in assertAlmostEqual
    diff = abs(first - second)
               ~~~~~~^~~~~~~~
TypeError: unsupported operand type(s) for -: 'float' and 'NoneType'

======================================================================
ERROR: test_calculate_cylinder_area_3 (ClassEval_1_0.AreaCalculatorTestCalculateCylinderArea.test_calculate_cylinder_area_3)
----------------------------------------------------------------------
Traceback (most recent call last):
  File "/Users/snigdhaghoshdastidar/Desktop/CS540/classeval_evaluation/ClassEval_1_0.py", line 119, in test_calculate_cylinder_area_3
    self.assertAlmostEqual(0, areaCalculator.calculate_cylinder_area(2000), delta=0.01)
  File "/opt/miniconda3/lib/python3.12/unittest/case.py", line 916, in assertAlmostEqual
    diff = abs(first - second)
               ~~~~~~^~~~~~~~
TypeError: unsupported operand type(s) for -: 'int' and 'NoneType'

======================================================================
ERROR: test_calculate_cylinder_area_4 (ClassEval_1_0.AreaCalculatorTestCalculateCylinderArea.test_calculate_cylinder_area_4)
----------------------------------------------------------------------
Traceback (most recent call last):
  File "/Users/snigdhaghoshdastidar/Desktop/CS540/classeval_evaluation/ClassEval_1_0.py", line 123, in test_calculate_cylinder_area_4
    self.assertAlmostEqual(70.68, areaCalculator.calculate_cylinder_area(2), delta=0.01)
  File "/opt/miniconda3/lib/python3.12/unittest/case.py", line 916, in assertAlmostEqual
    diff = abs(first - second)
               ~~~~~~^~~~~~~~
TypeError: unsupported operand type(s) for -: 'float' and 'NoneType'

======================================================================
ERROR: test_calculate_cylinder_area_5 (ClassEval_1_0.AreaCalculatorTestCalculateCylinderArea.test_calculate_cylinder_area_5)
----------------------------------------------------------------------
Traceback (most recent call last):
  File "/Users/snigdhaghoshdastidar/Desktop/CS540/classeval_evaluation/ClassEval_1_0.py", line 127, in test_calculate_cylinder_area_5
    self.assertAlmostEqual(62.83, areaCalculator.calculate_cylinder_area(1.5), delta=0.01)
  File "/opt/miniconda3/lib/python3.12/unittest/case.py", line 916, in assertAlmostEqual
    diff = abs(first - second)
               ~~~~~~^~~~~~~~
TypeError: unsupported operand type(s) for -: 'float' and 'NoneType'

----------------------------------------------------------------------
Ran 5 tests in 0.002s

FAILED (errors=5)
EEEEE
======================================================================
ERROR: test5_calculate_sector_area_5 (ClassEval_1_0.AreaCalculatorTestCalculateSectorArea.test5_calculate_sector_area_5)
----------------------------------------------------------------------
Traceback (most recent call last):
  File "/Users/snigdhaghoshdastidar/Desktop/CS540/classeval_evaluation/ClassEval_1_0.py", line 148, in test5_calculate_sector_area_5
    self.assertAlmostEqual(0, areaCalculator.calculate_sector_area(math.pi), delta=0.01)
  File "/opt/miniconda3/lib/python3.12/unittest/case.py", line 916, in assertAlmostEqual
    diff = abs(first - second)
               ~~~~~~^~~~~~~~
TypeError: unsupported operand type(s) for -: 'int' and 'NoneType'

======================================================================
ERROR: test_calculate_sector_area (ClassEval_1_0.AreaCalculatorTestCalculateSectorArea.test_calculate_sector_area)
----------------------------------------------------------------------
Traceback (most recent call last):
  File "/Users/snigdhaghoshdastidar/Desktop/CS540/classeval_evaluation/ClassEval_1_0.py", line 132, in test_calculate_sector_area
    self.assertAlmostEqual(3.53, areaCalculator.calculate_sector_area(math.pi), delta=0.01)
  File "/opt/miniconda3/lib/python3.12/unittest/case.py", line 916, in assertAlmostEqual
    diff = abs(first - second)
               ~~~~~~^~~~~~~~
TypeError: unsupported operand type(s) for -: 'float' and 'NoneType'

======================================================================
ERROR: test_calculate_sector_area_2 (ClassEval_1_0.AreaCalculatorTestCalculateSectorArea.test_calculate_sector_area_2)
----------------------------------------------------------------------
Traceback (most recent call last):
  File "/Users/snigdhaghoshdastidar/Desktop/CS540/classeval_evaluation/ClassEval_1_0.py", line 136, in test_calculate_sector_area_2
    self.assertAlmostEqual(3.14, areaCalculator.calculate_sector_area(math.pi/2), delta=0.01)
  File "/opt/miniconda3/lib/python3.12/unittest/case.py", line 916, in assertAlmostEqual
    diff = abs(first - second)
               ~~~~~~^~~~~~~~
TypeError: unsupported operand type(s) for -: 'float' and 'NoneType'

======================================================================
ERROR: test_calculate_sector_area_3 (ClassEval_1_0.AreaCalculatorTestCalculateSectorArea.test_calculate_sector_area_3)
----------------------------------------------------------------------
Traceback (most recent call last):
  File "/Users/snigdhaghoshdastidar/Desktop/CS540/classeval_evaluation/ClassEval_1_0.py", line 140, in test_calculate_sector_area_3
    self.assertAlmostEqual(0, areaCalculator.calculate_sector_area(0), delta=0.01)
  File "/opt/miniconda3/lib/python3.12/unittest/case.py", line 916, in assertAlmostEqual
    diff = abs(first - second)
               ~~~~~~^~~~~~~~
TypeError: unsupported operand type(s) for -: 'int' and 'NoneType'

======================================================================
ERROR: test_calculate_sector_area_4 (ClassEval_1_0.AreaCalculatorTestCalculateSectorArea.test_calculate_sector_area_4)
----------------------------------------------------------------------
Traceback (most recent call last):
  File "/Users/snigdhaghoshdastidar/Desktop/CS540/classeval_evaluation/ClassEval_1_0.py", line 144, in test_calculate_sector_area_4
    self.assertAlmostEqual(12.56, areaCalculator.calculate_sector_area(2*math.pi), delta=0.01)
  File "/opt/miniconda3/lib/python3.12/unittest/case.py", line 916, in assertAlmostEqual
    diff = abs(first - second)
               ~~~~~~^~~~~~~~
TypeError: unsupported operand type(s) for -: 'float' and 'NoneType'

----------------------------------------------------------------------
Ran 5 tests in 0.002s

FAILED (errors=5)
EEEEE
======================================================================
ERROR: test_calculate_annulus_area (ClassEval_1_0.AreaCalculatorTestCalculateAnnulusArea.test_calculate_annulus_area)
----------------------------------------------------------------------
Traceback (most recent call last):
  File "/Users/snigdhaghoshdastidar/Desktop/CS540/classeval_evaluation/ClassEval_1_0.py", line 153, in test_calculate_annulus_area
    self.assertAlmostEqual(25.128, areaCalculator.calculate_annulus_area(1, 3), delta=0.01)
  File "/opt/miniconda3/lib/python3.12/unittest/case.py", line 916, in assertAlmostEqual
    diff = abs(first - second)
               ~~~~~~^~~~~~~~
TypeError: unsupported operand type(s) for -: 'float' and 'NoneType'

======================================================================
ERROR: test_calculate_annulus_area_2 (ClassEval_1_0.AreaCalculatorTestCalculateAnnulusArea.test_calculate_annulus_area_2)
----------------------------------------------------------------------
Traceback (most recent call last):
  File "/Users/snigdhaghoshdastidar/Desktop/CS540/classeval_evaluation/ClassEval_1_0.py", line 157, in test_calculate_annulus_area_2
    self.assertAlmostEqual(0, areaCalculator.calculate_annulus_area(3, 3), delta=0.01)
  File "/opt/miniconda3/lib/python3.12/unittest/case.py", line 916, in assertAlmostEqual
    diff = abs(first - second)
               ~~~~~~^~~~~~~~
TypeError: unsupported operand type(s) for -: 'int' and 'NoneType'

======================================================================
ERROR: test_calculate_annulus_area_3 (ClassEval_1_0.AreaCalculatorTestCalculateAnnulusArea.test_calculate_annulus_area_3)
----------------------------------------------------------------------
Traceback (most recent call last):
  File "/Users/snigdhaghoshdastidar/Desktop/CS540/classeval_evaluation/ClassEval_1_0.py", line 161, in test_calculate_annulus_area_3
    self.assertAlmostEqual(3.14, areaCalculator.calculate_annulus_area(0, 1), delta=0.01)
  File "/opt/miniconda3/lib/python3.12/unittest/case.py", line 916, in assertAlmostEqual
    diff = abs(first - second)
               ~~~~~~^~~~~~~~
TypeError: unsupported operand type(s) for -: 'float' and 'NoneType'

======================================================================
ERROR: test_calculate_annulus_area_4 (ClassEval_1_0.AreaCalculatorTestCalculateAnnulusArea.test_calculate_annulus_area_4)
----------------------------------------------------------------------
Traceback (most recent call last):
  File "/Users/snigdhaghoshdastidar/Desktop/CS540/classeval_evaluation/ClassEval_1_0.py", line 165, in test_calculate_annulus_area_4
    self.assertAlmostEqual(25.13, areaCalculator.calculate_annulus_area(1, 3), delta=0.01)
  File "/opt/miniconda3/lib/python3.12/unittest/case.py", line 916, in assertAlmostEqual
    diff = abs(first - second)
               ~~~~~~^~~~~~~~
TypeError: unsupported operand type(s) for -: 'float' and 'NoneType'

======================================================================
ERROR: test_calculate_annulus_area_5 (ClassEval_1_0.AreaCalculatorTestCalculateAnnulusArea.test_calculate_annulus_area_5)
----------------------------------------------------------------------
Traceback (most recent call last):
  File "/Users/snigdhaghoshdastidar/Desktop/CS540/classeval_evaluation/ClassEval_1_0.py", line 169, in test_calculate_annulus_area_5
    self.assertAlmostEqual(25.13, areaCalculator.calculate_annulus_area(1, 3), delta=0.01)
  File "/opt/miniconda3/lib/python3.12/unittest/case.py", line 916, in assertAlmostEqual
    diff = abs(first - second)
               ~~~~~~^~~~~~~~
TypeError: unsupported operand type(s) for -: 'float' and 'NoneType'

----------------------------------------------------------------------
Ran 5 tests in 0.002s

FAILED (errors=5)
E
======================================================================
ERROR: test_main (ClassEval_1_0.AreaCalculatorTestCalculateMain.test_main)
----------------------------------------------------------------------
Traceback (most recent call last):
  File "/Users/snigdhaghoshdastidar/Desktop/CS540/classeval_evaluation/ClassEval_1_0.py", line 174, in test_main
    self.assertAlmostEqual(12.56, areaCalculator.calculate_circle_area(), delta=0.01)
  File "/opt/miniconda3/lib/python3.12/unittest/case.py", line 916, in assertAlmostEqual
    diff = abs(first - second)
               ~~~~~~^~~~~~~~
TypeError: unsupported operand type(s) for -: 'float' and 'NoneType'

----------------------------------------------------------------------
Ran 1 test in 0.000s

FAILED (errors=1)
FFFFF
======================================================================
FAIL: test_add (ClassEval_9_0.BigNumCalculatorTestAdd.test_add)
----------------------------------------------------------------------
Traceback (most recent call last):
  File "/Users/snigdhaghoshdastidar/Desktop/CS540/classeval_evaluation/ClassEval_9_0.py", line 58, in test_add
    self.assertEqual(bigNum.add("12345678901234567890", "98765432109876543210"), "111111111011111111100")
AssertionError: None != '111111111011111111100'

======================================================================
FAIL: test_add_2 (ClassEval_9_0.BigNumCalculatorTestAdd.test_add_2)
----------------------------------------------------------------------
Traceback (most recent call last):
  File "/Users/snigdhaghoshdastidar/Desktop/CS540/classeval_evaluation/ClassEval_9_0.py", line 62, in test_add_2
    self.assertEqual(bigNum.add("123456789012345678922", "98765432109876543210"), "222222221122222222132")
AssertionError: None != '222222221122222222132'

======================================================================
FAIL: test_add_3 (ClassEval_9_0.BigNumCalculatorTestAdd.test_add_3)
----------------------------------------------------------------------
Traceback (most recent call last):
  File "/Users/snigdhaghoshdastidar/Desktop/CS540/classeval_evaluation/ClassEval_9_0.py", line 66, in test_add_3
    self.assertEqual(bigNum.add("123456789012345678934", "98765432109876543210"), "222222221122222222144")
AssertionError: None != '222222221122222222144'

======================================================================
FAIL: test_add_4 (ClassEval_9_0.BigNumCalculatorTestAdd.test_add_4)
----------------------------------------------------------------------
Traceback (most recent call last):
  File "/Users/snigdhaghoshdastidar/Desktop/CS540/classeval_evaluation/ClassEval_9_0.py", line 70, in test_add_4
    self.assertEqual(bigNum.add("123456789012345678946", "98765432109876543210"), "222222221122222222156")
AssertionError: None != '222222221122222222156'

======================================================================
FAIL: test_add_5 (ClassEval_9_0.BigNumCalculatorTestAdd.test_add_5)
----------------------------------------------------------------------
Traceback (most recent call last):
  File "/Users/snigdhaghoshdastidar/Desktop/CS540/classeval_evaluation/ClassEval_9_0.py", line 74, in test_add_5
    self.assertEqual(bigNum.add("123456789012345678958", "98765432109876543210"), "222222221122222222168")
AssertionError: None != '222222221122222222168'

----------------------------------------------------------------------
Ran 5 tests in 0.002s

FAILED (failures=5)
FFFFF
======================================================================
FAIL: test_subtract (ClassEval_9_0.BigNumCalculatorTestSubtract.test_subtract)
----------------------------------------------------------------------
Traceback (most recent call last):
  File "/Users/snigdhaghoshdastidar/Desktop/CS540/classeval_evaluation/ClassEval_9_0.py", line 79, in test_subtract
    self.assertEqual(bigNum.subtract("12345678901234567890", "98765432109876543210"), "-86419753208641975320")
AssertionError: None != '-86419753208641975320'

======================================================================
FAIL: test_subtract_2 (ClassEval_9_0.BigNumCalculatorTestSubtract.test_subtract_2)
----------------------------------------------------------------------
Traceback (most recent call last):
  File "/Users/snigdhaghoshdastidar/Desktop/CS540/classeval_evaluation/ClassEval_9_0.py", line 83, in test_subtract_2
    self.assertEqual(bigNum.subtract("123456789012345678922", "98765432109876543210"), "24691356902469135712")
AssertionError: None != '24691356902469135712'

======================================================================
FAIL: test_subtract_3 (ClassEval_9_0.BigNumCalculatorTestSubtract.test_subtract_3)
----------------------------------------------------------------------
Traceback (most recent call last):
  File "/Users/snigdhaghoshdastidar/Desktop/CS540/classeval_evaluation/ClassEval_9_0.py", line 87, in test_subtract_3
    self.assertEqual(bigNum.subtract("123456789012345678934", "98765432109876543"), "123358023580235802391")
AssertionError: None != '123358023580235802391'

======================================================================
FAIL: test_subtract_4 (ClassEval_9_0.BigNumCalculatorTestSubtract.test_subtract_4)
----------------------------------------------------------------------
Traceback (most recent call last):
  File "/Users/snigdhaghoshdastidar/Desktop/CS540/classeval_evaluation/ClassEval_9_0.py", line 91, in test_subtract_4
    self.assertEqual(bigNum.subtract("12345678901234567", "98765432109876543210"), "-98753086430975308643")
AssertionError: None != '-98753086430975308643'

======================================================================
FAIL: test_subtract_5 (ClassEval_9_0.BigNumCalculatorTestSubtract.test_subtract_5)
----------------------------------------------------------------------
Traceback (most recent call last):
  File "/Users/snigdhaghoshdastidar/Desktop/CS540/classeval_evaluation/ClassEval_9_0.py", line 95, in test_subtract_5
    self.assertEqual(bigNum.subtract("923456789", "187654321"), "735802468")
AssertionError: None != '735802468'

----------------------------------------------------------------------
Ran 5 tests in 0.001s

FAILED (failures=5)
FFFFFF
======================================================================
FAIL: test_multiply (ClassEval_9_0.BigNumCalculatorTestMultiply.test_multiply)
----------------------------------------------------------------------
Traceback (most recent call last):
  File "/Users/snigdhaghoshdastidar/Desktop/CS540/classeval_evaluation/ClassEval_9_0.py", line 100, in test_multiply
    self.assertEqual(bigNum.multiply("12345678901234567890", "98765432109876543210"), "1219326311370217952237463801111263526900")
AssertionError: None != '1219326311370217952237463801111263526900'

======================================================================
FAIL: test_multiply_2 (ClassEval_9_0.BigNumCalculatorTestMultiply.test_multiply_2)
----------------------------------------------------------------------
Traceback (most recent call last):
  File "/Users/snigdhaghoshdastidar/Desktop/CS540/classeval_evaluation/ClassEval_9_0.py", line 104, in test_multiply_2
    self.assertEqual(bigNum.multiply("123456789012345678922", "98765432109876543210"), "12193263113702179524547477517529919219620")
AssertionError: None != '12193263113702179524547477517529919219620'

======================================================================
FAIL: test_multiply_3 (ClassEval_9_0.BigNumCalculatorTestMultiply.test_multiply_3)
----------------------------------------------------------------------
Traceback (most recent call last):
  File "/Users/snigdhaghoshdastidar/Desktop/CS540/classeval_evaluation/ClassEval_9_0.py", line 108, in test_multiply_3
    self.assertEqual(bigNum.multiply("123456789012345678934", "98765432109876543"), "12193263113702179499806737010255845162")
AssertionError: None != '12193263113702179499806737010255845162'

======================================================================
FAIL: test_multiply_4 (ClassEval_9_0.BigNumCalculatorTestMultiply.test_multiply_4)
----------------------------------------------------------------------
Traceback (most recent call last):
  File "/Users/snigdhaghoshdastidar/Desktop/CS540/classeval_evaluation/ClassEval_9_0.py", line 112, in test_multiply_4
    self.assertEqual(bigNum.multiply("12345678901234567", "98765432109876543210"), "1219326311370217864336229223321140070")
AssertionError: None != '1219326311370217864336229223321140070'

======================================================================
FAIL: test_multiply_5 (ClassEval_9_0.BigNumCalculatorTestMultiply.test_multiply_5)
----------------------------------------------------------------------
Traceback (most recent call last):
  File "/Users/snigdhaghoshdastidar/Desktop/CS540/classeval_evaluation/ClassEval_9_0.py", line 116, in test_multiply_5
    self.assertEqual(bigNum.multiply("923456789", "187654321"), "173290656712635269")
AssertionError: None != '173290656712635269'

======================================================================
FAIL: test_multiply_6 (ClassEval_9_0.BigNumCalculatorTestMultiply.test_multiply_6)
----------------------------------------------------------------------
Traceback (most recent call last):
  File "/Users/snigdhaghoshdastidar/Desktop/CS540/classeval_evaluation/ClassEval_9_0.py", line 120, in test_multiply_6
    self.assertEqual(bigNum.multiply("000000001", "000000001"), "1")
AssertionError: None != '1'

----------------------------------------------------------------------
Ran 6 tests in 0.001s

FAILED (failures=6)
F
======================================================================
FAIL: test_main (ClassEval_9_0.BigNumCalculatorTestMain.test_main)
----------------------------------------------------------------------
Traceback (most recent call last):
  File "/Users/snigdhaghoshdastidar/Desktop/CS540/classeval_evaluation/ClassEval_9_0.py", line 125, in test_main
    self.assertEqual(bigNum.add("12345678901234567890", "98765432109876543210"), "111111111011111111100")
AssertionError: None != '111111111011111111100'

----------------------------------------------------------------------
Ran 1 test in 0.000s

FAILED (failures=1)
FFFFFF.F
======================================================================
FAIL: test_calculate_1 (ClassEval_16_0.CalculatorTestCalculate.test_calculate_1)
----------------------------------------------------------------------
Traceback (most recent call last):
  File "/Users/snigdhaghoshdastidar/Desktop/CS540/classeval_evaluation/ClassEval_16_0.py", line 65, in test_calculate_1
    self.assertEqual(res, 3)
AssertionError: None != 3

======================================================================
FAIL: test_calculate_2 (ClassEval_16_0.CalculatorTestCalculate.test_calculate_2)
----------------------------------------------------------------------
Traceback (most recent call last):
  File "/Users/snigdhaghoshdastidar/Desktop/CS540/classeval_evaluation/ClassEval_16_0.py", line 70, in test_calculate_2
    self.assertEqual(res, 7)
AssertionError: None != 7

======================================================================
FAIL: test_calculate_3 (ClassEval_16_0.CalculatorTestCalculate.test_calculate_3)
----------------------------------------------------------------------
Traceback (most recent call last):
  File "/Users/snigdhaghoshdastidar/Desktop/CS540/classeval_evaluation/ClassEval_16_0.py", line 75, in test_calculate_3
    self.assertEqual(res, 11)
AssertionError: None != 11

======================================================================
FAIL: test_calculate_4 (ClassEval_16_0.CalculatorTestCalculate.test_calculate_4)
----------------------------------------------------------------------
Traceback (most recent call last):
  File "/Users/snigdhaghoshdastidar/Desktop/CS540/classeval_evaluation/ClassEval_16_0.py", line 80, in test_calculate_4
    self.assertEqual(res, 37)
AssertionError: None != 37

======================================================================
FAIL: test_calculate_5 (ClassEval_16_0.CalculatorTestCalculate.test_calculate_5)
----------------------------------------------------------------------
Traceback (most recent call last):
  File "/Users/snigdhaghoshdastidar/Desktop/CS540/classeval_evaluation/ClassEval_16_0.py", line 85, in test_calculate_5
    self.assertEqual(res, 6)
AssertionError: None != 6

======================================================================
FAIL: test_calculate_6 (ClassEval_16_0.CalculatorTestCalculate.test_calculate_6)
----------------------------------------------------------------------
Traceback (most recent call last):
  File "/Users/snigdhaghoshdastidar/Desktop/CS540/classeval_evaluation/ClassEval_16_0.py", line 90, in test_calculate_6
    self.assertEqual(res, 6)
AssertionError: None != 6

======================================================================
FAIL: test_calculate_8 (ClassEval_16_0.CalculatorTestCalculate.test_calculate_8)
----------------------------------------------------------------------
Traceback (most recent call last):
  File "/Users/snigdhaghoshdastidar/Desktop/CS540/classeval_evaluation/ClassEval_16_0.py", line 100, in test_calculate_8
    self.assertEqual(res, 3)
AssertionError: None != 3

----------------------------------------------------------------------
Ran 8 tests in 0.003s

FAILED (failures=7)
..FFF
======================================================================
FAIL: test_precedence_3 (ClassEval_16_0.CalculatorTestPrecedence.test_precedence_3)
----------------------------------------------------------------------
Traceback (most recent call last):
  File "/Users/snigdhaghoshdastidar/Desktop/CS540/classeval_evaluation/ClassEval_16_0.py", line 120, in test_precedence_3
    self.assertNotEqual(res1, res2)
AssertionError: None == None

======================================================================
FAIL: test_precedence_4 (ClassEval_16_0.CalculatorTestPrecedence.test_precedence_4)
----------------------------------------------------------------------
Traceback (most recent call last):
  File "/Users/snigdhaghoshdastidar/Desktop/CS540/classeval_evaluation/ClassEval_16_0.py", line 126, in test_precedence_4
    self.assertNotEqual(res1, res2)
AssertionError: None == None

======================================================================
FAIL: test_precedence_5 (ClassEval_16_0.CalculatorTestPrecedence.test_precedence_5)
----------------------------------------------------------------------
Traceback (most recent call last):
  File "/Users/snigdhaghoshdastidar/Desktop/CS540/classeval_evaluation/ClassEval_16_0.py", line 132, in test_precedence_5
    self.assertNotEqual(res1, res2)
AssertionError: None == None

----------------------------------------------------------------------
Ran 5 tests in 0.001s

FAILED (failures=3)
FFFFF
======================================================================
FAIL: test_apply_operator_1 (ClassEval_16_0.CalculatorTestApplyOperator.test_apply_operator_1)
----------------------------------------------------------------------
Traceback (most recent call last):
  File "/Users/snigdhaghoshdastidar/Desktop/CS540/classeval_evaluation/ClassEval_16_0.py", line 141, in test_apply_operator_1
    self.assertEqual(operand_stack, [1, -1])
AssertionError: Lists differ: [1, 2, 3] != [1, -1]

First differing element 1:
2
-1

First list contains 1 additional elements.
First extra element 2:
3

- [1, 2, 3]
+ [1, -1]

======================================================================
FAIL: test_apply_operator_2 (ClassEval_16_0.CalculatorTestApplyOperator.test_apply_operator_2)
----------------------------------------------------------------------
Traceback (most recent call last):
  File "/Users/snigdhaghoshdastidar/Desktop/CS540/classeval_evaluation/ClassEval_16_0.py", line 149, in test_apply_operator_2
    self.assertEqual(operand_stack, [1, 6])
AssertionError: Lists differ: [1, 2, 3] != [1, 6]

First differing element 1:
2
6

First list contains 1 additional elements.
First extra element 2:
3

- [1, 2, 3]
+ [1, 6]

======================================================================
FAIL: test_apply_operator_3 (ClassEval_16_0.CalculatorTestApplyOperator.test_apply_operator_3)
----------------------------------------------------------------------
Traceback (most recent call last):
  File "/Users/snigdhaghoshdastidar/Desktop/CS540/classeval_evaluation/ClassEval_16_0.py", line 157, in test_apply_operator_3
    self.assertEqual(operand_stack, [6, 1])
AssertionError: Lists differ: [6, 3, 3] != [6, 1]

First differing element 1:
3
1

First list contains 1 additional elements.
First extra element 2:
3

- [6, 3, 3]
+ [6, 1]

======================================================================
FAIL: test_apply_operator_4 (ClassEval_16_0.CalculatorTestApplyOperator.test_apply_operator_4)
----------------------------------------------------------------------
Traceback (most recent call last):
  File "/Users/snigdhaghoshdastidar/Desktop/CS540/classeval_evaluation/ClassEval_16_0.py", line 165, in test_apply_operator_4
    self.assertEqual(operand_stack, [1, 8])
AssertionError: Lists differ: [1, 2, 3] != [1, 8]

First differing element 1:
2
8

First list contains 1 additional elements.
First extra element 2:
3

- [1, 2, 3]
+ [1, 8]

======================================================================
FAIL: test_apply_operator_5 (ClassEval_16_0.CalculatorTestApplyOperator.test_apply_operator_5)
----------------------------------------------------------------------
Traceback (most recent call last):
  File "/Users/snigdhaghoshdastidar/Desktop/CS540/classeval_evaluation/ClassEval_16_0.py", line 173, in test_apply_operator_5
    self.assertEqual(operand_stack, [1, 5])
AssertionError: Lists differ: [1, 2, 3] != [1, 5]

First differing element 1:
2
5

First list contains 1 additional elements.
First extra element 2:
3

- [1, 2, 3]
+ [1, 5]

----------------------------------------------------------------------
Ran 5 tests in 0.004s

FAILED (failures=5)
F
======================================================================
FAIL: test_calculator (ClassEval_16_0.CalculatorTest.test_calculator)
----------------------------------------------------------------------
Traceback (most recent call last):
  File "/Users/snigdhaghoshdastidar/Desktop/CS540/classeval_evaluation/ClassEval_16_0.py", line 181, in test_calculator
    self.assertEqual(res, 3)
AssertionError: None != 3

----------------------------------------------------------------------
Ran 1 test in 0.000s

FAILED (failures=1)
FFFFF
======================================================================
FAIL: test_add (ClassEval_24_0.ComplexCalculatorTestAdd.test_add)
----------------------------------------------------------------------
Traceback (most recent call last):
  File "/Users/snigdhaghoshdastidar/Desktop/CS540/classeval_evaluation/ClassEval_24_0.py", line 57, in test_add
    self.assertEqual(complexCalculator.add(1+2j, 3+4j), (4+6j))
AssertionError: None != (4+6j)

======================================================================
FAIL: test_add_2 (ClassEval_24_0.ComplexCalculatorTestAdd.test_add_2)
----------------------------------------------------------------------
Traceback (most recent call last):
  File "/Users/snigdhaghoshdastidar/Desktop/CS540/classeval_evaluation/ClassEval_24_0.py", line 61, in test_add_2
    self.assertEqual(complexCalculator.add(-1 - 2j, -3 - 4j), (-4 - 6j))
AssertionError: None != (-4-6j)

======================================================================
FAIL: test_add_3 (ClassEval_24_0.ComplexCalculatorTestAdd.test_add_3)
----------------------------------------------------------------------
Traceback (most recent call last):
  File "/Users/snigdhaghoshdastidar/Desktop/CS540/classeval_evaluation/ClassEval_24_0.py", line 65, in test_add_3
    self.assertEqual(complexCalculator.add(1-2j, 3-4j), (4-6j))
AssertionError: None != (4-6j)

======================================================================
FAIL: test_add_4 (ClassEval_24_0.ComplexCalculatorTestAdd.test_add_4)
----------------------------------------------------------------------
Traceback (most recent call last):
  File "/Users/snigdhaghoshdastidar/Desktop/CS540/classeval_evaluation/ClassEval_24_0.py", line 69, in test_add_4
    self.assertEqual(complexCalculator.add(-1+2j, -3+4j), (-4+6j))
AssertionError: None != (-4+6j)

======================================================================
FAIL: test_add_5 (ClassEval_24_0.ComplexCalculatorTestAdd.test_add_5)
----------------------------------------------------------------------
Traceback (most recent call last):
  File "/Users/snigdhaghoshdastidar/Desktop/CS540/classeval_evaluation/ClassEval_24_0.py", line 73, in test_add_5
    self.assertEqual(complexCalculator.add(1+2j, -1-2j), (0+0j))
AssertionError: None != 0j

----------------------------------------------------------------------
Ran 5 tests in 0.002s

FAILED (failures=5)
FFFFF
======================================================================
FAIL: test_subtract (ClassEval_24_0.ComplexCalculatorTestSubtract.test_subtract)
----------------------------------------------------------------------
Traceback (most recent call last):
  File "/Users/snigdhaghoshdastidar/Desktop/CS540/classeval_evaluation/ClassEval_24_0.py", line 78, in test_subtract
    self.assertEqual(complexCalculator.subtract(1+2j, 3+4j), (-2-2j))
AssertionError: None != (-2-2j)

======================================================================
FAIL: test_subtract_2 (ClassEval_24_0.ComplexCalculatorTestSubtract.test_subtract_2)
----------------------------------------------------------------------
Traceback (most recent call last):
  File "/Users/snigdhaghoshdastidar/Desktop/CS540/classeval_evaluation/ClassEval_24_0.py", line 82, in test_subtract_2
    self.assertEqual(complexCalculator.subtract(-1-2j, -3-4j), (2+2j))
AssertionError: None != (2+2j)

======================================================================
FAIL: test_subtract_3 (ClassEval_24_0.ComplexCalculatorTestSubtract.test_subtract_3)
----------------------------------------------------------------------
Traceback (most recent call last):
  File "/Users/snigdhaghoshdastidar/Desktop/CS540/classeval_evaluation/ClassEval_24_0.py", line 86, in test_subtract_3
    self.assertEqual(complexCalculator.subtract(1-2j, 3-4j), (-2+2j))
AssertionError: None != (-2+2j)

======================================================================
FAIL: test_subtract_4 (ClassEval_24_0.ComplexCalculatorTestSubtract.test_subtract_4)
----------------------------------------------------------------------
Traceback (most recent call last):
  File "/Users/snigdhaghoshdastidar/Desktop/CS540/classeval_evaluation/ClassEval_24_0.py", line 90, in test_subtract_4
    self.assertEqual(complexCalculator.subtract(-1+2j, -3+4j), (2-2j))
AssertionError: None != (2-2j)

======================================================================
FAIL: test_subtract_5 (ClassEval_24_0.ComplexCalculatorTestSubtract.test_subtract_5)
----------------------------------------------------------------------
Traceback (most recent call last):
  File "/Users/snigdhaghoshdastidar/Desktop/CS540/classeval_evaluation/ClassEval_24_0.py", line 94, in test_subtract_5
    self.assertEqual(complexCalculator.subtract(1+2j, 1+2j), (0+0j))
AssertionError: None != 0j

----------------------------------------------------------------------
Ran 5 tests in 0.002s

FAILED (failures=5)
FFFFF
======================================================================
FAIL: test_multiply (ClassEval_24_0.ComplexCalculatorTestMultiply.test_multiply)
----------------------------------------------------------------------
Traceback (most recent call last):
  File "/Users/snigdhaghoshdastidar/Desktop/CS540/classeval_evaluation/ClassEval_24_0.py", line 99, in test_multiply
    self.assertEqual(complexCalculator.multiply(1+2j, 3+4j), (-5+10j))
AssertionError: None != (-5+10j)

======================================================================
FAIL: test_multiply_2 (ClassEval_24_0.ComplexCalculatorTestMultiply.test_multiply_2)
----------------------------------------------------------------------
Traceback (most recent call last):
  File "/Users/snigdhaghoshdastidar/Desktop/CS540/classeval_evaluation/ClassEval_24_0.py", line 103, in test_multiply_2
    self.assertEqual(complexCalculator.multiply(-1-2j, -3-4j), (-5+10j))
AssertionError: None != (-5+10j)

======================================================================
FAIL: test_multiply_3 (ClassEval_24_0.ComplexCalculatorTestMultiply.test_multiply_3)
----------------------------------------------------------------------
Traceback (most recent call last):
  File "/Users/snigdhaghoshdastidar/Desktop/CS540/classeval_evaluation/ClassEval_24_0.py", line 107, in test_multiply_3
    self.assertEqual(complexCalculator.multiply(1-2j, 3-4j), (-5-10j))
AssertionError: None != (-5-10j)

======================================================================
FAIL: test_multiply_4 (ClassEval_24_0.ComplexCalculatorTestMultiply.test_multiply_4)
----------------------------------------------------------------------
Traceback (most recent call last):
  File "/Users/snigdhaghoshdastidar/Desktop/CS540/classeval_evaluation/ClassEval_24_0.py", line 111, in test_multiply_4
    self.assertEqual(complexCalculator.multiply(-1+2j, -3+4j), (-5-10j))
AssertionError: None != (-5-10j)

======================================================================
FAIL: test_multiply_5 (ClassEval_24_0.ComplexCalculatorTestMultiply.test_multiply_5)
----------------------------------------------------------------------
Traceback (most recent call last):
  File "/Users/snigdhaghoshdastidar/Desktop/CS540/classeval_evaluation/ClassEval_24_0.py", line 115, in test_multiply_5
    self.assertEqual(complexCalculator.multiply(1+2j, -1-2j), (3-4j))
AssertionError: None != (3-4j)

----------------------------------------------------------------------
Ran 5 tests in 0.002s

FAILED (failures=5)
FFFFF
======================================================================
FAIL: test_divide (ClassEval_24_0.ComplexCalculatorTestDivide.test_divide)
----------------------------------------------------------------------
Traceback (most recent call last):
  File "/Users/snigdhaghoshdastidar/Desktop/CS540/classeval_evaluation/ClassEval_24_0.py", line 120, in test_divide
    self.assertEqual(complexCalculator.divide(1+2j, 3+4j), (0.44+0.08j))
AssertionError: None != (0.44+0.08j)

======================================================================
FAIL: test_divide_2 (ClassEval_24_0.ComplexCalculatorTestDivide.test_divide_2)
----------------------------------------------------------------------
Traceback (most recent call last):
  File "/Users/snigdhaghoshdastidar/Desktop/CS540/classeval_evaluation/ClassEval_24_0.py", line 124, in test_divide_2
    self.assertEqual(complexCalculator.divide(-1-2j, -3-4j), (0.44+0.08j))
AssertionError: None != (0.44+0.08j)

======================================================================
FAIL: test_divide_3 (ClassEval_24_0.ComplexCalculatorTestDivide.test_divide_3)
----------------------------------------------------------------------
Traceback (most recent call last):
  File "/Users/snigdhaghoshdastidar/Desktop/CS540/classeval_evaluation/ClassEval_24_0.py", line 128, in test_divide_3
    self.assertEqual(complexCalculator.divide(1-2j, 3-4j), (0.44-0.08j))
AssertionError: None != (0.44-0.08j)

======================================================================
FAIL: test_divide_4 (ClassEval_24_0.ComplexCalculatorTestDivide.test_divide_4)
----------------------------------------------------------------------
Traceback (most recent call last):
  File "/Users/snigdhaghoshdastidar/Desktop/CS540/classeval_evaluation/ClassEval_24_0.py", line 132, in test_divide_4
    self.assertEqual(complexCalculator.divide(-1+2j, -3+4j), (0.44-0.08j))
AssertionError: None != (0.44-0.08j)

======================================================================
FAIL: test_divide_5 (ClassEval_24_0.ComplexCalculatorTestDivide.test_divide_5)
----------------------------------------------------------------------
Traceback (most recent call last):
  File "/Users/snigdhaghoshdastidar/Desktop/CS540/classeval_evaluation/ClassEval_24_0.py", line 136, in test_divide_5
    self.assertEqual(complexCalculator.divide(1+2j, -1-2j), (-1+0j))
AssertionError: None != (-1+0j)

----------------------------------------------------------------------
Ran 5 tests in 0.002s

FAILED (failures=5)
F
======================================================================
FAIL: test_main (ClassEval_24_0.ComplexCalculatorTestMain.test_main)
----------------------------------------------------------------------
Traceback (most recent call last):
  File "/Users/snigdhaghoshdastidar/Desktop/CS540/classeval_evaluation/ClassEval_24_0.py", line 141, in test_main
    self.assertEqual(complexCalculator.add(1+2j, 3+4j), (4+6j))
AssertionError: None != (4+6j)

----------------------------------------------------------------------
Ran 1 test in 0.001s

FAILED (failures=1)
FFFFF
======================================================================
FAIL: test_get_sum_1 (ClassEval_30_0.DataStatistics2TestGetSum.test_get_sum_1)
----------------------------------------------------------------------
Traceback (most recent call last):
  File "/Users/snigdhaghoshdastidar/Desktop/CS540/classeval_evaluation/ClassEval_30_0.py", line 68, in test_get_sum_1
    self.assertEqual(res, 10)
AssertionError: None != 10

======================================================================
FAIL: test_get_sum_2 (ClassEval_30_0.DataStatistics2TestGetSum.test_get_sum_2)
----------------------------------------------------------------------
Traceback (most recent call last):
  File "/Users/snigdhaghoshdastidar/Desktop/CS540/classeval_evaluation/ClassEval_30_0.py", line 73, in test_get_sum_2
    self.assertEqual(res, 210)
AssertionError: None != 210

======================================================================
FAIL: test_get_sum_3 (ClassEval_30_0.DataStatistics2TestGetSum.test_get_sum_3)
----------------------------------------------------------------------
Traceback (most recent call last):
  File "/Users/snigdhaghoshdastidar/Desktop/CS540/classeval_evaluation/ClassEval_30_0.py", line 78, in test_get_sum_3
    self.assertEqual(res, 40)
AssertionError: None != 40

======================================================================
FAIL: test_get_sum_4 (ClassEval_30_0.DataStatistics2TestGetSum.test_get_sum_4)
----------------------------------------------------------------------
Traceback (most recent call last):
  File "/Users/snigdhaghoshdastidar/Desktop/CS540/classeval_evaluation/ClassEval_30_0.py", line 83, in test_get_sum_4
    self.assertEqual(res, 340)
AssertionError: None != 340

======================================================================
FAIL: test_get_sum_5 (ClassEval_30_0.DataStatistics2TestGetSum.test_get_sum_5)
----------------------------------------------------------------------
Traceback (most recent call last):
  File "/Users/snigdhaghoshdastidar/Desktop/CS540/classeval_evaluation/ClassEval_30_0.py", line 88, in test_get_sum_5
    self.assertEqual(res, 13)
AssertionError: None != 13

----------------------------------------------------------------------
Ran 5 tests in 0.002s

FAILED (failures=5)
FFFFF
======================================================================
FAIL: test_get_min_1 (ClassEval_30_0.DataStatistics2TestGetMin.test_get_min_1)
----------------------------------------------------------------------
Traceback (most recent call last):
  File "/Users/snigdhaghoshdastidar/Desktop/CS540/classeval_evaluation/ClassEval_30_0.py", line 95, in test_get_min_1
    self.assertEqual(res, 1)
AssertionError: None != 1

======================================================================
FAIL: test_get_min_2 (ClassEval_30_0.DataStatistics2TestGetMin.test_get_min_2)
----------------------------------------------------------------------
Traceback (most recent call last):
  File "/Users/snigdhaghoshdastidar/Desktop/CS540/classeval_evaluation/ClassEval_30_0.py", line 100, in test_get_min_2
    self.assertEqual(res, 1)
AssertionError: None != 1

======================================================================
FAIL: test_get_min_3 (ClassEval_30_0.DataStatistics2TestGetMin.test_get_min_3)
----------------------------------------------------------------------
Traceback (most recent call last):
  File "/Users/snigdhaghoshdastidar/Desktop/CS540/classeval_evaluation/ClassEval_30_0.py", line 105, in test_get_min_3
    self.assertEqual(res, -3)
AssertionError: None != -3

======================================================================
FAIL: test_get_min_4 (ClassEval_30_0.DataStatistics2TestGetMin.test_get_min_4)
----------------------------------------------------------------------
Traceback (most recent call last):
  File "/Users/snigdhaghoshdastidar/Desktop/CS540/classeval_evaluation/ClassEval_30_0.py", line 110, in test_get_min_4
    self.assertEqual(res, -111)
AssertionError: None != -111

======================================================================
FAIL: test_get_min_5 (ClassEval_30_0.DataStatistics2TestGetMin.test_get_min_5)
----------------------------------------------------------------------
Traceback (most recent call last):
  File "/Users/snigdhaghoshdastidar/Desktop/CS540/classeval_evaluation/ClassEval_30_0.py", line 115, in test_get_min_5
    self.assertEqual(res, -1111)
AssertionError: None != -1111

----------------------------------------------------------------------
Ran 5 tests in 0.001s

FAILED (failures=5)
FFFFF
======================================================================
FAIL: test_get_max_1 (ClassEval_30_0.DataStatistics2TestGetMax.test_get_max_1)
----------------------------------------------------------------------
Traceback (most recent call last):
  File "/Users/snigdhaghoshdastidar/Desktop/CS540/classeval_evaluation/ClassEval_30_0.py", line 122, in test_get_max_1
    self.assertEqual(res, 4)
AssertionError: None != 4

======================================================================
FAIL: test_get_max_2 (ClassEval_30_0.DataStatistics2TestGetMax.test_get_max_2)
----------------------------------------------------------------------
Traceback (most recent call last):
  File "/Users/snigdhaghoshdastidar/Desktop/CS540/classeval_evaluation/ClassEval_30_0.py", line 127, in test_get_max_2
    self.assertEqual(res, 203)
AssertionError: None != 203

======================================================================
FAIL: test_get_max_3 (ClassEval_30_0.DataStatistics2TestGetMax.test_get_max_3)
----------------------------------------------------------------------
Traceback (most recent call last):
  File "/Users/snigdhaghoshdastidar/Desktop/CS540/classeval_evaluation/ClassEval_30_0.py", line 132, in test_get_max_3
    self.assertEqual(res, 3)
AssertionError: None != 3

======================================================================
FAIL: test_get_max_4 (ClassEval_30_0.DataStatistics2TestGetMax.test_get_max_4)
----------------------------------------------------------------------
Traceback (most recent call last):
  File "/Users/snigdhaghoshdastidar/Desktop/CS540/classeval_evaluation/ClassEval_30_0.py", line 137, in test_get_max_4
    self.assertEqual(res, 4)
AssertionError: None != 4

======================================================================
FAIL: test_get_max_5 (ClassEval_30_0.DataStatistics2TestGetMax.test_get_max_5)
----------------------------------------------------------------------
Traceback (most recent call last):
  File "/Users/snigdhaghoshdastidar/Desktop/CS540/classeval_evaluation/ClassEval_30_0.py", line 142, in test_get_max_5
    self.assertEqual(res, 444)
AssertionError: None != 444

----------------------------------------------------------------------
Ran 5 tests in 0.001s

FAILED (failures=5)
FFFFF
======================================================================
FAIL: test_get_variance_1 (ClassEval_30_0.DataStatistics2TestGetVariance.test_get_variance_1)
----------------------------------------------------------------------
Traceback (most recent call last):
  File "/Users/snigdhaghoshdastidar/Desktop/CS540/classeval_evaluation/ClassEval_30_0.py", line 149, in test_get_variance_1
    self.assertEqual(res, 1.25)
AssertionError: None != 1.25

======================================================================
FAIL: test_get_variance_2 (ClassEval_30_0.DataStatistics2TestGetVariance.test_get_variance_2)
----------------------------------------------------------------------
Traceback (most recent call last):
  File "/Users/snigdhaghoshdastidar/Desktop/CS540/classeval_evaluation/ClassEval_30_0.py", line 154, in test_get_variance_2
    self.assertEqual(res, 7551.25)
AssertionError: None != 7551.25

======================================================================
FAIL: test_get_variance_3 (ClassEval_30_0.DataStatistics2TestGetVariance.test_get_variance_3)
----------------------------------------------------------------------
Traceback (most recent call last):
  File "/Users/snigdhaghoshdastidar/Desktop/CS540/classeval_evaluation/ClassEval_30_0.py", line 159, in test_get_variance_3
    self.assertEqual(res, 1.25)
AssertionError: None != 1.25

======================================================================
FAIL: test_get_variance_4 (ClassEval_30_0.DataStatistics2TestGetVariance.test_get_variance_4)
----------------------------------------------------------------------
Traceback (most recent call last):
  File "/Users/snigdhaghoshdastidar/Desktop/CS540/classeval_evaluation/ClassEval_30_0.py", line 164, in test_get_variance_4
    self.assertEqual(res, 1.25)
AssertionError: None != 1.25

======================================================================
FAIL: test_get_variance_5 (ClassEval_30_0.DataStatistics2TestGetVariance.test_get_variance_5)
----------------------------------------------------------------------
Traceback (most recent call last):
  File "/Users/snigdhaghoshdastidar/Desktop/CS540/classeval_evaluation/ClassEval_30_0.py", line 169, in test_get_variance_5
    self.assertEqual(res, 1.25)
AssertionError: None != 1.25

----------------------------------------------------------------------
Ran 5 tests in 0.002s

FAILED (failures=5)
FFFFF
======================================================================
FAIL: test_get_std_deviation_1 (ClassEval_30_0.DataStatistics2TestGetStdDeviation.test_get_std_deviation_1)
----------------------------------------------------------------------
Traceback (most recent call last):
  File "/Users/snigdhaghoshdastidar/Desktop/CS540/classeval_evaluation/ClassEval_30_0.py", line 176, in test_get_std_deviation_1
    self.assertEqual(res, 1.12)
AssertionError: None != 1.12

======================================================================
FAIL: test_get_std_deviation_2 (ClassEval_30_0.DataStatistics2TestGetStdDeviation.test_get_std_deviation_2)
----------------------------------------------------------------------
Traceback (most recent call last):
  File "/Users/snigdhaghoshdastidar/Desktop/CS540/classeval_evaluation/ClassEval_30_0.py", line 181, in test_get_std_deviation_2
    self.assertEqual(res, 86.9)
AssertionError: None != 86.9

======================================================================
FAIL: test_get_std_deviation_3 (ClassEval_30_0.DataStatistics2TestGetStdDeviation.test_get_std_deviation_3)
----------------------------------------------------------------------
Traceback (most recent call last):
  File "/Users/snigdhaghoshdastidar/Desktop/CS540/classeval_evaluation/ClassEval_30_0.py", line 186, in test_get_std_deviation_3
    self.assertEqual(res, 1.12)
AssertionError: None != 1.12

======================================================================
FAIL: test_get_std_deviation_4 (ClassEval_30_0.DataStatistics2TestGetStdDeviation.test_get_std_deviation_4)
----------------------------------------------------------------------
Traceback (most recent call last):
  File "/Users/snigdhaghoshdastidar/Desktop/CS540/classeval_evaluation/ClassEval_30_0.py", line 191, in test_get_std_deviation_4
    self.assertEqual(res, 1.12)
AssertionError: None != 1.12

======================================================================
FAIL: test_get_std_deviation_5 (ClassEval_30_0.DataStatistics2TestGetStdDeviation.test_get_std_deviation_5)
----------------------------------------------------------------------
Traceback (most recent call last):
  File "/Users/snigdhaghoshdastidar/Desktop/CS540/classeval_evaluation/ClassEval_30_0.py", line 196, in test_get_std_deviation_5
    self.assertEqual(res, 1.12)
AssertionError: None != 1.12

----------------------------------------------------------------------
Ran 5 tests in 0.002s

FAILED (failures=5)
FFFFF
======================================================================
FAIL: test_get_correlation_1 (ClassEval_30_0.DataStatistics2TestGetCorrelation.test_get_correlation_1)
----------------------------------------------------------------------
Traceback (most recent call last):
  File "/Users/snigdhaghoshdastidar/Desktop/CS540/classeval_evaluation/ClassEval_30_0.py", line 203, in test_get_correlation_1
    self.assertEqual(res, 1.0)
AssertionError: None != 1.0

======================================================================
FAIL: test_get_correlation_2 (ClassEval_30_0.DataStatistics2TestGetCorrelation.test_get_correlation_2)
----------------------------------------------------------------------
Traceback (most recent call last):
  File "/Users/snigdhaghoshdastidar/Desktop/CS540/classeval_evaluation/ClassEval_30_0.py", line 208, in test_get_correlation_2
    self.assertEqual(res, 1.0)
AssertionError: None != 1.0

======================================================================
FAIL: test_get_correlation_3 (ClassEval_30_0.DataStatistics2TestGetCorrelation.test_get_correlation_3)
----------------------------------------------------------------------
Traceback (most recent call last):
  File "/Users/snigdhaghoshdastidar/Desktop/CS540/classeval_evaluation/ClassEval_30_0.py", line 213, in test_get_correlation_3
    self.assertEqual(res, 1.0)
AssertionError: None != 1.0

======================================================================
FAIL: test_get_correlation_4 (ClassEval_30_0.DataStatistics2TestGetCorrelation.test_get_correlation_4)
----------------------------------------------------------------------
Traceback (most recent call last):
  File "/Users/snigdhaghoshdastidar/Desktop/CS540/classeval_evaluation/ClassEval_30_0.py", line 218, in test_get_correlation_4
    self.assertEqual(res, 1.0)
AssertionError: None != 1.0

======================================================================
FAIL: test_get_correlation_5 (ClassEval_30_0.DataStatistics2TestGetCorrelation.test_get_correlation_5)
----------------------------------------------------------------------
Traceback (most recent call last):
  File "/Users/snigdhaghoshdastidar/Desktop/CS540/classeval_evaluation/ClassEval_30_0.py", line 223, in test_get_correlation_5
    self.assertEqual(res, 1.0)
AssertionError: None != 1.0

----------------------------------------------------------------------
Ran 5 tests in 0.002s

FAILED (failures=5)
F
======================================================================
FAIL: test_datastatistics2 (ClassEval_30_0.DataStatistics2Test.test_datastatistics2)
----------------------------------------------------------------------
Traceback (most recent call last):
  File "/Users/snigdhaghoshdastidar/Desktop/CS540/classeval_evaluation/ClassEval_30_0.py", line 230, in test_datastatistics2
    self.assertEqual(res, 10)
AssertionError: None != 10

----------------------------------------------------------------------
Ran 1 test in 0.000s

FAILED (failures=1)
FEEEE
======================================================================
ERROR: test_kappa_2 (ClassEval_51_0.KappaCalculatorTestKappa.test_kappa_2)
----------------------------------------------------------------------
Traceback (most recent call last):
  File "/Users/snigdhaghoshdastidar/Desktop/CS540/classeval_evaluation/ClassEval_51_0.py", line 56, in test_kappa_2
    self.assertAlmostEqual(KappaCalculator.kappa([[2, 2, 1], [1, 2, 1], [1, 1, 2]], 3), 0.19469026548672572)
  File "/opt/miniconda3/lib/python3.12/unittest/case.py", line 916, in assertAlmostEqual
    diff = abs(first - second)
               ~~~~~~^~~~~~~~
TypeError: unsupported operand type(s) for -: 'NoneType' and 'float'

======================================================================
ERROR: test_kappa_3 (ClassEval_51_0.KappaCalculatorTestKappa.test_kappa_3)
----------------------------------------------------------------------
Traceback (most recent call last):
  File "/Users/snigdhaghoshdastidar/Desktop/CS540/classeval_evaluation/ClassEval_51_0.py", line 59, in test_kappa_3
    self.assertAlmostEqual(KappaCalculator.kappa([[2, 1, 2], [1, 2, 1], [1, 1, 2]], 3), 0.19469026548672572)
  File "/opt/miniconda3/lib/python3.12/unittest/case.py", line 916, in assertAlmostEqual
    diff = abs(first - second)
               ~~~~~~^~~~~~~~
TypeError: unsupported operand type(s) for -: 'NoneType' and 'float'

======================================================================
ERROR: test_kappa_4 (ClassEval_51_0.KappaCalculatorTestKappa.test_kappa_4)
----------------------------------------------------------------------
Traceback (most recent call last):
  File "/Users/snigdhaghoshdastidar/Desktop/CS540/classeval_evaluation/ClassEval_51_0.py", line 62, in test_kappa_4
    self.assertAlmostEqual(KappaCalculator.kappa([[2, 1, 1], [2, 2, 1], [1, 1, 2]], 3), 0.19469026548672572)
  File "/opt/miniconda3/lib/python3.12/unittest/case.py", line 916, in assertAlmostEqual
    diff = abs(first - second)
               ~~~~~~^~~~~~~~
TypeError: unsupported operand type(s) for -: 'NoneType' and 'float'

======================================================================
ERROR: test_kappa_5 (ClassEval_51_0.KappaCalculatorTestKappa.test_kappa_5)
----------------------------------------------------------------------
Traceback (most recent call last):
  File "/Users/snigdhaghoshdastidar/Desktop/CS540/classeval_evaluation/ClassEval_51_0.py", line 65, in test_kappa_5
    self.assertAlmostEqual(KappaCalculator.kappa([[2, 1, 1], [1, 2, 2], [1, 1, 2]], 3), 0.19469026548672572)
  File "/opt/miniconda3/lib/python3.12/unittest/case.py", line 916, in assertAlmostEqual
    diff = abs(first - second)
               ~~~~~~^~~~~~~~
TypeError: unsupported operand type(s) for -: 'NoneType' and 'float'

======================================================================
FAIL: test_kappa_1 (ClassEval_51_0.KappaCalculatorTestKappa.test_kappa_1)
----------------------------------------------------------------------
Traceback (most recent call last):
  File "/Users/snigdhaghoshdastidar/Desktop/CS540/classeval_evaluation/ClassEval_51_0.py", line 53, in test_kappa_1
    self.assertEqual(KappaCalculator.kappa([[2, 1, 1], [1, 2, 1], [1, 1, 2]], 3), 0.25)
AssertionError: None != 0.25

----------------------------------------------------------------------
Ran 5 tests in 0.002s

FAILED (failures=1, errors=4)
FFFFF
======================================================================
FAIL: test_fleiss_kappa_1 (ClassEval_51_0.KappaCalculatorTestFleissKappa.test_fleiss_kappa_1)
----------------------------------------------------------------------
Traceback (most recent call last):
  File "/Users/snigdhaghoshdastidar/Desktop/CS540/classeval_evaluation/ClassEval_51_0.py", line 70, in test_fleiss_kappa_1
    self.assertEqual(KappaCalculator.fleiss_kappa([[0, 0, 0, 0, 14],
AssertionError: None != 0.20993070442195522

======================================================================
FAIL: test_fleiss_kappa_2 (ClassEval_51_0.KappaCalculatorTestFleissKappa.test_fleiss_kappa_2)
----------------------------------------------------------------------
Traceback (most recent call last):
  File "/Users/snigdhaghoshdastidar/Desktop/CS540/classeval_evaluation/ClassEval_51_0.py", line 82, in test_fleiss_kappa_2
    self.assertEqual(KappaCalculator.fleiss_kappa([[1, 0, 0, 0, 14],
AssertionError: None != 0.2115748928799344

======================================================================
FAIL: test_fleiss_kappa_3 (ClassEval_51_0.KappaCalculatorTestFleissKappa.test_fleiss_kappa_3)
----------------------------------------------------------------------
Traceback (most recent call last):
  File "/Users/snigdhaghoshdastidar/Desktop/CS540/classeval_evaluation/ClassEval_51_0.py", line 94, in test_fleiss_kappa_3
    self.assertEqual(KappaCalculator.fleiss_kappa([[0, 1, 0, 0, 14],
AssertionError: None != 0.21076904123090398

======================================================================
FAIL: test_fleiss_kappa_4 (ClassEval_51_0.KappaCalculatorTestFleissKappa.test_fleiss_kappa_4)
----------------------------------------------------------------------
Traceback (most recent call last):
  File "/Users/snigdhaghoshdastidar/Desktop/CS540/classeval_evaluation/ClassEval_51_0.py", line 106, in test_fleiss_kappa_4
    self.assertEqual(KappaCalculator.fleiss_kappa([[0, 0, 1, 0, 14],
AssertionError: None != 0.2096583016522883

======================================================================
FAIL: test_fleiss_kappa_5 (ClassEval_51_0.KappaCalculatorTestFleissKappa.test_fleiss_kappa_5)
----------------------------------------------------------------------
Traceback (most recent call last):
  File "/Users/snigdhaghoshdastidar/Desktop/CS540/classeval_evaluation/ClassEval_51_0.py", line 118, in test_fleiss_kappa_5
    self.assertEqual(KappaCalculator.fleiss_kappa([[0, 0, 0, 1, 14],
AssertionError: None != 0.21147425143148907

----------------------------------------------------------------------
Ran 5 tests in 0.001s

FAILED (failures=5)
F
======================================================================
FAIL: test_kappacalculator (ClassEval_51_0.KappaCalculatorTest.test_kappacalculator)
----------------------------------------------------------------------
Traceback (most recent call last):
  File "/Users/snigdhaghoshdastidar/Desktop/CS540/classeval_evaluation/ClassEval_51_0.py", line 132, in test_kappacalculator
    self.assertEqual(KappaCalculator.kappa([[2, 1, 1], [1, 2, 1], [1, 1, 2]], 3), 0.25)
AssertionError: None != 0.25

----------------------------------------------------------------------
Ran 1 test in 0.001s

FAILED (failures=1)
FEFFE
======================================================================
ERROR: test_cos_2 (ClassEval_88_0.TriCalculatorTestCos.test_cos_2)
----------------------------------------------------------------------
Traceback (most recent call last):
  File "/Users/snigdhaghoshdastidar/Desktop/CS540/classeval_evaluation/ClassEval_88_0.py", line 61, in test_cos_2
    self.assertAlmostEqual(tricalculator.cos(30), 0.8660254038)
  File "/opt/miniconda3/lib/python3.12/unittest/case.py", line 916, in assertAlmostEqual
    diff = abs(first - second)
               ~~~~~~^~~~~~~~
TypeError: unsupported operand type(s) for -: 'NoneType' and 'float'

======================================================================
ERROR: test_cos_5 (ClassEval_88_0.TriCalculatorTestCos.test_cos_5)
----------------------------------------------------------------------
Traceback (most recent call last):
  File "/Users/snigdhaghoshdastidar/Desktop/CS540/classeval_evaluation/ClassEval_88_0.py", line 73, in test_cos_5
    self.assertAlmostEqual(tricalculator.cos(45), 0.7071067812)
  File "/opt/miniconda3/lib/python3.12/unittest/case.py", line 916, in assertAlmostEqual
    diff = abs(first - second)
               ~~~~~~^~~~~~~~
TypeError: unsupported operand type(s) for -: 'NoneType' and 'float'

======================================================================
FAIL: test_cos_1 (ClassEval_88_0.TriCalculatorTestCos.test_cos_1)
----------------------------------------------------------------------
Traceback (most recent call last):
  File "/Users/snigdhaghoshdastidar/Desktop/CS540/classeval_evaluation/ClassEval_88_0.py", line 57, in test_cos_1
    self.assertEqual(tricalculator.cos(60), 0.5)
AssertionError: None != 0.5

======================================================================
FAIL: test_cos_3 (ClassEval_88_0.TriCalculatorTestCos.test_cos_3)
----------------------------------------------------------------------
Traceback (most recent call last):
  File "/Users/snigdhaghoshdastidar/Desktop/CS540/classeval_evaluation/ClassEval_88_0.py", line 65, in test_cos_3
    self.assertEqual(tricalculator.cos(0), 1.0)
AssertionError: None != 1.0

======================================================================
FAIL: test_cos_4 (ClassEval_88_0.TriCalculatorTestCos.test_cos_4)
----------------------------------------------------------------------
Traceback (most recent call last):
  File "/Users/snigdhaghoshdastidar/Desktop/CS540/classeval_evaluation/ClassEval_88_0.py", line 69, in test_cos_4
    self.assertEqual(tricalculator.cos(90), 0.0)
AssertionError: None != 0.0

----------------------------------------------------------------------
Ran 5 tests in 0.002s

FAILED (failures=3, errors=2)
FFFFF
======================================================================
FAIL: test_factorial_1 (ClassEval_88_0.TriCalculatorTestFactorial.test_factorial_1)
----------------------------------------------------------------------
Traceback (most recent call last):
  File "/Users/snigdhaghoshdastidar/Desktop/CS540/classeval_evaluation/ClassEval_88_0.py", line 79, in test_factorial_1
    self.assertEqual(tricalculator.factorial(5), 120)
AssertionError: None != 120

======================================================================
FAIL: test_factorial_2 (ClassEval_88_0.TriCalculatorTestFactorial.test_factorial_2)
----------------------------------------------------------------------
Traceback (most recent call last):
  File "/Users/snigdhaghoshdastidar/Desktop/CS540/classeval_evaluation/ClassEval_88_0.py", line 83, in test_factorial_2
    self.assertEqual(tricalculator.factorial(4), 24)
AssertionError: None != 24

======================================================================
FAIL: test_factorial_3 (ClassEval_88_0.TriCalculatorTestFactorial.test_factorial_3)
----------------------------------------------------------------------
Traceback (most recent call last):
  File "/Users/snigdhaghoshdastidar/Desktop/CS540/classeval_evaluation/ClassEval_88_0.py", line 87, in test_factorial_3
    self.assertEqual(tricalculator.factorial(3), 6)
AssertionError: None != 6

======================================================================
FAIL: test_factorial_4 (ClassEval_88_0.TriCalculatorTestFactorial.test_factorial_4)
----------------------------------------------------------------------
Traceback (most recent call last):
  File "/Users/snigdhaghoshdastidar/Desktop/CS540/classeval_evaluation/ClassEval_88_0.py", line 91, in test_factorial_4
    self.assertEqual(tricalculator.factorial(2), 2)
AssertionError: None != 2

======================================================================
FAIL: test_factorial_5 (ClassEval_88_0.TriCalculatorTestFactorial.test_factorial_5)
----------------------------------------------------------------------
Traceback (most recent call last):
  File "/Users/snigdhaghoshdastidar/Desktop/CS540/classeval_evaluation/ClassEval_88_0.py", line 95, in test_factorial_5
    self.assertEqual(tricalculator.factorial(1), 1)
AssertionError: None != 1

----------------------------------------------------------------------
Ran 5 tests in 0.002s

FAILED (failures=5)
EEEEE
======================================================================
ERROR: test_taylor_1 (ClassEval_88_0.TriCalculatorTestTaylor.test_taylor_1)
----------------------------------------------------------------------
Traceback (most recent call last):
  File "/Users/snigdhaghoshdastidar/Desktop/CS540/classeval_evaluation/ClassEval_88_0.py", line 101, in test_taylor_1
    self.assertAlmostEqual(tricalculator.taylor(60, 50), 0.5)
  File "/opt/miniconda3/lib/python3.12/unittest/case.py", line 916, in assertAlmostEqual
    diff = abs(first - second)
               ~~~~~~^~~~~~~~
TypeError: unsupported operand type(s) for -: 'NoneType' and 'float'

======================================================================
ERROR: test_taylor_2 (ClassEval_88_0.TriCalculatorTestTaylor.test_taylor_2)
----------------------------------------------------------------------
Traceback (most recent call last):
  File "/Users/snigdhaghoshdastidar/Desktop/CS540/classeval_evaluation/ClassEval_88_0.py", line 105, in test_taylor_2
    self.assertAlmostEqual(tricalculator.taylor(30, 50), 0.8660254037844386)
  File "/opt/miniconda3/lib/python3.12/unittest/case.py", line 916, in assertAlmostEqual
    diff = abs(first - second)
               ~~~~~~^~~~~~~~
TypeError: unsupported operand type(s) for -: 'NoneType' and 'float'

======================================================================
ERROR: test_taylor_3 (ClassEval_88_0.TriCalculatorTestTaylor.test_taylor_3)
----------------------------------------------------------------------
Traceback (most recent call last):
  File "/Users/snigdhaghoshdastidar/Desktop/CS540/classeval_evaluation/ClassEval_88_0.py", line 109, in test_taylor_3
    self.assertAlmostEqual(tricalculator.taylor(90, 50), 0.0)
  File "/opt/miniconda3/lib/python3.12/unittest/case.py", line 916, in assertAlmostEqual
    diff = abs(first - second)
               ~~~~~~^~~~~~~~
TypeError: unsupported operand type(s) for -: 'NoneType' and 'float'

======================================================================
ERROR: test_taylor_4 (ClassEval_88_0.TriCalculatorTestTaylor.test_taylor_4)
----------------------------------------------------------------------
Traceback (most recent call last):
  File "/Users/snigdhaghoshdastidar/Desktop/CS540/classeval_evaluation/ClassEval_88_0.py", line 113, in test_taylor_4
    self.assertAlmostEqual(tricalculator.taylor(0, 50), 1.0)
  File "/opt/miniconda3/lib/python3.12/unittest/case.py", line 916, in assertAlmostEqual
    diff = abs(first - second)
               ~~~~~~^~~~~~~~
TypeError: unsupported operand type(s) for -: 'NoneType' and 'float'

======================================================================
ERROR: test_taylor_5 (ClassEval_88_0.TriCalculatorTestTaylor.test_taylor_5)
----------------------------------------------------------------------
Traceback (most recent call last):
  File "/Users/snigdhaghoshdastidar/Desktop/CS540/classeval_evaluation/ClassEval_88_0.py", line 117, in test_taylor_5
    self.assertAlmostEqual(tricalculator.taylor(45, 50), 0.7071067811865475)
  File "/opt/miniconda3/lib/python3.12/unittest/case.py", line 916, in assertAlmostEqual
    diff = abs(first - second)
               ~~~~~~^~~~~~~~
TypeError: unsupported operand type(s) for -: 'NoneType' and 'float'

----------------------------------------------------------------------
Ran 5 tests in 0.002s

FAILED (errors=5)
FEFFE
======================================================================
ERROR: test_sin_2 (ClassEval_88_0.TriCalculatorTestSin.test_sin_2)
----------------------------------------------------------------------
Traceback (most recent call last):
  File "/Users/snigdhaghoshdastidar/Desktop/CS540/classeval_evaluation/ClassEval_88_0.py", line 127, in test_sin_2
    self.assertAlmostEqual(tricalculator.sin(60), 0.8660254038)
  File "/opt/miniconda3/lib/python3.12/unittest/case.py", line 916, in assertAlmostEqual
    diff = abs(first - second)
               ~~~~~~^~~~~~~~
TypeError: unsupported operand type(s) for -: 'NoneType' and 'float'

======================================================================
ERROR: test_sin_5 (ClassEval_88_0.TriCalculatorTestSin.test_sin_5)
----------------------------------------------------------------------
Traceback (most recent call last):
  File "/Users/snigdhaghoshdastidar/Desktop/CS540/classeval_evaluation/ClassEval_88_0.py", line 139, in test_sin_5
    self.assertAlmostEqual(tricalculator.sin(45), 0.7071067812)
  File "/opt/miniconda3/lib/python3.12/unittest/case.py", line 916, in assertAlmostEqual
    diff = abs(first - second)
               ~~~~~~^~~~~~~~
TypeError: unsupported operand type(s) for -: 'NoneType' and 'float'

======================================================================
FAIL: test_sin_1 (ClassEval_88_0.TriCalculatorTestSin.test_sin_1)
----------------------------------------------------------------------
Traceback (most recent call last):
  File "/Users/snigdhaghoshdastidar/Desktop/CS540/classeval_evaluation/ClassEval_88_0.py", line 123, in test_sin_1
    self.assertEqual(tricalculator.sin(30), 0.5)
AssertionError: None != 0.5

======================================================================
FAIL: test_sin_3 (ClassEval_88_0.TriCalculatorTestSin.test_sin_3)
----------------------------------------------------------------------
Traceback (most recent call last):
  File "/Users/snigdhaghoshdastidar/Desktop/CS540/classeval_evaluation/ClassEval_88_0.py", line 131, in test_sin_3
    self.assertEqual(tricalculator.sin(0), 0.0)
AssertionError: None != 0.0

======================================================================
FAIL: test_sin_4 (ClassEval_88_0.TriCalculatorTestSin.test_sin_4)
----------------------------------------------------------------------
Traceback (most recent call last):
  File "/Users/snigdhaghoshdastidar/Desktop/CS540/classeval_evaluation/ClassEval_88_0.py", line 135, in test_sin_4
    self.assertEqual(tricalculator.sin(90), 1.0)
AssertionError: None != 1.0

----------------------------------------------------------------------
Ran 5 tests in 0.002s

FAILED (failures=3, errors=2)
FFEEF
======================================================================
ERROR: test_tan_3 (ClassEval_88_0.TriCalculatorTestTan.test_tan_3)
----------------------------------------------------------------------
Traceback (most recent call last):
  File "/Users/snigdhaghoshdastidar/Desktop/CS540/classeval_evaluation/ClassEval_88_0.py", line 153, in test_tan_3
    self.assertAlmostEqual(tricalculator.tan(30), 0.5773502692)
  File "/opt/miniconda3/lib/python3.12/unittest/case.py", line 916, in assertAlmostEqual
    diff = abs(first - second)
               ~~~~~~^~~~~~~~
TypeError: unsupported operand type(s) for -: 'NoneType' and 'float'

======================================================================
ERROR: test_tan_4 (ClassEval_88_0.TriCalculatorTestTan.test_tan_4)
----------------------------------------------------------------------
Traceback (most recent call last):
  File "/Users/snigdhaghoshdastidar/Desktop/CS540/classeval_evaluation/ClassEval_88_0.py", line 157, in test_tan_4
    self.assertAlmostEqual(tricalculator.tan(60), 1.7320508076)
  File "/opt/miniconda3/lib/python3.12/unittest/case.py", line 916, in assertAlmostEqual
    diff = abs(first - second)
               ~~~~~~^~~~~~~~
TypeError: unsupported operand type(s) for -: 'NoneType' and 'float'

======================================================================
FAIL: test_tan_1 (ClassEval_88_0.TriCalculatorTestTan.test_tan_1)
----------------------------------------------------------------------
Traceback (most recent call last):
  File "/Users/snigdhaghoshdastidar/Desktop/CS540/classeval_evaluation/ClassEval_88_0.py", line 145, in test_tan_1
    self.assertEqual(tricalculator.tan(45), 1.0)
AssertionError: None != 1.0

======================================================================
FAIL: test_tan_2 (ClassEval_88_0.TriCalculatorTestTan.test_tan_2)
----------------------------------------------------------------------
Traceback (most recent call last):
  File "/Users/snigdhaghoshdastidar/Desktop/CS540/classeval_evaluation/ClassEval_88_0.py", line 149, in test_tan_2
    self.assertEqual(tricalculator.tan(90), False)
AssertionError: None != False

======================================================================
FAIL: test_tan_5 (ClassEval_88_0.TriCalculatorTestTan.test_tan_5)
----------------------------------------------------------------------
Traceback (most recent call last):
  File "/Users/snigdhaghoshdastidar/Desktop/CS540/classeval_evaluation/ClassEval_88_0.py", line 161, in test_tan_5
    self.assertEqual(tricalculator.tan(0), 0.0)
AssertionError: None != 0.0

----------------------------------------------------------------------
Ran 5 tests in 0.002s

FAILED (failures=3, errors=2)
F
======================================================================
FAIL: test_tricalculator (ClassEval_88_0.TriCalculatorTest.test_tricalculator)
----------------------------------------------------------------------
Traceback (most recent call last):
  File "/Users/snigdhaghoshdastidar/Desktop/CS540/classeval_evaluation/ClassEval_88_0.py", line 167, in test_tricalculator
    self.assertEqual(tricalculator.cos(60), 0.5)
AssertionError: None != 0.5

----------------------------------------------------------------------
Ran 1 test in 0.000s

FAILED (failures=1)
