FF
======================================================================
FAIL: test_create_table_1 (ClassEval_14_0.BookManagementDBTestCreateTable.test_create_table_1)
----------------------------------------------------------------------
Traceback (most recent call last):
  File "/Users/snigdhaghoshdastidar/Desktop/CS540/classeval_evaluation/ClassEval_14_0.py", line 94, in test_create_table_1
    self.assertIsNotNone(result)
AssertionError: unexpectedly None

======================================================================
FAIL: test_create_table_2 (ClassEval_14_0.BookManagementDBTestCreateTable.test_create_table_2)
----------------------------------------------------------------------
Traceback (most recent call last):
  File "/Users/snigdhaghoshdastidar/Desktop/CS540/classeval_evaluation/ClassEval_14_0.py", line 103, in test_create_table_2
    self.assertEqual(column_names, expected_column_names)
AssertionError: Lists differ: [] != ['id', 'title', 'author', 'available']

Second list contains 4 additional elements.
First extra element 0:
'id'

- []
+ ['id', 'title', 'author', 'available']

----------------------------------------------------------------------
Ran 2 tests in 0.003s

FAILED (failures=2)
E
======================================================================
ERROR: test_add_book (ClassEval_14_0.BookManagementDBTestAddBook.test_add_book)
----------------------------------------------------------------------
Traceback (most recent call last):
  File "/Users/snigdhaghoshdastidar/Desktop/CS540/classeval_evaluation/ClassEval_14_0.py", line 125, in test_add_book
    self.cursor.execute("SELECT title, author, available FROM books WHERE id=1")
sqlite3.OperationalError: no such table: books

----------------------------------------------------------------------
Ran 1 test in 0.001s

FAILED (errors=1)
E
======================================================================
ERROR: test_remove_book (ClassEval_14_0.BookManagementDBTestRemoveBook.test_remove_book)
----------------------------------------------------------------------
Traceback (most recent call last):
  File "/Users/snigdhaghoshdastidar/Desktop/CS540/classeval_evaluation/ClassEval_14_0.py", line 152, in test_remove_book
    self.cursor.execute("SELECT * FROM books WHERE id=1")
sqlite3.OperationalError: no such table: books

----------------------------------------------------------------------
Ran 1 test in 0.001s

FAILED (errors=1)
E
======================================================================
ERROR: test_borrow_book (ClassEval_14_0.BookManagementDBTestBorrowBook.test_borrow_book)
----------------------------------------------------------------------
Traceback (most recent call last):
  File "/Users/snigdhaghoshdastidar/Desktop/CS540/classeval_evaluation/ClassEval_14_0.py", line 176, in test_borrow_book
    self.cursor.execute("SELECT available FROM books WHERE id=1")
sqlite3.OperationalError: no such table: books

----------------------------------------------------------------------
Ran 1 test in 0.001s

FAILED (errors=1)
E
======================================================================
ERROR: test_return_book (ClassEval_14_0.BookManagementDBTestReturnBook.test_return_book)
----------------------------------------------------------------------
Traceback (most recent call last):
  File "/Users/snigdhaghoshdastidar/Desktop/CS540/classeval_evaluation/ClassEval_14_0.py", line 201, in test_return_book
    self.cursor.execute("SELECT available FROM books WHERE id=1")
sqlite3.OperationalError: no such table: books

----------------------------------------------------------------------
Ran 1 test in 0.001s

FAILED (errors=1)
E
======================================================================
ERROR: test_search_books (ClassEval_14_0.BookManagementDBTestSearchBooks.test_search_books)
----------------------------------------------------------------------
Traceback (most recent call last):
  File "/Users/snigdhaghoshdastidar/Desktop/CS540/classeval_evaluation/ClassEval_14_0.py", line 227, in test_search_books
    self.assertEqual(len(books), 3)
                     ^^^^^^^^^^
TypeError: object of type 'NoneType' has no len()

----------------------------------------------------------------------
Ran 1 test in 0.001s

FAILED (errors=1)
EEEEE
======================================================================
ERROR: test_insert_ticket_1 (ClassEval_60_0.MovieTicketDBTestInsertTicket.test_insert_ticket_1)
----------------------------------------------------------------------
Traceback (most recent call last):
  File "/Users/snigdhaghoshdastidar/Desktop/CS540/classeval_evaluation/ClassEval_60_0.py", line 70, in test_insert_ticket_1
    self.assertEqual(len(tickets), 1)
                     ^^^^^^^^^^^^
TypeError: object of type 'NoneType' has no len()

======================================================================
ERROR: test_insert_ticket_2 (ClassEval_60_0.MovieTicketDBTestInsertTicket.test_insert_ticket_2)
----------------------------------------------------------------------
Traceback (most recent call last):
  File "/Users/snigdhaghoshdastidar/Desktop/CS540/classeval_evaluation/ClassEval_60_0.py", line 80, in test_insert_ticket_2
    self.assertEqual(len(tickets), 1)
                     ^^^^^^^^^^^^
TypeError: object of type 'NoneType' has no len()

======================================================================
ERROR: test_insert_ticket_3 (ClassEval_60_0.MovieTicketDBTestInsertTicket.test_insert_ticket_3)
----------------------------------------------------------------------
Traceback (most recent call last):
  File "/Users/snigdhaghoshdastidar/Desktop/CS540/classeval_evaluation/ClassEval_60_0.py", line 90, in test_insert_ticket_3
    self.assertEqual(len(tickets), 1)
                     ^^^^^^^^^^^^
TypeError: object of type 'NoneType' has no len()

======================================================================
ERROR: test_insert_ticket_4 (ClassEval_60_0.MovieTicketDBTestInsertTicket.test_insert_ticket_4)
----------------------------------------------------------------------
Traceback (most recent call last):
  File "/Users/snigdhaghoshdastidar/Desktop/CS540/classeval_evaluation/ClassEval_60_0.py", line 100, in test_insert_ticket_4
    self.assertEqual(len(tickets), 1)
                     ^^^^^^^^^^^^
TypeError: object of type 'NoneType' has no len()

======================================================================
ERROR: test_insert_ticket_5 (ClassEval_60_0.MovieTicketDBTestInsertTicket.test_insert_ticket_5)
----------------------------------------------------------------------
Traceback (most recent call last):
  File "/Users/snigdhaghoshdastidar/Desktop/CS540/classeval_evaluation/ClassEval_60_0.py", line 110, in test_insert_ticket_5
    self.assertEqual(len(tickets), 1)
                     ^^^^^^^^^^^^
TypeError: object of type 'NoneType' has no len()

----------------------------------------------------------------------
Ran 5 tests in 0.006s

FAILED (errors=5)
EEEEE
======================================================================
ERROR: test_search_tickets_by_customer_1 (ClassEval_60_0.MovieTicketDBTestSearchTicketsByCustomer.test_search_tickets_by_customer_1)
----------------------------------------------------------------------
Traceback (most recent call last):
  File "/Users/snigdhaghoshdastidar/Desktop/CS540/classeval_evaluation/ClassEval_60_0.py", line 130, in test_search_tickets_by_customer_1
    self.assertEqual(len(tickets), 1)
                     ^^^^^^^^^^^^
TypeError: object of type 'NoneType' has no len()

======================================================================
ERROR: test_search_tickets_by_customer_2 (ClassEval_60_0.MovieTicketDBTestSearchTicketsByCustomer.test_search_tickets_by_customer_2)
----------------------------------------------------------------------
Traceback (most recent call last):
  File "/Users/snigdhaghoshdastidar/Desktop/CS540/classeval_evaluation/ClassEval_60_0.py", line 140, in test_search_tickets_by_customer_2
    self.assertEqual(len(tickets), 1)
                     ^^^^^^^^^^^^
TypeError: object of type 'NoneType' has no len()

======================================================================
ERROR: test_search_tickets_by_customer_3 (ClassEval_60_0.MovieTicketDBTestSearchTicketsByCustomer.test_search_tickets_by_customer_3)
----------------------------------------------------------------------
Traceback (most recent call last):
  File "/Users/snigdhaghoshdastidar/Desktop/CS540/classeval_evaluation/ClassEval_60_0.py", line 150, in test_search_tickets_by_customer_3
    self.assertEqual(len(tickets), 1)
                     ^^^^^^^^^^^^
TypeError: object of type 'NoneType' has no len()

======================================================================
ERROR: test_search_tickets_by_customer_4 (ClassEval_60_0.MovieTicketDBTestSearchTicketsByCustomer.test_search_tickets_by_customer_4)
----------------------------------------------------------------------
Traceback (most recent call last):
  File "/Users/snigdhaghoshdastidar/Desktop/CS540/classeval_evaluation/ClassEval_60_0.py", line 160, in test_search_tickets_by_customer_4
    self.assertEqual(len(tickets), 1)
                     ^^^^^^^^^^^^
TypeError: object of type 'NoneType' has no len()

======================================================================
ERROR: test_search_tickets_by_customer_5 (ClassEval_60_0.MovieTicketDBTestSearchTicketsByCustomer.test_search_tickets_by_customer_5)
----------------------------------------------------------------------
Traceback (most recent call last):
  File "/Users/snigdhaghoshdastidar/Desktop/CS540/classeval_evaluation/ClassEval_60_0.py", line 170, in test_search_tickets_by_customer_5
    self.assertEqual(len(tickets), 1)
                     ^^^^^^^^^^^^
TypeError: object of type 'NoneType' has no len()

----------------------------------------------------------------------
Ran 5 tests in 0.004s

FAILED (errors=5)
EEEEE
======================================================================
ERROR: test_delete_ticket_1 (ClassEval_60_0.MovieTicketDBTestDeleteTicket.test_delete_ticket_1)
----------------------------------------------------------------------
Traceback (most recent call last):
  File "/Users/snigdhaghoshdastidar/Desktop/CS540/classeval_evaluation/ClassEval_60_0.py", line 190, in test_delete_ticket_1
    self.assertEqual(len(tickets), 1)
                     ^^^^^^^^^^^^
TypeError: object of type 'NoneType' has no len()

======================================================================
ERROR: test_delete_ticket_2 (ClassEval_60_0.MovieTicketDBTestDeleteTicket.test_delete_ticket_2)
----------------------------------------------------------------------
Traceback (most recent call last):
  File "/Users/snigdhaghoshdastidar/Desktop/CS540/classeval_evaluation/ClassEval_60_0.py", line 199, in test_delete_ticket_2
    self.assertEqual(len(tickets), 1)
                     ^^^^^^^^^^^^
TypeError: object of type 'NoneType' has no len()

======================================================================
ERROR: test_delete_ticket_3 (ClassEval_60_0.MovieTicketDBTestDeleteTicket.test_delete_ticket_3)
----------------------------------------------------------------------
Traceback (most recent call last):
  File "/Users/snigdhaghoshdastidar/Desktop/CS540/classeval_evaluation/ClassEval_60_0.py", line 208, in test_delete_ticket_3
    self.assertEqual(len(tickets), 1)
                     ^^^^^^^^^^^^
TypeError: object of type 'NoneType' has no len()

======================================================================
ERROR: test_delete_ticket_4 (ClassEval_60_0.MovieTicketDBTestDeleteTicket.test_delete_ticket_4)
----------------------------------------------------------------------
Traceback (most recent call last):
  File "/Users/snigdhaghoshdastidar/Desktop/CS540/classeval_evaluation/ClassEval_60_0.py", line 217, in test_delete_ticket_4
    self.assertEqual(len(tickets), 1)
                     ^^^^^^^^^^^^
TypeError: object of type 'NoneType' has no len()

======================================================================
ERROR: test_delete_ticket_5 (ClassEval_60_0.MovieTicketDBTestDeleteTicket.test_delete_ticket_5)
----------------------------------------------------------------------
Traceback (most recent call last):
  File "/Users/snigdhaghoshdastidar/Desktop/CS540/classeval_evaluation/ClassEval_60_0.py", line 226, in test_delete_ticket_5
    self.assertEqual(len(tickets), 1)
                     ^^^^^^^^^^^^
TypeError: object of type 'NoneType' has no len()

----------------------------------------------------------------------
Ran 5 tests in 0.006s

FAILED (errors=5)
E
======================================================================
ERROR: test_MovieTicketDB (ClassEval_60_0.MovieTicketDBTest.test_MovieTicketDB)
----------------------------------------------------------------------
Traceback (most recent call last):
  File "/Users/snigdhaghoshdastidar/Desktop/CS540/classeval_evaluation/ClassEval_60_0.py", line 245, in test_MovieTicketDB
    self.assertEqual(len(tickets), 1)
                     ^^^^^^^^^^^^
TypeError: object of type 'NoneType' has no len()

----------------------------------------------------------------------
Ran 1 test in 0.001s

FAILED (errors=1)
FFFFFFF
======================================================================
FAIL: test_select_1 (ClassEval_80_0.SQLQueryBuilderTestSelect.test_select_1)
----------------------------------------------------------------------
Traceback (most recent call last):
  File "/Users/snigdhaghoshdastidar/Desktop/CS540/classeval_evaluation/ClassEval_80_0.py", line 52, in test_select_1
    self.assertEqual(
AssertionError: None != "SELECT id, name FROM users WHERE age='30'"

======================================================================
FAIL: test_select_2 (ClassEval_80_0.SQLQueryBuilderTestSelect.test_select_2)
----------------------------------------------------------------------
Traceback (most recent call last):
  File "/Users/snigdhaghoshdastidar/Desktop/CS540/classeval_evaluation/ClassEval_80_0.py", line 58, in test_select_2
    self.assertEqual(
AssertionError: None != "SELECT id, name FROM students WHERE age='18'"

======================================================================
FAIL: test_select_3 (ClassEval_80_0.SQLQueryBuilderTestSelect.test_select_3)
----------------------------------------------------------------------
Traceback (most recent call last):
  File "/Users/snigdhaghoshdastidar/Desktop/CS540/classeval_evaluation/ClassEval_80_0.py", line 64, in test_select_3
    self.assertEqual(
AssertionError: None != "SELECT id, name FROM items WHERE price='1.0'"

======================================================================
FAIL: test_select_4 (ClassEval_80_0.SQLQueryBuilderTestSelect.test_select_4)
----------------------------------------------------------------------
Traceback (most recent call last):
  File "/Users/snigdhaghoshdastidar/Desktop/CS540/classeval_evaluation/ClassEval_80_0.py", line 70, in test_select_4
    self.assertEqual(
AssertionError: None != "SELECT id FROM users WHERE age='30'"

======================================================================
FAIL: test_select_5 (ClassEval_80_0.SQLQueryBuilderTestSelect.test_select_5)
----------------------------------------------------------------------
Traceback (most recent call last):
  File "/Users/snigdhaghoshdastidar/Desktop/CS540/classeval_evaluation/ClassEval_80_0.py", line 76, in test_select_5
    self.assertEqual(
AssertionError: None != "SELECT name FROM users WHERE age='30'"

======================================================================
FAIL: test_select_6 (ClassEval_80_0.SQLQueryBuilderTestSelect.test_select_6)
----------------------------------------------------------------------
Traceback (most recent call last):
  File "/Users/snigdhaghoshdastidar/Desktop/CS540/classeval_evaluation/ClassEval_80_0.py", line 82, in test_select_6
    self.assertEqual(
AssertionError: None != 'SELECT name FROM users'

======================================================================
FAIL: test_select_7 (ClassEval_80_0.SQLQueryBuilderTestSelect.test_select_7)
----------------------------------------------------------------------
Traceback (most recent call last):
  File "/Users/snigdhaghoshdastidar/Desktop/CS540/classeval_evaluation/ClassEval_80_0.py", line 88, in test_select_7
    self.assertEqual(
AssertionError: None != 'SELECT * FROM users'

----------------------------------------------------------------------
Ran 7 tests in 0.001s

FAILED (failures=7)
FFFFF
======================================================================
FAIL: test_insert_1 (ClassEval_80_0.SQLQueryBuilderTestInsert.test_insert_1)
----------------------------------------------------------------------
Traceback (most recent call last):
  File "/Users/snigdhaghoshdastidar/Desktop/CS540/classeval_evaluation/ClassEval_80_0.py", line 96, in test_insert_1
    self.assertEqual(
AssertionError: None != "INSERT INTO users (name, age) VALUES ('Tom', '30')"

======================================================================
FAIL: test_insert_2 (ClassEval_80_0.SQLQueryBuilderTestInsert.test_insert_2)
----------------------------------------------------------------------
Traceback (most recent call last):
  File "/Users/snigdhaghoshdastidar/Desktop/CS540/classeval_evaluation/ClassEval_80_0.py", line 102, in test_insert_2
    self.assertEqual(
AssertionError: None != "INSERT INTO students (name, age) VALUES ('Tom', '18')"

======================================================================
FAIL: test_insert_3 (ClassEval_80_0.SQLQueryBuilderTestInsert.test_insert_3)
----------------------------------------------------------------------
Traceback (most recent call last):
  File "/Users/snigdhaghoshdastidar/Desktop/CS540/classeval_evaluation/ClassEval_80_0.py", line 108, in test_insert_3
    self.assertEqual(
AssertionError: None != "INSERT INTO items (name, price) VALUES ('apple', '1.0')"

======================================================================
FAIL: test_insert_4 (ClassEval_80_0.SQLQueryBuilderTestInsert.test_insert_4)
----------------------------------------------------------------------
Traceback (most recent call last):
  File "/Users/snigdhaghoshdastidar/Desktop/CS540/classeval_evaluation/ClassEval_80_0.py", line 114, in test_insert_4
    self.assertEqual(
AssertionError: None != "INSERT INTO users (name) VALUES ('Tom')"

======================================================================
FAIL: test_insert_5 (ClassEval_80_0.SQLQueryBuilderTestInsert.test_insert_5)
----------------------------------------------------------------------
Traceback (most recent call last):
  File "/Users/snigdhaghoshdastidar/Desktop/CS540/classeval_evaluation/ClassEval_80_0.py", line 120, in test_insert_5
    self.assertEqual(
AssertionError: None != "INSERT INTO users (name, age, region) VALUES ('Tom', '30', 'USA')"

----------------------------------------------------------------------
Ran 5 tests in 0.001s

FAILED (failures=5)
FFFFFF
======================================================================
FAIL: test_delete_1 (ClassEval_80_0.SQLQueryBuilderTestDetele.test_delete_1)
----------------------------------------------------------------------
Traceback (most recent call last):
  File "/Users/snigdhaghoshdastidar/Desktop/CS540/classeval_evaluation/ClassEval_80_0.py", line 128, in test_delete_1
    self.assertEqual(
AssertionError: None != "DELETE FROM users WHERE name='Tom'"

======================================================================
FAIL: test_delete_2 (ClassEval_80_0.SQLQueryBuilderTestDetele.test_delete_2)
----------------------------------------------------------------------
Traceback (most recent call last):
  File "/Users/snigdhaghoshdastidar/Desktop/CS540/classeval_evaluation/ClassEval_80_0.py", line 134, in test_delete_2
    self.assertEqual(
AssertionError: None != "DELETE FROM students WHERE name='Tom'"

======================================================================
FAIL: test_delete_3 (ClassEval_80_0.SQLQueryBuilderTestDetele.test_delete_3)
----------------------------------------------------------------------
Traceback (most recent call last):
  File "/Users/snigdhaghoshdastidar/Desktop/CS540/classeval_evaluation/ClassEval_80_0.py", line 140, in test_delete_3
    self.assertEqual(
AssertionError: None != "DELETE FROM items WHERE name='apple'"

======================================================================
FAIL: test_delete_4 (ClassEval_80_0.SQLQueryBuilderTestDetele.test_delete_4)
----------------------------------------------------------------------
Traceback (most recent call last):
  File "/Users/snigdhaghoshdastidar/Desktop/CS540/classeval_evaluation/ClassEval_80_0.py", line 146, in test_delete_4
    self.assertEqual(
AssertionError: None != "DELETE FROM items WHERE name='aaa'"

======================================================================
FAIL: test_delete_5 (ClassEval_80_0.SQLQueryBuilderTestDetele.test_delete_5)
----------------------------------------------------------------------
Traceback (most recent call last):
  File "/Users/snigdhaghoshdastidar/Desktop/CS540/classeval_evaluation/ClassEval_80_0.py", line 152, in test_delete_5
    self.assertEqual(
AssertionError: None != "DELETE FROM items WHERE name='bbb'"

======================================================================
FAIL: test_delete_6 (ClassEval_80_0.SQLQueryBuilderTestDetele.test_delete_6)
----------------------------------------------------------------------
Traceback (most recent call last):
  File "/Users/snigdhaghoshdastidar/Desktop/CS540/classeval_evaluation/ClassEval_80_0.py", line 158, in test_delete_6
    self.assertEqual(
AssertionError: None != 'DELETE FROM items'

----------------------------------------------------------------------
Ran 6 tests in 0.001s

FAILED (failures=6)
FFFFFF
======================================================================
FAIL: test_update_1 (ClassEval_80_0.SQLQueryBuilderTestUpdate.test_update_1)
----------------------------------------------------------------------
Traceback (most recent call last):
  File "/Users/snigdhaghoshdastidar/Desktop/CS540/classeval_evaluation/ClassEval_80_0.py", line 166, in test_update_1
    self.assertEqual(
AssertionError: None != "UPDATE users SET age='35' WHERE name='Tom'"

======================================================================
FAIL: test_update_2 (ClassEval_80_0.SQLQueryBuilderTestUpdate.test_update_2)
----------------------------------------------------------------------
Traceback (most recent call last):
  File "/Users/snigdhaghoshdastidar/Desktop/CS540/classeval_evaluation/ClassEval_80_0.py", line 172, in test_update_2
    self.assertEqual(
AssertionError: None != "UPDATE students SET age='18' WHERE name='Tom'"

======================================================================
FAIL: test_update_3 (ClassEval_80_0.SQLQueryBuilderTestUpdate.test_update_3)
----------------------------------------------------------------------
Traceback (most recent call last):
  File "/Users/snigdhaghoshdastidar/Desktop/CS540/classeval_evaluation/ClassEval_80_0.py", line 178, in test_update_3
    self.assertEqual(
AssertionError: None != "UPDATE items SET price='1.0' WHERE name='apple'"

======================================================================
FAIL: test_update_4 (ClassEval_80_0.SQLQueryBuilderTestUpdate.test_update_4)
----------------------------------------------------------------------
Traceback (most recent call last):
  File "/Users/snigdhaghoshdastidar/Desktop/CS540/classeval_evaluation/ClassEval_80_0.py", line 184, in test_update_4
    self.assertEqual(
AssertionError: None != "UPDATE items SET price='1.0' WHERE name='aaa'"

======================================================================
FAIL: test_update_5 (ClassEval_80_0.SQLQueryBuilderTestUpdate.test_update_5)
----------------------------------------------------------------------
Traceback (most recent call last):
  File "/Users/snigdhaghoshdastidar/Desktop/CS540/classeval_evaluation/ClassEval_80_0.py", line 190, in test_update_5
    self.assertEqual(
AssertionError: None != "UPDATE items SET price='1.0' WHERE name='bbb'"

======================================================================
FAIL: test_update_6 (ClassEval_80_0.SQLQueryBuilderTestUpdate.test_update_6)
----------------------------------------------------------------------
Traceback (most recent call last):
  File "/Users/snigdhaghoshdastidar/Desktop/CS540/classeval_evaluation/ClassEval_80_0.py", line 196, in test_update_6
    self.assertEqual(
AssertionError: None != "UPDATE items SET price='1.0'"

----------------------------------------------------------------------
Ran 6 tests in 0.001s

FAILED (failures=6)
F
======================================================================
FAIL: test_main (ClassEval_80_0.SQLQueryBuilderTestMain.test_main)
----------------------------------------------------------------------
Traceback (most recent call last):
  File "/Users/snigdhaghoshdastidar/Desktop/CS540/classeval_evaluation/ClassEval_80_0.py", line 204, in test_main
    self.assertEqual(
AssertionError: None != "SELECT id, name FROM users WHERE age='30'"

----------------------------------------------------------------------
Ran 1 test in 0.000s

FAILED (failures=1)
FFFFF
======================================================================
FAIL: test_insert_user_1 (ClassEval_92_0.UserLoginDBTestInsertUser.test_insert_user_1)
----------------------------------------------------------------------
Traceback (most recent call last):
  File "/Users/snigdhaghoshdastidar/Desktop/CS540/classeval_evaluation/ClassEval_92_0.py", line 109, in test_insert_user_1
    self.assertIsNotNone(user)
AssertionError: unexpectedly None

======================================================================
FAIL: test_insert_user_2 (ClassEval_92_0.UserLoginDBTestInsertUser.test_insert_user_2)
----------------------------------------------------------------------
Traceback (most recent call last):
  File "/Users/snigdhaghoshdastidar/Desktop/CS540/classeval_evaluation/ClassEval_92_0.py", line 116, in test_insert_user_2
    self.assertIsNotNone(user)
AssertionError: unexpectedly None

======================================================================
FAIL: test_insert_user_3 (ClassEval_92_0.UserLoginDBTestInsertUser.test_insert_user_3)
----------------------------------------------------------------------
Traceback (most recent call last):
  File "/Users/snigdhaghoshdastidar/Desktop/CS540/classeval_evaluation/ClassEval_92_0.py", line 123, in test_insert_user_3
    self.assertIsNotNone(user)
AssertionError: unexpectedly None

======================================================================
FAIL: test_insert_user_4 (ClassEval_92_0.UserLoginDBTestInsertUser.test_insert_user_4)
----------------------------------------------------------------------
Traceback (most recent call last):
  File "/Users/snigdhaghoshdastidar/Desktop/CS540/classeval_evaluation/ClassEval_92_0.py", line 130, in test_insert_user_4
    self.assertIsNotNone(user)
AssertionError: unexpectedly None

======================================================================
FAIL: test_insert_user_5 (ClassEval_92_0.UserLoginDBTestInsertUser.test_insert_user_5)
----------------------------------------------------------------------
Traceback (most recent call last):
  File "/Users/snigdhaghoshdastidar/Desktop/CS540/classeval_evaluation/ClassEval_92_0.py", line 137, in test_insert_user_5
    self.assertIsNotNone(user)
AssertionError: unexpectedly None

----------------------------------------------------------------------
Ran 5 tests in 0.011s

FAILED (failures=5)
FFFFF
======================================================================
FAIL: test_search_user_by_username_1 (ClassEval_92_0.UserLoginDBTestSearchUserByUsername.test_search_user_by_username_1)
----------------------------------------------------------------------
Traceback (most recent call last):
  File "/Users/snigdhaghoshdastidar/Desktop/CS540/classeval_evaluation/ClassEval_92_0.py", line 166, in test_search_user_by_username_1
    self.assertIsNotNone(user)
AssertionError: unexpectedly None

======================================================================
FAIL: test_search_user_by_username_2 (ClassEval_92_0.UserLoginDBTestSearchUserByUsername.test_search_user_by_username_2)
----------------------------------------------------------------------
Traceback (most recent call last):
  File "/Users/snigdhaghoshdastidar/Desktop/CS540/classeval_evaluation/ClassEval_92_0.py", line 173, in test_search_user_by_username_2
    self.assertIsNotNone(user)
AssertionError: unexpectedly None

======================================================================
FAIL: test_search_user_by_username_3 (ClassEval_92_0.UserLoginDBTestSearchUserByUsername.test_search_user_by_username_3)
----------------------------------------------------------------------
Traceback (most recent call last):
  File "/Users/snigdhaghoshdastidar/Desktop/CS540/classeval_evaluation/ClassEval_92_0.py", line 180, in test_search_user_by_username_3
    self.assertIsNotNone(user)
AssertionError: unexpectedly None

======================================================================
FAIL: test_search_user_by_username_4 (ClassEval_92_0.UserLoginDBTestSearchUserByUsername.test_search_user_by_username_4)
----------------------------------------------------------------------
Traceback (most recent call last):
  File "/Users/snigdhaghoshdastidar/Desktop/CS540/classeval_evaluation/ClassEval_92_0.py", line 187, in test_search_user_by_username_4
    self.assertIsNotNone(user)
AssertionError: unexpectedly None

======================================================================
FAIL: test_search_user_by_username_5 (ClassEval_92_0.UserLoginDBTestSearchUserByUsername.test_search_user_by_username_5)
----------------------------------------------------------------------
Traceback (most recent call last):
  File "/Users/snigdhaghoshdastidar/Desktop/CS540/classeval_evaluation/ClassEval_92_0.py", line 194, in test_search_user_by_username_5
    self.assertIsNotNone(user)
AssertionError: unexpectedly None

----------------------------------------------------------------------
Ran 5 tests in 0.010s

FAILED (failures=5)
.....
----------------------------------------------------------------------
Ran 5 tests in 0.009s

OK
F..FF
======================================================================
FAIL: test_validate_user_login_1 (ClassEval_92_0.UserLoginDBTestValidateUserLogin.test_validate_user_login_1)
----------------------------------------------------------------------
Traceback (most recent call last):
  File "/Users/snigdhaghoshdastidar/Desktop/CS540/classeval_evaluation/ClassEval_92_0.py", line 275, in test_validate_user_login_1
    self.assertTrue(valid)
AssertionError: None is not true

======================================================================
FAIL: test_validate_user_login_4 (ClassEval_92_0.UserLoginDBTestValidateUserLogin.test_validate_user_login_4)
----------------------------------------------------------------------
Traceback (most recent call last):
  File "/Users/snigdhaghoshdastidar/Desktop/CS540/classeval_evaluation/ClassEval_92_0.py", line 289, in test_validate_user_login_4
    self.assertTrue(valid)
AssertionError: None is not true

======================================================================
FAIL: test_validate_user_login_5 (ClassEval_92_0.UserLoginDBTestValidateUserLogin.test_validate_user_login_5)
----------------------------------------------------------------------
Traceback (most recent call last):
  File "/Users/snigdhaghoshdastidar/Desktop/CS540/classeval_evaluation/ClassEval_92_0.py", line 294, in test_validate_user_login_5
    self.assertTrue(valid)
AssertionError: None is not true

----------------------------------------------------------------------
Ran 5 tests in 0.009s

FAILED (failures=3)
F
======================================================================
FAIL: test_UserLoginDB (ClassEval_92_0.UserLoginDBTest.test_UserLoginDB)
----------------------------------------------------------------------
Traceback (most recent call last):
  File "/Users/snigdhaghoshdastidar/Desktop/CS540/classeval_evaluation/ClassEval_92_0.py", line 321, in test_UserLoginDB
    self.assertIsNotNone(user)
AssertionError: unexpectedly None

----------------------------------------------------------------------
Ran 1 test in 0.002s

FAILED (failures=1)
